[ 2019-10-25T21:04:39+08:00 ] 127.0.0.1 /attendance_system/tp/Index.php/Home/Login/index
INFO: [ app_init ] --START--
INFO: Run Behavior\BuildLiteBehavior [ RunTime:0.000107s ]
INFO: [ app_init ] --END-- [ RunTime:0.099621s ]
INFO: [ app_begin ] --START--
INFO: Run Behavior\ReadHtmlCacheBehavior [ RunTime:0.011462s ]
INFO: [ app_begin ] --END-- [ RunTime:0.011636s ]
SQL: SHOW COLUMNS FROM `kq_student` [ RunTime:2.0334s ]
SQL: SELECT * FROM `kq_student` WHERE ( student_id = "201730622101" and student_name = "一号" ) LIMIT 1   [ RunTime:0.1869s ]

[ 2019-10-25T21:04:54+08:00 ] 127.0.0.1 /attendance_system/tp/Index.php/Home/GoInClass/grade
INFO: [ app_init ] --START--
INFO: Run Behavior\BuildLiteBehavior [ RunTime:0.000020s ]
INFO: [ app_init ] --END-- [ RunTime:0.001303s ]
INFO: [ app_begin ] --START--
INFO: Run Behavior\ReadHtmlCacheBehavior [ RunTime:0.005343s ]
INFO: [ app_begin ] --END-- [ RunTime:0.005427s ]
SQL: SHOW COLUMNS FROM `kq_student` [ RunTime:0.1024s ]
SQL: SELECT kq_majoy_plan.grade FROM `kq_student` INNER JOIN kq_class on kq_student.class_fk = kq_class.id INNER JOIN kq_majoy_plan on kq_class.majoy_plan_fk = kq_majoy_plan.id  WHERE ( kq_student.student_id = "201730622101" )  [ RunTime:0.2278s ]

[ 2019-10-25T21:04:55+08:00 ] 127.0.0.1 /attendance_system/tp/Index.php/Home/GoInClass/grade
INFO: [ app_init ] --START--
INFO: Run Behavior\BuildLiteBehavior [ RunTime:0.000037s ]
INFO: [ app_init ] --END-- [ RunTime:0.001671s ]
INFO: [ app_begin ] --START--
INFO: Run Behavior\ReadHtmlCacheBehavior [ RunTime:0.008425s ]
INFO: [ app_begin ] --END-- [ RunTime:0.008549s ]
SQL: SHOW COLUMNS FROM `kq_student` [ RunTime:0.0887s ]
SQL: SELECT kq_majoy_plan.grade FROM `kq_student` INNER JOIN kq_class on kq_student.class_fk = kq_class.id INNER JOIN kq_majoy_plan on kq_class.majoy_plan_fk = kq_majoy_plan.id  WHERE ( kq_student.student_id = "201730622101" )  [ RunTime:0.0468s ]

[ 2019-10-25T21:04:56+08:00 ] 127.0.0.1 /attendance_system/tp/Index.php/Home/GoInClass/grade
INFO: [ app_init ] --START--
INFO: Run Behavior\BuildLiteBehavior [ RunTime:0.000025s ]
INFO: [ app_init ] --END-- [ RunTime:0.001586s ]
INFO: [ app_begin ] --START--
INFO: Run Behavior\ReadHtmlCacheBehavior [ RunTime:0.006862s ]
INFO: [ app_begin ] --END-- [ RunTime:0.006972s ]
SQL: SHOW COLUMNS FROM `kq_student` [ RunTime:0.0480s ]
SQL: SELECT kq_majoy_plan.grade FROM `kq_student` INNER JOIN kq_class on kq_student.class_fk = kq_class.id INNER JOIN kq_majoy_plan on kq_class.majoy_plan_fk = kq_majoy_plan.id  WHERE ( kq_student.student_id = "201730622101" )  [ RunTime:0.0133s ]

[ 2019-10-25T21:04:56+08:00 ] 127.0.0.1 /attendance_system/tp/Index.php/Home/GoInClass/index
INFO: [ app_init ] --START--
INFO: Run Behavior\BuildLiteBehavior [ RunTime:0.000027s ]
INFO: [ app_init ] --END-- [ RunTime:0.001728s ]
INFO: [ app_begin ] --START--
INFO: Run Behavior\ReadHtmlCacheBehavior [ RunTime:0.005712s ]
INFO: [ app_begin ] --END-- [ RunTime:0.005805s ]
SQL: SHOW COLUMNS FROM `kq_student` [ RunTime:0.0268s ]
SQL: SELECT `class_fk` FROM `kq_student` WHERE ( student_id="201730622101" ) LIMIT 1   [ RunTime:0.0014s ]
SQL: SHOW COLUMNS FROM `kq_class` [ RunTime:0.0152s ]
SQL: SELECT `majoy_plan_fk` FROM `kq_class` WHERE ( id="1" ) LIMIT 1   [ RunTime:0.0223s ]
SQL: SHOW COLUMNS FROM `kq_course_plan` [ RunTime:0.0351s ]
SQL: SELECT `id` FROM `kq_course_plan` WHERE ( majoy_plan_fk="1" and term = "5" ) LIMIT 1   [ RunTime:0.0403s ]
SQL: SHOW COLUMNS FROM `kq_time` [ RunTime:0.0294s ]
SQL: SELECT * FROM `kq_time` WHERE ( week_number="9" and week = "星期五" and course_plan_fk ="1" ) ORDER BY what asc  [ RunTime:0.0703s ]

[ 2019-10-25T22:02:41+08:00 ] 127.0.0.1 /attendance_system/tp/Index.php/Home/Login/index
INFO: [ app_init ] --START--
INFO: Run Behavior\BuildLiteBehavior [ RunTime:0.000095s ]
INFO: [ app_init ] --END-- [ RunTime:0.137053s ]
INFO: [ app_begin ] --START--
INFO: Run Behavior\ReadHtmlCacheBehavior [ RunTime:0.006525s ]
INFO: [ app_begin ] --END-- [ RunTime:0.006634s ]
SQL: SHOW COLUMNS FROM `kq_student` [ RunTime:0.9427s ]
SQL: SELECT * FROM `kq_student` WHERE ( student_id = "201730622101" and student_name = "一号" ) LIMIT 1   [ RunTime:0.1893s ]

[ 2019-10-25T22:03:29+08:00 ] 127.0.0.1 /attendance_system/tp/Index.php/Home/GoInClass/grade
INFO: [ app_init ] --START--
INFO: Run Behavior\BuildLiteBehavior [ RunTime:0.000018s ]
INFO: [ app_init ] --END-- [ RunTime:0.001230s ]
INFO: [ app_begin ] --START--
INFO: Run Behavior\ReadHtmlCacheBehavior [ RunTime:0.006590s ]
INFO: [ app_begin ] --END-- [ RunTime:0.006689s ]
SQL: SHOW COLUMNS FROM `kq_student` [ RunTime:0.1322s ]
SQL: SELECT kq_majoy_plan.grade FROM `kq_student` INNER JOIN kq_class on kq_student.class_fk = kq_class.id INNER JOIN kq_majoy_plan on kq_class.majoy_plan_fk = kq_majoy_plan.id  WHERE ( kq_student.student_id = "201730622101" )  [ RunTime:0.1303s ]

[ 2019-10-25T22:04:01+08:00 ] 127.0.0.1 /attendance_system/tp/Index.php/Home/Login/index
INFO: [ app_init ] --START--
INFO: Run Behavior\BuildLiteBehavior [ RunTime:0.000013s ]
INFO: [ app_init ] --END-- [ RunTime:0.000783s ]
INFO: [ app_begin ] --START--
INFO: Run Behavior\ReadHtmlCacheBehavior [ RunTime:0.003212s ]
INFO: [ app_begin ] --END-- [ RunTime:0.003268s ]
SQL: SHOW COLUMNS FROM `kq_student` [ RunTime:0.4570s ]
SQL: SELECT * FROM `kq_student` WHERE ( student_id = "201730622101" and student_name = "一号" ) LIMIT 1   [ RunTime:0.0085s ]

[ 2019-10-25T22:04:03+08:00 ] 127.0.0.1 /attendance_system/tp/Index.php/Home/GoInClass/grade
INFO: [ app_init ] --START--
INFO: Run Behavior\BuildLiteBehavior [ RunTime:0.000012s ]
INFO: [ app_init ] --END-- [ RunTime:0.000751s ]
INFO: [ app_begin ] --START--
INFO: Run Behavior\ReadHtmlCacheBehavior [ RunTime:0.003106s ]
INFO: [ app_begin ] --END-- [ RunTime:0.003157s ]
SQL: SHOW COLUMNS FROM `kq_student` [ RunTime:0.0269s ]
SQL: SELECT kq_majoy_plan.grade FROM `kq_student` INNER JOIN kq_class on kq_student.class_fk = kq_class.id INNER JOIN kq_majoy_plan on kq_class.majoy_plan_fk = kq_majoy_plan.id  WHERE ( kq_student.student_id = "201730622101" )  [ RunTime:0.0768s ]

[ 2019-10-25T22:04:04+08:00 ] 127.0.0.1 /attendance_system/tp/Index.php/Home/GoInClass/index
INFO: [ app_init ] --START--
INFO: Run Behavior\BuildLiteBehavior [ RunTime:0.000021s ]
INFO: [ app_init ] --END-- [ RunTime:0.001424s ]
INFO: [ app_begin ] --START--
INFO: Run Behavior\ReadHtmlCacheBehavior [ RunTime:0.007015s ]
INFO: [ app_begin ] --END-- [ RunTime:0.007122s ]
SQL: SHOW COLUMNS FROM `kq_student` [ RunTime:0.0843s ]
SQL: SELECT `class_fk` FROM `kq_student` WHERE ( student_id="201730622101" ) LIMIT 1   [ RunTime:0.0013s ]
SQL: SHOW COLUMNS FROM `kq_class` [ RunTime:0.0399s ]
SQL: SELECT `majoy_plan_fk` FROM `kq_class` WHERE ( id="1" ) LIMIT 1   [ RunTime:0.0417s ]
SQL: SHOW COLUMNS FROM `kq_course_plan` [ RunTime:0.0158s ]
SQL: SELECT `id` FROM `kq_course_plan` WHERE ( majoy_plan_fk="1" and term = "5" ) LIMIT 1   [ RunTime:0.0248s ]
SQL: SHOW COLUMNS FROM `kq_time` [ RunTime:0.0251s ]
SQL: SELECT * FROM `kq_time` WHERE ( week_number="9" and week = "星期五" and course_plan_fk ="1" ) ORDER BY what asc  [ RunTime:0.0852s ]

