[ 2019-10-16T13:00:41+08:00 ] 127.0.0.1 /attendance_system/tp/Index.php/Home/Login/index
INFO: [ app_init ] --START--
INFO: Run Behavior\BuildLiteBehavior [ RunTime:0.000071s ]
INFO: [ app_init ] --END-- [ RunTime:0.110683s ]
INFO: [ app_begin ] --START--
INFO: Run Behavior\ReadHtmlCacheBehavior [ RunTime:0.076753s ]
INFO: [ app_begin ] --END-- [ RunTime:0.076946s ]
SQL: SHOW COLUMNS FROM `kq_student` [ RunTime:6.1917s ]
SQL: SELECT * FROM `kq_student` WHERE ( student_id = "" and student_name = "" ) LIMIT 1   [ RunTime:0.4425s ]

[ 2019-10-16T13:24:03+08:00 ] 127.0.0.1 /attendance_system/tp/Index.php/Home/Login/index
INFO: [ app_init ] --START--
INFO: Run Behavior\BuildLiteBehavior [ RunTime:0.000025s ]
INFO: [ app_init ] --END-- [ RunTime:0.010904s ]
INFO: [ app_begin ] --START--
INFO: Run Behavior\ReadHtmlCacheBehavior [ RunTime:0.009060s ]
INFO: [ app_begin ] --END-- [ RunTime:0.009172s ]
SQL: SHOW COLUMNS FROM `kq_student` [ RunTime:0.6230s ]
SQL: SELECT * FROM `kq_student` WHERE ( student_id = "" and student_name = "" ) LIMIT 1   [ RunTime:0.1287s ]

[ 2019-10-16T15:13:06+08:00 ] 127.0.0.1 /attendance_system/tp/Index.php/Home/Login/index
INFO: [ app_init ] --START--
INFO: Run Behavior\BuildLiteBehavior [ RunTime:0.000042s ]
INFO: [ app_init ] --END-- [ RunTime:0.027186s ]
INFO: [ app_begin ] --START--
INFO: Run Behavior\ReadHtmlCacheBehavior [ RunTime:0.006481s ]
INFO: [ app_begin ] --END-- [ RunTime:0.006704s ]
SQL: SHOW COLUMNS FROM `kq_student` [ RunTime:0.8547s ]
SQL: SELECT * FROM `kq_student` WHERE ( student_id = "1" and student_name = "1" ) LIMIT 1   [ RunTime:0.1353s ]

[ 2019-10-16T15:17:40+08:00 ] 127.0.0.1 /attendance_system/tp/Index.php/Home/Login/index
INFO: [ app_init ] --START--
INFO: Run Behavior\BuildLiteBehavior [ RunTime:0.000022s ]
INFO: [ app_init ] --END-- [ RunTime:0.027987s ]
INFO: [ app_begin ] --START--
INFO: Run Behavior\ReadHtmlCacheBehavior [ RunTime:0.003379s ]
INFO: [ app_begin ] --END-- [ RunTime:0.003465s ]
SQL: SHOW COLUMNS FROM `kq_student` [ RunTime:0.3918s ]
SQL: SELECT * FROM `kq_student` WHERE ( student_id = "1" and student_name = "1" ) LIMIT 1   [ RunTime:0.0314s ]

[ 2019-10-16T15:38:59+08:00 ] 127.0.0.1 /attendance_system/tp/Index.php/Home/Login/index
INFO: [ app_init ] --START--
INFO: Run Behavior\BuildLiteBehavior [ RunTime:0.000013s ]
INFO: [ app_init ] --END-- [ RunTime:0.001524s ]
INFO: [ app_begin ] --START--
INFO: Run Behavior\ReadHtmlCacheBehavior [ RunTime:0.003242s ]
INFO: [ app_begin ] --END-- [ RunTime:0.003299s ]
SQL: SHOW COLUMNS FROM `kq_student` [ RunTime:0.1342s ]
SQL: SELECT * FROM `kq_student` WHERE ( student_id = "201730622101" and student_name = "一号" ) LIMIT 1   [ RunTime:0.0020s ]

[ 2019-10-16T15:45:58+08:00 ] 127.0.0.1 /attendance_system/tp/Index.php/Home/Login/index
INFO: [ app_init ] --START--
INFO: Run Behavior\BuildLiteBehavior [ RunTime:0.000017s ]
INFO: [ app_init ] --END-- [ RunTime:0.011341s ]
INFO: [ app_begin ] --START--
INFO: Run Behavior\ReadHtmlCacheBehavior [ RunTime:0.004336s ]
INFO: [ app_begin ] --END-- [ RunTime:0.004433s ]
SQL: SHOW COLUMNS FROM `kq_student` [ RunTime:0.1249s ]
SQL: SELECT * FROM `kq_student` WHERE ( student_id = "12" and student_name = "12" ) LIMIT 1   [ RunTime:0.0290s ]

[ 2019-10-16T15:48:33+08:00 ] 127.0.0.1 /attendance_system/tp/Index.php/Home/Login/index
INFO: [ app_init ] --START--
INFO: Run Behavior\BuildLiteBehavior [ RunTime:0.000013s ]
INFO: [ app_init ] --END-- [ RunTime:0.000831s ]
INFO: [ app_begin ] --START--
INFO: Run Behavior\ReadHtmlCacheBehavior [ RunTime:0.003252s ]
INFO: [ app_begin ] --END-- [ RunTime:0.003308s ]
SQL: SHOW COLUMNS FROM `kq_student` [ RunTime:0.0340s ]
SQL: SELECT * FROM `kq_student` WHERE ( student_id = "201730622101" and student_name = "一号" ) LIMIT 1   [ RunTime:0.0007s ]

[ 2019-10-16T15:48:52+08:00 ] 127.0.0.1 /attendance_system/tp/Index.php/Home/Login/index
INFO: [ app_init ] --START--
INFO: Run Behavior\BuildLiteBehavior [ RunTime:0.000013s ]
INFO: [ app_init ] --END-- [ RunTime:0.000733s ]
INFO: [ app_begin ] --START--
INFO: Run Behavior\ReadHtmlCacheBehavior [ RunTime:0.003183s ]
INFO: [ app_begin ] --END-- [ RunTime:0.003242s ]
SQL: SHOW COLUMNS FROM `kq_student` [ RunTime:0.0477s ]
SQL: SELECT * FROM `kq_student` WHERE ( student_id = "201730622101" and student_name = "一号" ) LIMIT 1   [ RunTime:0.0005s ]

