[ 2019-10-05T08:55:26+08:00 ] 127.0.0.1 /attendance_system/tp/Index.php/Home/Login/index
INFO: [ app_init ] --START--
INFO: Run Behavior\BuildLiteBehavior [ RunTime:0.000123s ]
INFO: [ app_init ] --END-- [ RunTime:0.071945s ]
INFO: [ app_begin ] --START--
INFO: Run Behavior\ReadHtmlCacheBehavior [ RunTime:0.014178s ]
INFO: [ app_begin ] --END-- [ RunTime:0.014342s ]
SQL: SHOW COLUMNS FROM `kq_student` [ RunTime:1.0752s ]
SQL: SELECT * FROM `kq_student` WHERE ( student_id = "201730622101" and student_name = "一号" ) LIMIT 1   [ RunTime:0.1889s ]

[ 2019-10-05T08:55:32+08:00 ] 127.0.0.1 /attendance_system/tp/Index.php/Home/GoInClass/index
INFO: [ app_init ] --START--
INFO: Run Behavior\BuildLiteBehavior [ RunTime:0.000021s ]
INFO: [ app_init ] --END-- [ RunTime:0.001117s ]
INFO: [ app_begin ] --START--
INFO: Run Behavior\ReadHtmlCacheBehavior [ RunTime:0.005129s ]
INFO: [ app_begin ] --END-- [ RunTime:0.005220s ]
SQL: SHOW COLUMNS FROM `kq_student` [ RunTime:0.0189s ]
SQL: SELECT `class_fk` FROM `kq_student` WHERE ( student_id="201730622101" ) LIMIT 1   [ RunTime:0.0006s ]
SQL: SHOW COLUMNS FROM `kq_class` [ RunTime:0.0918s ]
SQL: SELECT `majoy_plan_fk` FROM `kq_class` WHERE ( id="1" ) LIMIT 1   [ RunTime:0.0346s ]
SQL: SHOW COLUMNS FROM `kq_course_plan` [ RunTime:0.0340s ]
SQL: SELECT `id` FROM `kq_course_plan` WHERE ( majoy_plan_fk="1" and term = "5" ) LIMIT 1   [ RunTime:0.0840s ]
SQL: SHOW COLUMNS FROM `kq_time` [ RunTime:0.0267s ]
SQL: SELECT * FROM `kq_time` WHERE ( week_number="6" and week = "星期六" and course_plan_fk ="1" ) ORDER BY what asc  [ RunTime:0.1487s ]

[ 2019-10-05T08:55:42+08:00 ] 127.0.0.1 /attendance_system/tp/Index.php/Home/Attendance/index
INFO: [ app_init ] --START--
INFO: Run Behavior\BuildLiteBehavior [ RunTime:0.000036s ]
INFO: [ app_init ] --END-- [ RunTime:0.012237s ]
INFO: [ app_begin ] --START--
INFO: Run Behavior\ReadHtmlCacheBehavior [ RunTime:0.007835s ]
INFO: [ app_begin ] --END-- [ RunTime:0.007988s ]
SQL: SHOW COLUMNS FROM `kq_student` [ RunTime:0.0517s ]
SQL: SELECT `class_fk` FROM `kq_student` WHERE ( student_id="201730622101" ) LIMIT 1   [ RunTime:0.0191s ]
SQL: SHOW COLUMNS FROM `kq_time` [ RunTime:0.0153s ]
SQL: SELECT `id` FROM `kq_time` WHERE ( week_number= "6" and week = "星期六" and what = "一"   and course_plan_fk = "1" ) LIMIT 1   [ RunTime:0.0013s ]
SQL: SHOW COLUMNS FROM `kq_attendance` [ RunTime:0.4432s ]
SQL: INSERT INTO `kq_attendance` (`student_fk`,`time_fk`,`status`) VALUES ('1','10','旷课') [ RunTime:0.8963s ]

[ 2019-10-05T08:57:15+08:00 ] 127.0.0.1 /attendance_system/tp/Index.php/Home/Attendance/index
INFO: [ app_init ] --START--
INFO: Run Behavior\BuildLiteBehavior [ RunTime:0.000024s ]
INFO: [ app_init ] --END-- [ RunTime:0.001375s ]
INFO: [ app_begin ] --START--
INFO: Run Behavior\ReadHtmlCacheBehavior [ RunTime:0.005892s ]
INFO: [ app_begin ] --END-- [ RunTime:0.006084s ]
SQL: SHOW COLUMNS FROM `kq_student` [ RunTime:0.0278s ]
SQL: SELECT `class_fk` FROM `kq_student` WHERE ( student_id="201730622101" ) LIMIT 1   [ RunTime:0.0012s ]
SQL: SHOW COLUMNS FROM `kq_time` [ RunTime:0.0017s ]
SQL: SELECT `id` FROM `kq_time` WHERE ( week_number= "6" and week = "星期六" and what = "一"   and course_plan_fk = "1" ) LIMIT 1   [ RunTime:0.0019s ]
SQL: SHOW COLUMNS FROM `kq_attendance` [ RunTime:0.0202s ]
SQL: INSERT INTO `kq_attendance` (`student_fk`,`time_fk`,`status`) VALUES ('1','10','旷课') [ RunTime:0.0917s ]

[ 2019-10-05T08:58:20+08:00 ] 127.0.0.1 /attendance_system/tp/Index.php/Home/Attendance/index
INFO: [ app_init ] --START--
INFO: Run Behavior\BuildLiteBehavior [ RunTime:0.000028s ]
INFO: [ app_init ] --END-- [ RunTime:0.001694s ]
INFO: [ app_begin ] --START--
INFO: Run Behavior\ReadHtmlCacheBehavior [ RunTime:0.006882s ]
INFO: [ app_begin ] --END-- [ RunTime:0.007020s ]
SQL: SHOW COLUMNS FROM `kq_student` [ RunTime:0.0654s ]
SQL: SELECT `class_fk` FROM `kq_student` WHERE ( student_id="201730622101" ) LIMIT 1   [ RunTime:0.0615s ]
SQL: SHOW COLUMNS FROM `kq_time` [ RunTime:0.0009s ]
SQL: SELECT `id` FROM `kq_time` WHERE ( week_number= "6" and week = "星期六" and what = "一"   and course_plan_fk = "1" ) LIMIT 1   [ RunTime:0.0214s ]
SQL: SHOW COLUMNS FROM `kq_attendance` [ RunTime:0.0011s ]
SQL: INSERT INTO `kq_attendance` (`student_fk`,`time_fk`,`status`) VALUES ('1','10','旷课') [ RunTime:0.1050s ]

[ 2019-10-05T08:58:26+08:00 ] 127.0.0.1 /attendance_system/tp/Index.php/Home/Attendance/index
INFO: [ app_init ] --START--
INFO: Run Behavior\BuildLiteBehavior [ RunTime:0.000022s ]
INFO: [ app_init ] --END-- [ RunTime:0.001241s ]
INFO: [ app_begin ] --START--
INFO: Run Behavior\ReadHtmlCacheBehavior [ RunTime:0.006117s ]
INFO: [ app_begin ] --END-- [ RunTime:0.006233s ]
SQL: SHOW COLUMNS FROM `kq_student` [ RunTime:0.0016s ]
SQL: SELECT `class_fk` FROM `kq_student` WHERE ( student_id="201730622101" ) LIMIT 1   [ RunTime:0.0098s ]
SQL: SHOW COLUMNS FROM `kq_time` [ RunTime:0.0128s ]
SQL: SELECT `id` FROM `kq_time` WHERE ( week_number= "6" and week = "星期六" and what = "一"   and course_plan_fk = "1" ) LIMIT 1   [ RunTime:0.0164s ]
SQL: SHOW COLUMNS FROM `kq_attendance` [ RunTime:0.0427s ]
SQL: INSERT INTO `kq_attendance` (`student_fk`,`time_fk`,`status`) VALUES ('1','10','旷课') [ RunTime:0.0903s ]

[ 2019-10-05T08:59:09+08:00 ] 127.0.0.1 /attendance_system/tp/Index.php/Home/Attendance/index
INFO: [ app_init ] --START--
INFO: Run Behavior\BuildLiteBehavior [ RunTime:0.000052s ]
INFO: [ app_init ] --END-- [ RunTime:0.003552s ]
INFO: [ app_begin ] --START--
INFO: Run Behavior\ReadHtmlCacheBehavior [ RunTime:0.007944s ]
INFO: [ app_begin ] --END-- [ RunTime:0.008110s ]
SQL: SHOW COLUMNS FROM `kq_student` [ RunTime:0.1291s ]
SQL: SELECT `class_fk` FROM `kq_student` WHERE ( student_id="201730622101" ) LIMIT 1   [ RunTime:0.0360s ]
SQL: SHOW COLUMNS FROM `kq_time` [ RunTime:0.0026s ]
SQL: SELECT `id` FROM `kq_time` WHERE ( week_number= "6" and week = "星期六" and what = "一"   and course_plan_fk = "1" ) LIMIT 1   [ RunTime:0.0505s ]
SQL: SHOW COLUMNS FROM `kq_attendance` [ RunTime:0.0024s ]
SQL: INSERT INTO `kq_attendance` (`student_fk`,`time_fk`,`status`) VALUES ('1','10','旷课') [ RunTime:0.3161s ]

[ 2019-10-05T08:59:16+08:00 ] 127.0.0.1 /attendance_system/tp/Index.php/Home/Attendance/index
INFO: [ app_init ] --START--
INFO: Run Behavior\BuildLiteBehavior [ RunTime:0.000034s ]
INFO: [ app_init ] --END-- [ RunTime:0.001583s ]
INFO: [ app_begin ] --START--
INFO: Run Behavior\ReadHtmlCacheBehavior [ RunTime:0.006180s ]
INFO: [ app_begin ] --END-- [ RunTime:0.006282s ]
SQL: SHOW COLUMNS FROM `kq_student` [ RunTime:0.0543s ]
SQL: SELECT `class_fk` FROM `kq_student` WHERE ( student_id="201730622101" ) LIMIT 1   [ RunTime:0.0011s ]
SQL: SHOW COLUMNS FROM `kq_time` [ RunTime:0.0015s ]
SQL: SELECT `id` FROM `kq_time` WHERE ( week_number= "6" and week = "星期六" and what = "一"   and course_plan_fk = "1" ) LIMIT 1   [ RunTime:0.0010s ]
SQL: SHOW COLUMNS FROM `kq_attendance` [ RunTime:0.0139s ]
SQL: INSERT INTO `kq_attendance` (`student_fk`,`time_fk`,`status`) VALUES ('1','10','旷课') [ RunTime:0.3749s ]

[ 2019-10-05T09:01:39+08:00 ] 127.0.0.1 /attendance_system/tp/Index.php/Home/Attendance/index
INFO: [ app_init ] --START--
INFO: Run Behavior\BuildLiteBehavior [ RunTime:0.000060s ]
INFO: [ app_init ] --END-- [ RunTime:0.004689s ]
INFO: [ app_begin ] --START--
INFO: Run Behavior\ReadHtmlCacheBehavior [ RunTime:0.012184s ]
INFO: [ app_begin ] --END-- [ RunTime:0.012379s ]
SQL: SHOW COLUMNS FROM `kq_student` [ RunTime:0.1875s ]
SQL: SELECT `class_fk` FROM `kq_student` WHERE ( student_id="201730622101" ) LIMIT 1   [ RunTime:0.0161s ]
SQL: SHOW COLUMNS FROM `kq_time` [ RunTime:0.0556s ]
SQL: SELECT `id` FROM `kq_time` WHERE ( week_number= "6" and week = "星期六" and what = "一"   and course_plan_fk = "1" ) LIMIT 1   [ RunTime:0.0935s ]
SQL: SHOW COLUMNS FROM `kq_attendance` [ RunTime:0.0025s ]
SQL: INSERT INTO `kq_attendance` (`student_fk`,`time_fk`,`status`) VALUES ('1','10','旷课') [ RunTime:0.3140s ]

[ 2019-10-05T09:01:45+08:00 ] 127.0.0.1 /attendance_system/tp/Index.php/Home/Attendance/index
INFO: [ app_init ] --START--
INFO: Run Behavior\BuildLiteBehavior [ RunTime:0.000021s ]
INFO: [ app_init ] --END-- [ RunTime:0.001475s ]
INFO: [ app_begin ] --START--
INFO: Run Behavior\ReadHtmlCacheBehavior [ RunTime:0.004423s ]
INFO: [ app_begin ] --END-- [ RunTime:0.004513s ]
SQL: SHOW COLUMNS FROM `kq_student` [ RunTime:0.1355s ]
SQL: SELECT `class_fk` FROM `kq_student` WHERE ( student_id="201730622101" ) LIMIT 1   [ RunTime:0.0384s ]
SQL: SHOW COLUMNS FROM `kq_time` [ RunTime:0.0023s ]
SQL: SELECT `id` FROM `kq_time` WHERE ( week_number= "6" and week = "星期六" and what = "二"   and course_plan_fk = "1" ) LIMIT 1   [ RunTime:0.0586s ]
SQL: SHOW COLUMNS FROM `kq_attendance` [ RunTime:0.0351s ]
SQL: INSERT INTO `kq_attendance` (`student_fk`,`time_fk`,`status`) VALUES ('1','11','准点') [ RunTime:0.1361s ]

[ 2019-10-05T09:04:21+08:00 ] 127.0.0.1 /attendance_system/tp/Index.php/Home/Attendance/index
INFO: [ app_init ] --START--
INFO: Run Behavior\BuildLiteBehavior [ RunTime:0.000037s ]
INFO: [ app_init ] --END-- [ RunTime:0.002298s ]
INFO: [ app_begin ] --START--
INFO: Run Behavior\ReadHtmlCacheBehavior [ RunTime:0.012871s ]
INFO: [ app_begin ] --END-- [ RunTime:0.013056s ]
SQL: SHOW COLUMNS FROM `kq_student` [ RunTime:0.0239s ]
SQL: SELECT `class_fk` FROM `kq_student` WHERE ( student_id="201730622101" ) LIMIT 1   [ RunTime:0.0011s ]
SQL: SHOW COLUMNS FROM `kq_time` [ RunTime:0.0017s ]
SQL: SELECT `id` FROM `kq_time` WHERE ( week_number= "6" and week = "星期六" and what = "一"   and course_plan_fk = "1" ) LIMIT 1   [ RunTime:0.0014s ]
SQL: SHOW COLUMNS FROM `kq_attendance` [ RunTime:0.0018s ]
SQL: INSERT INTO `kq_attendance` (`student_fk`,`time_fk`,`status`) VALUES ('1','10','旷课') [ RunTime:0.0570s ]

[ 2019-10-05T09:04:24+08:00 ] 127.0.0.1 /attendance_system/tp/Index.php/Home/Attendance/index
INFO: [ app_init ] --START--
INFO: Run Behavior\BuildLiteBehavior [ RunTime:0.000031s ]
INFO: [ app_init ] --END-- [ RunTime:0.001889s ]
INFO: [ app_begin ] --START--
INFO: Run Behavior\ReadHtmlCacheBehavior [ RunTime:0.007657s ]
INFO: [ app_begin ] --END-- [ RunTime:0.007818s ]
SQL: SHOW COLUMNS FROM `kq_student` [ RunTime:0.0152s ]
SQL: SELECT `class_fk` FROM `kq_student` WHERE ( student_id="201730622101" ) LIMIT 1   [ RunTime:0.0011s ]
SQL: SHOW COLUMNS FROM `kq_time` [ RunTime:0.0079s ]
SQL: SELECT `id` FROM `kq_time` WHERE ( week_number= "6" and week = "星期六" and what = "一"   and course_plan_fk = "1" ) LIMIT 1   [ RunTime:0.0017s ]
SQL: SHOW COLUMNS FROM `kq_attendance` [ RunTime:0.0024s ]
SQL: INSERT INTO `kq_attendance` (`student_fk`,`time_fk`,`status`) VALUES ('1','10','旷课') [ RunTime:0.2029s ]

[ 2019-10-05T09:05:32+08:00 ] 127.0.0.1 /attendance_system/tp/Index.php/Home/Attendance/index
INFO: [ app_init ] --START--
INFO: Run Behavior\BuildLiteBehavior [ RunTime:0.000032s ]
INFO: [ app_init ] --END-- [ RunTime:0.001889s ]
INFO: [ app_begin ] --START--
INFO: Run Behavior\ReadHtmlCacheBehavior [ RunTime:0.015025s ]
INFO: [ app_begin ] --END-- [ RunTime:0.015197s ]
SQL: SHOW COLUMNS FROM `kq_student` [ RunTime:0.0572s ]
SQL: SELECT `class_fk` FROM `kq_student` WHERE ( student_id="201730622101" ) LIMIT 1   [ RunTime:0.0010s ]
SQL: SHOW COLUMNS FROM `kq_time` [ RunTime:0.0015s ]
SQL: SELECT `id` FROM `kq_time` WHERE ( week_number= "6" and week = "星期六" and what = "二"   and course_plan_fk = "1" ) LIMIT 1   [ RunTime:0.0010s ]
SQL: SHOW COLUMNS FROM `kq_attendance` [ RunTime:0.0028s ]
SQL: INSERT INTO `kq_attendance` (`student_fk`,`time_fk`,`status`) VALUES ('1','11','迟到') [ RunTime:0.0657s ]

[ 2019-10-05T09:05:35+08:00 ] 127.0.0.1 /attendance_system/tp/Index.php/Home/Attendance/index
INFO: [ app_init ] --START--
INFO: Run Behavior\BuildLiteBehavior [ RunTime:0.000023s ]
INFO: [ app_init ] --END-- [ RunTime:0.001302s ]
INFO: [ app_begin ] --START--
INFO: Run Behavior\ReadHtmlCacheBehavior [ RunTime:0.005883s ]
INFO: [ app_begin ] --END-- [ RunTime:0.006003s ]
SQL: SHOW COLUMNS FROM `kq_student` [ RunTime:0.0366s ]
SQL: SELECT `class_fk` FROM `kq_student` WHERE ( student_id="201730622101" ) LIMIT 1   [ RunTime:0.0004s ]
SQL: SHOW COLUMNS FROM `kq_time` [ RunTime:0.0008s ]
SQL: SELECT `id` FROM `kq_time` WHERE ( week_number= "6" and week = "星期六" and what = "二"   and course_plan_fk = "1" ) LIMIT 1   [ RunTime:0.0005s ]
SQL: SHOW COLUMNS FROM `kq_attendance` [ RunTime:0.0007s ]
SQL: INSERT INTO `kq_attendance` (`student_fk`,`time_fk`,`status`) VALUES ('1','11','迟到') [ RunTime:0.0667s ]

[ 2019-10-05T09:16:35+08:00 ] 127.0.0.1 /attendance_system/tp/Index.php/Home/Attendance/index
INFO: [ app_init ] --START--
INFO: Run Behavior\BuildLiteBehavior [ RunTime:0.000023s ]
INFO: [ app_init ] --END-- [ RunTime:0.001617s ]
INFO: [ app_begin ] --START--
INFO: Run Behavior\ReadHtmlCacheBehavior [ RunTime:0.004799s ]
INFO: [ app_begin ] --END-- [ RunTime:0.004897s ]

[ 2019-10-05T09:17:06+08:00 ] 127.0.0.1 /attendance_system/tp/Index.php/Home/Attendance/index
INFO: [ app_init ] --START--
INFO: Run Behavior\BuildLiteBehavior [ RunTime:0.000040s ]
INFO: [ app_init ] --END-- [ RunTime:0.002842s ]
INFO: [ app_begin ] --START--
INFO: Run Behavior\ReadHtmlCacheBehavior [ RunTime:0.010092s ]
INFO: [ app_begin ] --END-- [ RunTime:0.010283s ]
SQL: SHOW COLUMNS FROM `kq_student` [ RunTime:0.0185s ]
SQL: SELECT `class_fk` FROM `kq_student` WHERE ( student_id="201730622101" ) LIMIT 1   [ RunTime:0.0016s ]
SQL: SHOW COLUMNS FROM `kq_time` [ RunTime:0.0254s ]
SQL: SELECT `id` FROM `kq_time` WHERE ( week_number= "6" and week = "星期六" and what = "二"   and course_plan_fk = "1" ) LIMIT 1   [ RunTime:0.0021s ]
SQL: SHOW COLUMNS FROM `kq_attendance` [ RunTime:0.0030s ]
SQL: SELECT `id` FROM `kq_attendance` WHERE ( student_fk = "1" and time_fk = "11" ) LIMIT 1   [ RunTime:0.0708s ]
SQL: INSERT INTO `kq_attendance` (`student_fk`,`time_fk`,`status`) VALUES ('1','11','迟到') [ RunTime:0.2029s ]

[ 2019-10-05T09:17:10+08:00 ] 127.0.0.1 /attendance_system/tp/Index.php/Home/Attendance/index
INFO: [ app_init ] --START--
INFO: Run Behavior\BuildLiteBehavior [ RunTime:0.000022s ]
INFO: [ app_init ] --END-- [ RunTime:0.002869s ]
INFO: [ app_begin ] --START--
INFO: Run Behavior\ReadHtmlCacheBehavior [ RunTime:0.009159s ]
INFO: [ app_begin ] --END-- [ RunTime:0.009893s ]
SQL: SHOW COLUMNS FROM `kq_student` [ RunTime:0.0170s ]
SQL: SELECT `class_fk` FROM `kq_student` WHERE ( student_id="201730622101" ) LIMIT 1   [ RunTime:0.0006s ]
SQL: SHOW COLUMNS FROM `kq_time` [ RunTime:0.0010s ]
SQL: SELECT `id` FROM `kq_time` WHERE ( week_number= "6" and week = "星期六" and what = "二"   and course_plan_fk = "1" ) LIMIT 1   [ RunTime:0.0006s ]
SQL: SHOW COLUMNS FROM `kq_attendance` [ RunTime:0.0009s ]
SQL: SELECT `id` FROM `kq_attendance` WHERE ( student_fk = "1" and time_fk = "11" ) LIMIT 1   [ RunTime:0.0252s ]
SQL: INSERT INTO `kq_attendance` (`student_fk`,`time_fk`,`status`) VALUES ('1','11','迟到') [ RunTime:0.0823s ]

[ 2019-10-05T09:17:46+08:00 ] 127.0.0.1 /attendance_system/tp/Index.php/Home/Attendance/index
INFO: [ app_init ] --START--
INFO: Run Behavior\BuildLiteBehavior [ RunTime:0.000031s ]
INFO: [ app_init ] --END-- [ RunTime:0.002001s ]
INFO: [ app_begin ] --START--
INFO: Run Behavior\ReadHtmlCacheBehavior [ RunTime:0.013013s ]
INFO: [ app_begin ] --END-- [ RunTime:0.013232s ]
SQL: SHOW COLUMNS FROM `kq_student` [ RunTime:0.0286s ]
SQL: SELECT `class_fk` FROM `kq_student` WHERE ( student_id="201730622101" ) LIMIT 1   [ RunTime:0.0011s ]
SQL: SHOW COLUMNS FROM `kq_time` [ RunTime:0.0026s ]
SQL: SELECT `id` FROM `kq_time` WHERE ( week_number= "6" and week = "星期六" and what = "二"   and course_plan_fk = "1" ) LIMIT 1   [ RunTime:0.0371s ]
SQL: SHOW COLUMNS FROM `kq_attendance` [ RunTime:0.0018s ]
SQL: SELECT `id` FROM `kq_attendance` WHERE ( student_fk = "1" and time_fk = "11" ) LIMIT 1   [ RunTime:0.0010s ]
SQL: INSERT INTO `kq_attendance` (`student_fk`,`time_fk`,`status`) VALUES ('1','11','迟到') [ RunTime:0.5212s ]

[ 2019-10-05T09:17:49+08:00 ] 127.0.0.1 /attendance_system/tp/Index.php/Home/Attendance/index
INFO: [ app_init ] --START--
INFO: Run Behavior\BuildLiteBehavior [ RunTime:0.000044s ]
INFO: [ app_init ] --END-- [ RunTime:0.003510s ]
INFO: [ app_begin ] --START--
INFO: Run Behavior\ReadHtmlCacheBehavior [ RunTime:0.015069s ]
INFO: [ app_begin ] --END-- [ RunTime:0.015316s ]
SQL: SHOW COLUMNS FROM `kq_student` [ RunTime:0.0234s ]
SQL: SELECT `class_fk` FROM `kq_student` WHERE ( student_id="201730622101" ) LIMIT 1   [ RunTime:0.0009s ]
SQL: SHOW COLUMNS FROM `kq_time` [ RunTime:0.0025s ]
SQL: SELECT `id` FROM `kq_time` WHERE ( week_number= "6" and week = "星期六" and what = "二"   and course_plan_fk = "1" ) LIMIT 1   [ RunTime:0.0015s ]
SQL: SHOW COLUMNS FROM `kq_attendance` [ RunTime:0.0018s ]
SQL: SELECT `id` FROM `kq_attendance` WHERE ( student_fk = "1" and time_fk = "11" ) LIMIT 1   [ RunTime:0.0011s ]
SQL: INSERT INTO `kq_attendance` (`student_fk`,`time_fk`,`status`) VALUES ('1','11','迟到') [ RunTime:0.0474s ]

[ 2019-10-05T09:18:31+08:00 ] 127.0.0.1 /attendance_system/tp/Index.php/Home/GoInClass/index
INFO: [ app_init ] --START--
INFO: Run Behavior\BuildLiteBehavior [ RunTime:0.000031s ]
INFO: [ app_init ] --END-- [ RunTime:0.001872s ]
INFO: [ app_begin ] --START--
INFO: Run Behavior\ReadHtmlCacheBehavior [ RunTime:0.005518s ]
INFO: [ app_begin ] --END-- [ RunTime:0.005616s ]
SQL: SHOW COLUMNS FROM `kq_student` [ RunTime:0.0010s ]
SQL: SELECT `class_fk` FROM `kq_student` WHERE ( student_id="201730622101" ) LIMIT 1   [ RunTime:0.0004s ]
SQL: SHOW COLUMNS FROM `kq_class` [ RunTime:0.0455s ]
SQL: SELECT `majoy_plan_fk` FROM `kq_class` WHERE ( id="1" ) LIMIT 1   [ RunTime:0.0210s ]
SQL: SHOW COLUMNS FROM `kq_course_plan` [ RunTime:0.0055s ]
SQL: SELECT `id` FROM `kq_course_plan` WHERE ( majoy_plan_fk="1" and term = "5" ) LIMIT 1   [ RunTime:0.0012s ]
SQL: SHOW COLUMNS FROM `kq_time` [ RunTime:0.0016s ]
SQL: SELECT * FROM `kq_time` WHERE ( week_number="6" and week = "星期六" and course_plan_fk ="1" ) ORDER BY what asc  [ RunTime:0.0011s ]

[ 2019-10-05T09:18:36+08:00 ] 127.0.0.1 /attendance_system/tp/Index.php/Home/Attendance/index
INFO: [ app_init ] --START--
INFO: Run Behavior\BuildLiteBehavior [ RunTime:0.000039s ]
INFO: [ app_init ] --END-- [ RunTime:0.001960s ]
INFO: [ app_begin ] --START--
INFO: Run Behavior\ReadHtmlCacheBehavior [ RunTime:0.005805s ]
INFO: [ app_begin ] --END-- [ RunTime:0.006666s ]
SQL: SHOW COLUMNS FROM `kq_student` [ RunTime:0.0015s ]
SQL: SELECT `class_fk` FROM `kq_student` WHERE ( student_id="201730622101" ) LIMIT 1   [ RunTime:0.0008s ]
SQL: SHOW COLUMNS FROM `kq_time` [ RunTime:0.0017s ]
SQL: SELECT `id` FROM `kq_time` WHERE ( week_number= "6" and week = "星期六" and what = "二"   and course_plan_fk = "1" ) LIMIT 1   [ RunTime:0.0010s ]
SQL: SHOW COLUMNS FROM `kq_attendance` [ RunTime:0.0018s ]
SQL: SELECT `id` FROM `kq_attendance` WHERE ( student_fk = "1" and time_fk = "11" ) LIMIT 1   [ RunTime:0.0014s ]
SQL: INSERT INTO `kq_attendance` (`student_fk`,`time_fk`,`status`) VALUES ('1','11','迟到') [ RunTime:0.1389s ]

[ 2019-10-05T09:19:09+08:00 ] 127.0.0.1 /attendance_system/tp/Index.php/Home/Attendance/index
INFO: [ app_init ] --START--
INFO: Run Behavior\BuildLiteBehavior [ RunTime:0.000057s ]
INFO: [ app_init ] --END-- [ RunTime:0.003068s ]
INFO: [ app_begin ] --START--
INFO: Run Behavior\ReadHtmlCacheBehavior [ RunTime:0.011118s ]
INFO: [ app_begin ] --END-- [ RunTime:0.011332s ]
SQL: SHOW COLUMNS FROM `kq_student` [ RunTime:0.0189s ]
SQL: SELECT `class_fk` FROM `kq_student` WHERE ( student_id="201730622101" ) LIMIT 1   [ RunTime:0.0009s ]
SQL: SHOW COLUMNS FROM `kq_time` [ RunTime:0.0017s ]
SQL: SELECT `id` FROM `kq_time` WHERE ( week_number= "6" and week = "星期六" and what = "二"   and course_plan_fk = "1" ) LIMIT 1   [ RunTime:0.0011s ]
SQL: SHOW COLUMNS FROM `kq_attendance` [ RunTime:0.0019s ]
SQL: SELECT `id` FROM `kq_attendance` WHERE ( student_fk = "1" and time_fk = "11" ) LIMIT 1   [ RunTime:0.0256s ]
SQL: INSERT INTO `kq_attendance` (`student_fk`,`time_fk`,`status`) VALUES ('1','11','迟到') [ RunTime:0.0589s ]

[ 2019-10-05T09:23:08+08:00 ] 127.0.0.1 /attendance_system/tp/Index.php/Home/Attendance/index
INFO: [ app_init ] --START--
INFO: Run Behavior\BuildLiteBehavior [ RunTime:0.000031s ]
INFO: [ app_init ] --END-- [ RunTime:0.001632s ]
INFO: [ app_begin ] --START--
INFO: Run Behavior\ReadHtmlCacheBehavior [ RunTime:0.005435s ]
INFO: [ app_begin ] --END-- [ RunTime:0.005570s ]
SQL: SHOW COLUMNS FROM `kq_student` [ RunTime:0.0154s ]
SQL: SELECT `class_fk` FROM `kq_student` WHERE ( student_id="201730622101" ) LIMIT 1   [ RunTime:0.0010s ]
SQL: SHOW COLUMNS FROM `kq_time` [ RunTime:0.0021s ]
SQL: SELECT `id` FROM `kq_time` WHERE ( week_number= "6" and week = "星期六" and what = "二"   and course_plan_fk = "1" ) LIMIT 1   [ RunTime:0.0017s ]
SQL: SHOW COLUMNS FROM `kq_attendance` [ RunTime:0.0025s ]
SQL: SELECT `id` FROM `kq_attendance` WHERE ( student_fk = "1" and time_fk = "11" ) LIMIT 1   [ RunTime:0.0013s ]

[ 2019-10-05T09:23:11+08:00 ] 127.0.0.1 /attendance_system/tp/Index.php/Home/Attendance/index
INFO: [ app_init ] --START--
INFO: Run Behavior\BuildLiteBehavior [ RunTime:0.000033s ]
INFO: [ app_init ] --END-- [ RunTime:0.003509s ]
INFO: [ app_begin ] --START--
INFO: Run Behavior\ReadHtmlCacheBehavior [ RunTime:0.005600s ]
INFO: [ app_begin ] --END-- [ RunTime:0.005826s ]
SQL: SHOW COLUMNS FROM `kq_student` [ RunTime:0.0011s ]
SQL: SELECT `class_fk` FROM `kq_student` WHERE ( student_id="201730622101" ) LIMIT 1   [ RunTime:0.0009s ]
SQL: SHOW COLUMNS FROM `kq_time` [ RunTime:0.0014s ]
SQL: SELECT `id` FROM `kq_time` WHERE ( week_number= "6" and week = "星期六" and what = "二"   and course_plan_fk = "1" ) LIMIT 1   [ RunTime:0.0008s ]
SQL: SHOW COLUMNS FROM `kq_attendance` [ RunTime:0.0009s ]
SQL: SELECT `id` FROM `kq_attendance` WHERE ( student_fk = "1" and time_fk = "11" ) LIMIT 1   [ RunTime:0.0004s ]

[ 2019-10-05T09:23:12+08:00 ] 127.0.0.1 /attendance_system/tp/Index.php/Home/Attendance/index
INFO: [ app_init ] --START--
INFO: Run Behavior\BuildLiteBehavior [ RunTime:0.000020s ]
INFO: [ app_init ] --END-- [ RunTime:0.001100s ]
INFO: [ app_begin ] --START--
INFO: Run Behavior\ReadHtmlCacheBehavior [ RunTime:0.004534s ]
INFO: [ app_begin ] --END-- [ RunTime:0.004627s ]
SQL: SHOW COLUMNS FROM `kq_student` [ RunTime:0.0472s ]
SQL: SELECT `class_fk` FROM `kq_student` WHERE ( student_id="201730622101" ) LIMIT 1   [ RunTime:0.0009s ]
SQL: SHOW COLUMNS FROM `kq_time` [ RunTime:0.0015s ]
SQL: SELECT `id` FROM `kq_time` WHERE ( week_number= "6" and week = "星期六" and what = "二"   and course_plan_fk = "1" ) LIMIT 1   [ RunTime:0.0009s ]
SQL: SHOW COLUMNS FROM `kq_attendance` [ RunTime:0.0015s ]
SQL: SELECT `id` FROM `kq_attendance` WHERE ( student_fk = "1" and time_fk = "11" ) LIMIT 1   [ RunTime:0.0140s ]

[ 2019-10-05T09:23:25+08:00 ] 127.0.0.1 /attendance_system/tp/Index.php/Home/Attendance/index
INFO: [ app_init ] --START--
INFO: Run Behavior\BuildLiteBehavior [ RunTime:0.000028s ]
INFO: [ app_init ] --END-- [ RunTime:0.001366s ]
INFO: [ app_begin ] --START--
INFO: Run Behavior\ReadHtmlCacheBehavior [ RunTime:0.004899s ]
INFO: [ app_begin ] --END-- [ RunTime:0.005002s ]
SQL: SHOW COLUMNS FROM `kq_student` [ RunTime:0.0020s ]
SQL: SELECT `class_fk` FROM `kq_student` WHERE ( student_id="201730622101" ) LIMIT 1   [ RunTime:0.0010s ]
SQL: SHOW COLUMNS FROM `kq_time` [ RunTime:0.0017s ]
SQL: SELECT `id` FROM `kq_time` WHERE ( week_number= "6" and week = "星期六" and what = "二"   and course_plan_fk = "1" ) LIMIT 1   [ RunTime:0.0011s ]
SQL: SHOW COLUMNS FROM `kq_attendance` [ RunTime:0.0021s ]
SQL: SELECT `id` FROM `kq_attendance` WHERE ( student_fk = "1" and time_fk = "11" ) LIMIT 1   [ RunTime:0.0013s ]

[ 2019-10-05T09:23:27+08:00 ] 127.0.0.1 /attendance_system/tp/Index.php/Home/Attendance/index
INFO: [ app_init ] --START--
INFO: Run Behavior\BuildLiteBehavior [ RunTime:0.000019s ]
INFO: [ app_init ] --END-- [ RunTime:0.001059s ]
INFO: [ app_begin ] --START--
INFO: Run Behavior\ReadHtmlCacheBehavior [ RunTime:0.004755s ]
INFO: [ app_begin ] --END-- [ RunTime:0.004862s ]
SQL: SHOW COLUMNS FROM `kq_student` [ RunTime:0.0016s ]
SQL: SELECT `class_fk` FROM `kq_student` WHERE ( student_id="201730622101" ) LIMIT 1   [ RunTime:0.0027s ]
SQL: SHOW COLUMNS FROM `kq_time` [ RunTime:0.0014s ]
SQL: SELECT `id` FROM `kq_time` WHERE ( week_number= "6" and week = "星期六" and what = "二"   and course_plan_fk = "1" ) LIMIT 1   [ RunTime:0.0018s ]
SQL: SHOW COLUMNS FROM `kq_attendance` [ RunTime:0.0014s ]
SQL: SELECT `id` FROM `kq_attendance` WHERE ( student_fk = "1" and time_fk = "11" ) LIMIT 1   [ RunTime:0.0008s ]

[ 2019-10-05T09:23:40+08:00 ] 127.0.0.1 /attendance_system/tp/Index.php/Home/Attendance/index
INFO: [ app_init ] --START--
INFO: Run Behavior\BuildLiteBehavior [ RunTime:0.000028s ]
INFO: [ app_init ] --END-- [ RunTime:0.001818s ]
INFO: [ app_begin ] --START--
INFO: Run Behavior\ReadHtmlCacheBehavior [ RunTime:0.006352s ]
INFO: [ app_begin ] --END-- [ RunTime:0.006455s ]
SQL: SHOW COLUMNS FROM `kq_student` [ RunTime:0.0175s ]
SQL: SELECT `class_fk` FROM `kq_student` WHERE ( student_id="201730622101" ) LIMIT 1   [ RunTime:0.0006s ]
SQL: SHOW COLUMNS FROM `kq_time` [ RunTime:0.0011s ]
SQL: SELECT `id` FROM `kq_time` WHERE ( week_number= "6" and week = "星期六" and what = "二"   and course_plan_fk = "1" ) LIMIT 1   [ RunTime:0.0009s ]
SQL: SHOW COLUMNS FROM `kq_attendance` [ RunTime:0.0015s ]
SQL: SELECT `id` FROM `kq_attendance` WHERE ( student_fk = "1" and time_fk = "11" ) LIMIT 1   [ RunTime:0.0008s ]
SQL: INSERT INTO `kq_attendance` (`student_fk`,`time_fk`,`status`) VALUES ('1','11','迟到') [ RunTime:0.1049s ]

[ 2019-10-05T09:23:44+08:00 ] 127.0.0.1 /attendance_system/tp/Index.php/Home/Attendance/index
INFO: [ app_init ] --START--
INFO: Run Behavior\BuildLiteBehavior [ RunTime:0.000019s ]
INFO: [ app_init ] --END-- [ RunTime:0.001058s ]
INFO: [ app_begin ] --START--
INFO: Run Behavior\ReadHtmlCacheBehavior [ RunTime:0.004793s ]
INFO: [ app_begin ] --END-- [ RunTime:0.004912s ]
SQL: SHOW COLUMNS FROM `kq_student` [ RunTime:0.0452s ]
SQL: SELECT `class_fk` FROM `kq_student` WHERE ( student_id="201730622101" ) LIMIT 1   [ RunTime:0.0010s ]
SQL: SHOW COLUMNS FROM `kq_time` [ RunTime:0.0017s ]
SQL: SELECT `id` FROM `kq_time` WHERE ( week_number= "6" and week = "星期六" and what = "二"   and course_plan_fk = "1" ) LIMIT 1   [ RunTime:0.0011s ]
SQL: SHOW COLUMNS FROM `kq_attendance` [ RunTime:0.0016s ]
SQL: SELECT `id` FROM `kq_attendance` WHERE ( student_fk = "1" and time_fk = "11" ) LIMIT 1   [ RunTime:0.0010s ]

[ 2019-10-05T09:23:49+08:00 ] 127.0.0.1 /attendance_system/tp/Index.php/Home/Attendance/index
INFO: [ app_init ] --START--
INFO: Run Behavior\BuildLiteBehavior [ RunTime:0.000037s ]
INFO: [ app_init ] --END-- [ RunTime:0.003769s ]
INFO: [ app_begin ] --START--
INFO: Run Behavior\ReadHtmlCacheBehavior [ RunTime:0.010468s ]
INFO: [ app_begin ] --END-- [ RunTime:0.010615s ]
SQL: SHOW COLUMNS FROM `kq_student` [ RunTime:0.0085s ]
SQL: SELECT `class_fk` FROM `kq_student` WHERE ( student_id="201730622101" ) LIMIT 1   [ RunTime:0.0124s ]
SQL: SHOW COLUMNS FROM `kq_time` [ RunTime:0.0033s ]
SQL: SELECT `id` FROM `kq_time` WHERE ( week_number= "6" and week = "星期六" and what = "二"   and course_plan_fk = "1" ) LIMIT 1   [ RunTime:0.0016s ]
SQL: SHOW COLUMNS FROM `kq_attendance` [ RunTime:0.0022s ]
SQL: SELECT `id` FROM `kq_attendance` WHERE ( student_fk = "1" and time_fk = "11" ) LIMIT 1   [ RunTime:0.0011s ]

[ 2019-10-05T09:25:22+08:00 ] 127.0.0.1 /attendance_system/tp/Index.php/Home/Attendance/index
INFO: [ app_init ] --START--
INFO: Run Behavior\BuildLiteBehavior [ RunTime:0.000027s ]
INFO: [ app_init ] --END-- [ RunTime:0.002158s ]
INFO: [ app_begin ] --START--
INFO: Run Behavior\ReadHtmlCacheBehavior [ RunTime:0.005836s ]
INFO: [ app_begin ] --END-- [ RunTime:0.005949s ]
SQL: SHOW COLUMNS FROM `kq_student` [ RunTime:0.0020s ]
SQL: SELECT `class_fk` FROM `kq_student` WHERE ( student_id="201730622101" ) LIMIT 1   [ RunTime:0.0010s ]
SQL: SHOW COLUMNS FROM `kq_time` [ RunTime:0.0019s ]
SQL: SELECT `id` FROM `kq_time` WHERE ( week_number= "6" and week = "星期六" and what = "二"   and course_plan_fk = "1" ) LIMIT 1   [ RunTime:0.0012s ]
SQL: SHOW COLUMNS FROM `kq_attendance` [ RunTime:0.0021s ]
SQL: SELECT `id` FROM `kq_attendance` WHERE ( student_fk = "1" and time_fk = "11" ) LIMIT 1   [ RunTime:0.0249s ]

[ 2019-10-05T09:26:11+08:00 ] 127.0.0.1 /attendance_system/tp/Index.php/Home/Attendance/index
INFO: [ app_init ] --START--
INFO: Run Behavior\BuildLiteBehavior [ RunTime:0.000023s ]
INFO: [ app_init ] --END-- [ RunTime:0.005538s ]
INFO: [ app_begin ] --START--
INFO: Run Behavior\ReadHtmlCacheBehavior [ RunTime:0.005815s ]
INFO: [ app_begin ] --END-- [ RunTime:0.005938s ]
SQL: SHOW COLUMNS FROM `kq_student` [ RunTime:0.0170s ]
SQL: SELECT `class_fk` FROM `kq_student` WHERE ( student_id="201730622101" ) LIMIT 1   [ RunTime:0.0009s ]
SQL: SHOW COLUMNS FROM `kq_time` [ RunTime:0.0016s ]
SQL: SELECT `id` FROM `kq_time` WHERE ( week_number= "6" and week = "星期六" and what = "二"   and course_plan_fk = "1" ) LIMIT 1   [ RunTime:0.0013s ]
SQL: SHOW COLUMNS FROM `kq_attendance` [ RunTime:0.0016s ]
SQL: SELECT `id` FROM `kq_attendance` WHERE ( student_fk = "1" and time_fk = "11" ) LIMIT 1   [ RunTime:0.0010s ]

[ 2019-10-05T09:26:27+08:00 ] 127.0.0.1 /attendance_system/tp/Index.php/Home/Attendance/index
INFO: [ app_init ] --START--
INFO: Run Behavior\BuildLiteBehavior [ RunTime:0.000039s ]
INFO: [ app_init ] --END-- [ RunTime:0.002077s ]
INFO: [ app_begin ] --START--
INFO: Run Behavior\ReadHtmlCacheBehavior [ RunTime:0.004609s ]
INFO: [ app_begin ] --END-- [ RunTime:0.004706s ]
SQL: SHOW COLUMNS FROM `kq_student` [ RunTime:0.0013s ]
SQL: SELECT `class_fk` FROM `kq_student` WHERE ( student_id="201730622101" ) LIMIT 1   [ RunTime:0.0006s ]
SQL: SHOW COLUMNS FROM `kq_time` [ RunTime:0.0011s ]
SQL: SELECT `id` FROM `kq_time` WHERE ( week_number= "6" and week = "星期六" and what = "二"   and course_plan_fk = "1" ) LIMIT 1   [ RunTime:0.0006s ]
SQL: SHOW COLUMNS FROM `kq_attendance` [ RunTime:0.0009s ]
SQL: SELECT `id` FROM `kq_attendance` WHERE ( student_fk = "1" and time_fk = "11" ) LIMIT 1   [ RunTime:0.0005s ]

[ 2019-10-05T09:26:29+08:00 ] 127.0.0.1 /attendance_system/tp/Index.php/Home/Attendance/index
INFO: [ app_init ] --START--
INFO: Run Behavior\BuildLiteBehavior [ RunTime:0.000031s ]
INFO: [ app_init ] --END-- [ RunTime:0.001870s ]
INFO: [ app_begin ] --START--
INFO: Run Behavior\ReadHtmlCacheBehavior [ RunTime:0.010439s ]
INFO: [ app_begin ] --END-- [ RunTime:0.010615s ]
SQL: SHOW COLUMNS FROM `kq_student` [ RunTime:0.0018s ]
SQL: SELECT `class_fk` FROM `kq_student` WHERE ( student_id="201730622101" ) LIMIT 1   [ RunTime:0.0012s ]
SQL: SHOW COLUMNS FROM `kq_time` [ RunTime:0.0022s ]
SQL: SELECT `id` FROM `kq_time` WHERE ( week_number= "6" and week = "星期六" and what = "二"   and course_plan_fk = "1" ) LIMIT 1   [ RunTime:0.0012s ]
SQL: SHOW COLUMNS FROM `kq_attendance` [ RunTime:0.0025s ]
SQL: SELECT `id` FROM `kq_attendance` WHERE ( student_fk = "1" and time_fk = "11" ) LIMIT 1   [ RunTime:0.0012s ]

[ 2019-10-05T09:27:12+08:00 ] 127.0.0.1 /attendance_system/tp/Index.php/Home/GoInClass/index
INFO: [ app_init ] --START--
INFO: Run Behavior\BuildLiteBehavior [ RunTime:0.000021s ]
INFO: [ app_init ] --END-- [ RunTime:0.001153s ]
INFO: [ app_begin ] --START--
INFO: Run Behavior\ReadHtmlCacheBehavior [ RunTime:0.004487s ]
INFO: [ app_begin ] --END-- [ RunTime:0.004587s ]
SQL: SHOW COLUMNS FROM `kq_student` [ RunTime:0.0010s ]
SQL: SELECT `class_fk` FROM `kq_student` WHERE ( student_id="201730622101" ) LIMIT 1   [ RunTime:0.0005s ]
SQL: SHOW COLUMNS FROM `kq_class` [ RunTime:0.0008s ]
SQL: SELECT `majoy_plan_fk` FROM `kq_class` WHERE ( id="1" ) LIMIT 1   [ RunTime:0.0003s ]
SQL: SHOW COLUMNS FROM `kq_course_plan` [ RunTime:0.0216s ]
SQL: SELECT `id` FROM `kq_course_plan` WHERE ( majoy_plan_fk="1" and term = "5" ) LIMIT 1   [ RunTime:0.0007s ]
SQL: SHOW COLUMNS FROM `kq_time` [ RunTime:0.0011s ]
SQL: SELECT * FROM `kq_time` WHERE ( week_number="6" and week = "星期六" and course_plan_fk ="1" ) ORDER BY what asc  [ RunTime:0.0162s ]

[ 2019-10-05T09:27:15+08:00 ] 127.0.0.1 /attendance_system/tp/Index.php/Home/GoInClass/index
INFO: [ app_init ] --START--
INFO: Run Behavior\BuildLiteBehavior [ RunTime:0.000024s ]
INFO: [ app_init ] --END-- [ RunTime:0.001565s ]
INFO: [ app_begin ] --START--
INFO: Run Behavior\ReadHtmlCacheBehavior [ RunTime:0.007283s ]
INFO: [ app_begin ] --END-- [ RunTime:0.007441s ]
SQL: SHOW COLUMNS FROM `kq_student` [ RunTime:0.0010s ]
SQL: SELECT `class_fk` FROM `kq_student` WHERE ( student_id="201730622101" ) LIMIT 1   [ RunTime:0.0005s ]
SQL: SHOW COLUMNS FROM `kq_class` [ RunTime:0.0013s ]
SQL: SELECT `majoy_plan_fk` FROM `kq_class` WHERE ( id="1" ) LIMIT 1   [ RunTime:0.0008s ]
SQL: SHOW COLUMNS FROM `kq_course_plan` [ RunTime:0.0012s ]
SQL: SELECT `id` FROM `kq_course_plan` WHERE ( majoy_plan_fk="1" and term = "5" ) LIMIT 1   [ RunTime:0.0006s ]
SQL: SHOW COLUMNS FROM `kq_time` [ RunTime:0.0010s ]
SQL: SELECT * FROM `kq_time` WHERE ( week_number="6" and week = "星期六" and course_plan_fk ="1" ) ORDER BY what asc  [ RunTime:0.0007s ]

[ 2019-10-05T09:34:39+08:00 ] 127.0.0.1 /attendance_system/tp/Index.php/Home/Login/index
INFO: [ app_init ] --START--
INFO: Run Behavior\BuildLiteBehavior [ RunTime:0.000023s ]
INFO: [ app_init ] --END-- [ RunTime:0.001579s ]
INFO: [ app_begin ] --START--
INFO: Run Behavior\ReadHtmlCacheBehavior [ RunTime:0.003645s ]
INFO: [ app_begin ] --END-- [ RunTime:0.003725s ]
SQL: SHOW COLUMNS FROM `kq_student` [ RunTime:0.0159s ]
SQL: SELECT * FROM `kq_student` WHERE ( student_id = "201730622101" and student_name = "一号" ) LIMIT 1   [ RunTime:0.0013s ]

[ 2019-10-05T09:38:05+08:00 ] 127.0.0.1 /attendance_system/tp/Index.php/Home/GoInClass/index
INFO: [ app_init ] --START--
INFO: Run Behavior\BuildLiteBehavior [ RunTime:0.000039s ]
INFO: [ app_init ] --END-- [ RunTime:0.002064s ]
INFO: [ app_begin ] --START--
INFO: Run Behavior\ReadHtmlCacheBehavior [ RunTime:0.008535s ]
INFO: [ app_begin ] --END-- [ RunTime:0.008740s ]
SQL: SHOW COLUMNS FROM `kq_student` [ RunTime:0.0377s ]
SQL: SELECT `class_fk` FROM `kq_student` WHERE ( student_id="201730622101" ) LIMIT 1   [ RunTime:0.0017s ]
SQL: SHOW COLUMNS FROM `kq_class` [ RunTime:0.0477s ]
SQL: SELECT `majoy_plan_fk` FROM `kq_class` WHERE ( id="1" ) LIMIT 1   [ RunTime:0.0014s ]
SQL: SHOW COLUMNS FROM `kq_course_plan` [ RunTime:0.0267s ]
SQL: SELECT `id` FROM `kq_course_plan` WHERE ( majoy_plan_fk="1" and term = "5" ) LIMIT 1   [ RunTime:0.0018s ]
SQL: SHOW COLUMNS FROM `kq_time` [ RunTime:0.0024s ]
SQL: SELECT * FROM `kq_time` WHERE ( week_number="6" and week = "星期六" and course_plan_fk ="1" ) ORDER BY what asc  [ RunTime:0.0016s ]

[ 2019-10-05T09:38:32+08:00 ] 127.0.0.1 /attendance_system/tp/Index.php/Home/GoInClass/index
INFO: [ app_init ] --START--
INFO: Run Behavior\BuildLiteBehavior [ RunTime:0.000039s ]
INFO: [ app_init ] --END-- [ RunTime:0.002652s ]
INFO: [ app_begin ] --START--
INFO: Run Behavior\ReadHtmlCacheBehavior [ RunTime:0.024741s ]
INFO: [ app_begin ] --END-- [ RunTime:0.025090s ]
SQL: SHOW COLUMNS FROM `kq_student` [ RunTime:0.0458s ]
SQL: SELECT `class_fk` FROM `kq_student` WHERE ( student_id="201730622101" ) LIMIT 1   [ RunTime:0.0009s ]
SQL: SHOW COLUMNS FROM `kq_class` [ RunTime:0.0397s ]
SQL: SELECT `majoy_plan_fk` FROM `kq_class` WHERE ( id="1" ) LIMIT 1   [ RunTime:0.0011s ]
SQL: SHOW COLUMNS FROM `kq_course_plan` [ RunTime:0.0554s ]
SQL: SELECT `id` FROM `kq_course_plan` WHERE ( majoy_plan_fk="1" and term = "5" ) LIMIT 1   [ RunTime:0.0013s ]
SQL: SHOW COLUMNS FROM `kq_time` [ RunTime:0.0017s ]
SQL: SELECT * FROM `kq_time` WHERE ( week_number="6" and week = "星期六" and course_plan_fk ="1" ) ORDER BY what asc  [ RunTime:0.0076s ]

[ 2019-10-05T09:39:51+08:00 ] 127.0.0.1 /attendance_system/tp/Index.php/Home/GoInClass/index
INFO: [ app_init ] --START--
INFO: Run Behavior\BuildLiteBehavior [ RunTime:0.000024s ]
INFO: [ app_init ] --END-- [ RunTime:0.001426s ]
INFO: [ app_begin ] --START--
INFO: Run Behavior\ReadHtmlCacheBehavior [ RunTime:0.006765s ]
INFO: [ app_begin ] --END-- [ RunTime:0.006890s ]
SQL: SHOW COLUMNS FROM `kq_student` [ RunTime:0.0024s ]
SQL: SELECT `class_fk` FROM `kq_student` WHERE ( student_id="201730622101" ) LIMIT 1   [ RunTime:0.0009s ]
SQL: SHOW COLUMNS FROM `kq_class` [ RunTime:0.0308s ]
SQL: SELECT `majoy_plan_fk` FROM `kq_class` WHERE ( id="1" ) LIMIT 1   [ RunTime:0.0009s ]
SQL: SHOW COLUMNS FROM `kq_course_plan` [ RunTime:0.0019s ]
SQL: SELECT `id` FROM `kq_course_plan` WHERE ( majoy_plan_fk="1" and term = "5" ) LIMIT 1   [ RunTime:0.0182s ]
SQL: SHOW COLUMNS FROM `kq_time` [ RunTime:0.0018s ]
SQL: SELECT * FROM `kq_time` WHERE ( week_number="6" and week = "星期六" and course_plan_fk ="1" ) ORDER BY what asc  [ RunTime:0.0018s ]

[ 2019-10-05T09:39:55+08:00 ] 127.0.0.1 /attendance_system/tp/Index.php/Home/Attendance/index
INFO: [ app_init ] --START--
INFO: Run Behavior\BuildLiteBehavior [ RunTime:0.000071s ]
INFO: [ app_init ] --END-- [ RunTime:0.003358s ]
INFO: [ app_begin ] --START--
INFO: Run Behavior\ReadHtmlCacheBehavior [ RunTime:0.009717s ]
INFO: [ app_begin ] --END-- [ RunTime:0.009939s ]
SQL: SHOW COLUMNS FROM `kq_student` [ RunTime:0.0098s ]
SQL: SELECT `class_fk` FROM `kq_student` WHERE ( student_id="201730622101" ) LIMIT 1   [ RunTime:0.0010s ]
SQL: SHOW COLUMNS FROM `kq_time` [ RunTime:0.0018s ]
SQL: SELECT `id` FROM `kq_time` WHERE ( week_number= "6" and week = "星期六" and what = "二"   and course_plan_fk = "1" ) LIMIT 1   [ RunTime:0.0011s ]
SQL: SHOW COLUMNS FROM `kq_attendance` [ RunTime:0.0023s ]
SQL: SELECT `id` FROM `kq_attendance` WHERE ( student_fk = "1" and time_fk = "11" ) LIMIT 1   [ RunTime:0.0013s ]

[ 2019-10-05T09:40:01+08:00 ] 127.0.0.1 /attendance_system/tp/Index.php/Home/Attendance/index
INFO: [ app_init ] --START--
INFO: Run Behavior\BuildLiteBehavior [ RunTime:0.000065s ]
INFO: [ app_init ] --END-- [ RunTime:0.003075s ]
INFO: [ app_begin ] --START--
INFO: Run Behavior\ReadHtmlCacheBehavior [ RunTime:0.013486s ]
INFO: [ app_begin ] --END-- [ RunTime:0.013660s ]
SQL: SHOW COLUMNS FROM `kq_student` [ RunTime:0.0022s ]
SQL: SELECT `class_fk` FROM `kq_student` WHERE ( student_id="201730622101" ) LIMIT 1   [ RunTime:0.0010s ]
SQL: SHOW COLUMNS FROM `kq_time` [ RunTime:0.0021s ]
SQL: SELECT `id` FROM `kq_time` WHERE ( week_number= "6" and week = "星期六" and what = "二"   and course_plan_fk = "1" ) LIMIT 1   [ RunTime:0.0013s ]
SQL: SHOW COLUMNS FROM `kq_attendance` [ RunTime:0.0021s ]
SQL: SELECT `id` FROM `kq_attendance` WHERE ( student_fk = "1" and time_fk = "11" ) LIMIT 1   [ RunTime:0.0041s ]

[ 2019-10-05T09:40:26+08:00 ] 127.0.0.1 /attendance_system/tp/Index.php/Home/GoInClass/index
INFO: [ app_init ] --START--
INFO: Run Behavior\BuildLiteBehavior [ RunTime:0.000031s ]
INFO: [ app_init ] --END-- [ RunTime:0.001917s ]
INFO: [ app_begin ] --START--
INFO: Run Behavior\ReadHtmlCacheBehavior [ RunTime:0.014282s ]
INFO: [ app_begin ] --END-- [ RunTime:0.014504s ]
SQL: SHOW COLUMNS FROM `kq_student` [ RunTime:0.0125s ]
SQL: SELECT `class_fk` FROM `kq_student` WHERE ( student_id="201730622101" ) LIMIT 1   [ RunTime:0.0011s ]
SQL: SHOW COLUMNS FROM `kq_class` [ RunTime:0.0365s ]
SQL: SELECT `majoy_plan_fk` FROM `kq_class` WHERE ( id="1" ) LIMIT 1   [ RunTime:0.0272s ]
SQL: SHOW COLUMNS FROM `kq_course_plan` [ RunTime:0.0190s ]
SQL: SELECT `id` FROM `kq_course_plan` WHERE ( majoy_plan_fk="1" and term = "5" ) LIMIT 1   [ RunTime:0.0011s ]
SQL: SHOW COLUMNS FROM `kq_time` [ RunTime:0.0021s ]
SQL: SELECT * FROM `kq_time` WHERE ( week_number="6" and week = "星期六" and course_plan_fk ="1" ) ORDER BY what asc  [ RunTime:0.0012s ]

[ 2019-10-05T09:40:29+08:00 ] 127.0.0.1 /attendance_system/tp/Index.php/Home/GoInClass/index
INFO: [ app_init ] --START--
INFO: Run Behavior\BuildLiteBehavior [ RunTime:0.000031s ]
INFO: [ app_init ] --END-- [ RunTime:0.001871s ]
INFO: [ app_begin ] --START--
INFO: Run Behavior\ReadHtmlCacheBehavior [ RunTime:0.011225s ]
INFO: [ app_begin ] --END-- [ RunTime:0.011377s ]
SQL: SHOW COLUMNS FROM `kq_student` [ RunTime:0.0020s ]
SQL: SELECT `class_fk` FROM `kq_student` WHERE ( student_id="201730622101" ) LIMIT 1   [ RunTime:0.0188s ]
SQL: SHOW COLUMNS FROM `kq_class` [ RunTime:0.0192s ]
SQL: SELECT `majoy_plan_fk` FROM `kq_class` WHERE ( id="1" ) LIMIT 1   [ RunTime:0.0135s ]
SQL: SHOW COLUMNS FROM `kq_course_plan` [ RunTime:0.0228s ]
SQL: SELECT `id` FROM `kq_course_plan` WHERE ( majoy_plan_fk="1" and term = "5" ) LIMIT 1   [ RunTime:0.0192s ]
SQL: SHOW COLUMNS FROM `kq_time` [ RunTime:0.0024s ]
SQL: SELECT * FROM `kq_time` WHERE ( week_number="6" and week = "星期六" and course_plan_fk ="1" ) ORDER BY what asc  [ RunTime:0.0013s ]

[ 2019-10-05T09:40:36+08:00 ] 127.0.0.1 /attendance_system/tp/Index.php/Home/GoInClass/index
INFO: [ app_init ] --START--
INFO: Run Behavior\BuildLiteBehavior [ RunTime:0.000024s ]
INFO: [ app_init ] --END-- [ RunTime:0.003053s ]
INFO: [ app_begin ] --START--
INFO: Run Behavior\ReadHtmlCacheBehavior [ RunTime:0.013947s ]
INFO: [ app_begin ] --END-- [ RunTime:0.014052s ]
SQL: SHOW COLUMNS FROM `kq_student` [ RunTime:0.0421s ]
SQL: SELECT `class_fk` FROM `kq_student` WHERE ( student_id="201730622101" ) LIMIT 1   [ RunTime:0.0006s ]
SQL: SHOW COLUMNS FROM `kq_class` [ RunTime:0.0010s ]
SQL: SELECT `majoy_plan_fk` FROM `kq_class` WHERE ( id="1" ) LIMIT 1   [ RunTime:0.0008s ]
SQL: SHOW COLUMNS FROM `kq_course_plan` [ RunTime:0.0013s ]
SQL: SELECT `id` FROM `kq_course_plan` WHERE ( majoy_plan_fk="1" and term = "5" ) LIMIT 1   [ RunTime:0.0007s ]
SQL: SHOW COLUMNS FROM `kq_time` [ RunTime:0.0012s ]
SQL: SELECT * FROM `kq_time` WHERE ( week_number="6" and week = "星期六" and course_plan_fk ="1" ) ORDER BY what asc  [ RunTime:0.0008s ]

[ 2019-10-05T09:41:15+08:00 ] 127.0.0.1 /attendance_system/tp/Index.php/Home/Login/index
INFO: [ app_init ] --START--
INFO: Run Behavior\BuildLiteBehavior [ RunTime:0.000019s ]
INFO: [ app_init ] --END-- [ RunTime:0.002384s ]
INFO: [ app_begin ] --START--
INFO: Run Behavior\ReadHtmlCacheBehavior [ RunTime:0.005440s ]
INFO: [ app_begin ] --END-- [ RunTime:0.005572s ]
SQL: SHOW COLUMNS FROM `kq_student` [ RunTime:0.0026s ]
SQL: SELECT * FROM `kq_student` WHERE ( student_id = "201730622101" and student_name = "一号" ) LIMIT 1   [ RunTime:0.0009s ]

[ 2019-10-05T09:41:22+08:00 ] 127.0.0.1 /attendance_system/tp/Index.php/Home/GoInClass/index
INFO: [ app_init ] --START--
INFO: Run Behavior\BuildLiteBehavior [ RunTime:0.000019s ]
INFO: [ app_init ] --END-- [ RunTime:0.001083s ]
INFO: [ app_begin ] --START--
INFO: Run Behavior\ReadHtmlCacheBehavior [ RunTime:0.004516s ]
INFO: [ app_begin ] --END-- [ RunTime:0.004600s ]
SQL: SHOW COLUMNS FROM `kq_student` [ RunTime:0.0645s ]
SQL: SELECT `class_fk` FROM `kq_student` WHERE ( student_id="201730622101" ) LIMIT 1   [ RunTime:0.0009s ]
SQL: SHOW COLUMNS FROM `kq_class` [ RunTime:0.0091s ]
SQL: SELECT `majoy_plan_fk` FROM `kq_class` WHERE ( id="1" ) LIMIT 1   [ RunTime:0.0010s ]
SQL: SHOW COLUMNS FROM `kq_course_plan` [ RunTime:0.0124s ]
SQL: SELECT `id` FROM `kq_course_plan` WHERE ( majoy_plan_fk="1" and term = "5" ) LIMIT 1   [ RunTime:0.0014s ]
SQL: SHOW COLUMNS FROM `kq_time` [ RunTime:0.0023s ]
SQL: SELECT * FROM `kq_time` WHERE ( week_number="6" and week = "星期六" and course_plan_fk ="1" ) ORDER BY what asc  [ RunTime:0.0013s ]

[ 2019-10-05T09:47:12+08:00 ] 127.0.0.1 /attendance_system/tp/Index.php/Home/Login/index
INFO: [ app_init ] --START--
INFO: Run Behavior\BuildLiteBehavior [ RunTime:0.000034s ]
INFO: [ app_init ] --END-- [ RunTime:0.001995s ]
INFO: [ app_begin ] --START--
INFO: Run Behavior\ReadHtmlCacheBehavior [ RunTime:0.003457s ]
INFO: [ app_begin ] --END-- [ RunTime:0.003685s ]
SQL: SHOW COLUMNS FROM `kq_student` [ RunTime:0.0771s ]
SQL: SELECT * FROM `kq_student` WHERE ( student_id = "201730622106" and student_name = "六号" ) LIMIT 1   [ RunTime:0.0193s ]

[ 2019-10-05T09:47:16+08:00 ] 127.0.0.1 /attendance_system/tp/Index.php/Home/GoInClass/index
INFO: [ app_init ] --START--
INFO: Run Behavior\BuildLiteBehavior [ RunTime:0.000032s ]
INFO: [ app_init ] --END-- [ RunTime:0.001829s ]
INFO: [ app_begin ] --START--
INFO: Run Behavior\ReadHtmlCacheBehavior [ RunTime:0.009476s ]
INFO: [ app_begin ] --END-- [ RunTime:0.009633s ]
SQL: SHOW COLUMNS FROM `kq_student` [ RunTime:0.0016s ]
SQL: SELECT `class_fk` FROM `kq_student` WHERE ( student_id="201730622106" ) LIMIT 1   [ RunTime:0.0046s ]
SQL: SHOW COLUMNS FROM `kq_class` [ RunTime:0.0847s ]
SQL: SELECT `majoy_plan_fk` FROM `kq_class` WHERE ( id="2" ) LIMIT 1   [ RunTime:0.0010s ]
SQL: SHOW COLUMNS FROM `kq_course_plan` [ RunTime:0.0368s ]
SQL: SELECT `id` FROM `kq_course_plan` WHERE ( majoy_plan_fk="2" and term = "5" ) LIMIT 1   [ RunTime:0.0004s ]
SQL: SHOW COLUMNS FROM `kq_time` [ RunTime:0.0006s ]
SQL: SELECT * FROM `kq_time` WHERE ( week_number="6" and week = "星期六" and course_plan_fk ="2" ) ORDER BY what asc  [ RunTime:0.0004s ]

[ 2019-10-05T09:47:20+08:00 ] 127.0.0.1 /attendance_system/tp/Index.php/Home/GoInClass/index
INFO: [ app_init ] --START--
INFO: Run Behavior\BuildLiteBehavior [ RunTime:0.000037s ]
INFO: [ app_init ] --END-- [ RunTime:0.002098s ]
INFO: [ app_begin ] --START--
INFO: Run Behavior\ReadHtmlCacheBehavior [ RunTime:0.004831s ]
INFO: [ app_begin ] --END-- [ RunTime:0.004923s ]
SQL: SHOW COLUMNS FROM `kq_student` [ RunTime:0.0061s ]
SQL: SELECT `class_fk` FROM `kq_student` WHERE ( student_id="201730622106" ) LIMIT 1   [ RunTime:0.0454s ]
SQL: SHOW COLUMNS FROM `kq_class` [ RunTime:0.0235s ]
SQL: SELECT `majoy_plan_fk` FROM `kq_class` WHERE ( id="2" ) LIMIT 1   [ RunTime:0.0120s ]
SQL: SHOW COLUMNS FROM `kq_course_plan` [ RunTime:0.0014s ]
SQL: SELECT `id` FROM `kq_course_plan` WHERE ( majoy_plan_fk="2" and term = "5" ) LIMIT 1   [ RunTime:0.0122s ]
SQL: SHOW COLUMNS FROM `kq_time` [ RunTime:0.0017s ]
SQL: SELECT * FROM `kq_time` WHERE ( week_number="6" and week = "星期六" and course_plan_fk ="2" ) ORDER BY what asc  [ RunTime:0.0011s ]

[ 2019-10-05T09:47:25+08:00 ] 127.0.0.1 /attendance_system/tp/Index.php/Home/GoInClass/index
INFO: [ app_init ] --START--
INFO: Run Behavior\BuildLiteBehavior [ RunTime:0.000031s ]
INFO: [ app_init ] --END-- [ RunTime:0.001884s ]
INFO: [ app_begin ] --START--
INFO: Run Behavior\ReadHtmlCacheBehavior [ RunTime:0.010431s ]
INFO: [ app_begin ] --END-- [ RunTime:0.010597s ]
SQL: SHOW COLUMNS FROM `kq_student` [ RunTime:0.0093s ]
SQL: SELECT `class_fk` FROM `kq_student` WHERE ( student_id="201730622106" ) LIMIT 1   [ RunTime:0.0414s ]
SQL: SHOW COLUMNS FROM `kq_class` [ RunTime:0.0023s ]
SQL: SELECT `majoy_plan_fk` FROM `kq_class` WHERE ( id="2" ) LIMIT 1   [ RunTime:0.0010s ]
SQL: SHOW COLUMNS FROM `kq_course_plan` [ RunTime:0.0017s ]
SQL: SELECT `id` FROM `kq_course_plan` WHERE ( majoy_plan_fk="2" and term = "5" ) LIMIT 1   [ RunTime:0.0010s ]
SQL: SHOW COLUMNS FROM `kq_time` [ RunTime:0.0017s ]
SQL: SELECT * FROM `kq_time` WHERE ( week_number="6" and week = "星期六" and course_plan_fk ="2" ) ORDER BY what asc  [ RunTime:0.0011s ]

[ 2019-10-05T09:47:33+08:00 ] 127.0.0.1 /attendance_system/tp/Index.php/Home/GoInClass/index
INFO: [ app_init ] --START--
INFO: Run Behavior\BuildLiteBehavior [ RunTime:0.000039s ]
INFO: [ app_init ] --END-- [ RunTime:0.001652s ]
INFO: [ app_begin ] --START--
INFO: Run Behavior\ReadHtmlCacheBehavior [ RunTime:0.009255s ]
INFO: [ app_begin ] --END-- [ RunTime:0.009387s ]
SQL: SHOW COLUMNS FROM `kq_student` [ RunTime:0.0009s ]
SQL: SELECT `class_fk` FROM `kq_student` WHERE ( student_id="201730622106" ) LIMIT 1   [ RunTime:0.0440s ]
SQL: SHOW COLUMNS FROM `kq_class` [ RunTime:0.0012s ]
SQL: SELECT `majoy_plan_fk` FROM `kq_class` WHERE ( id="2" ) LIMIT 1   [ RunTime:0.0006s ]
SQL: SHOW COLUMNS FROM `kq_course_plan` [ RunTime:0.0009s ]
SQL: SELECT `id` FROM `kq_course_plan` WHERE ( majoy_plan_fk="2" and term = "5" ) LIMIT 1   [ RunTime:0.0005s ]
SQL: SHOW COLUMNS FROM `kq_time` [ RunTime:0.0009s ]
SQL: SELECT * FROM `kq_time` WHERE ( week_number="6" and week = "星期六" and course_plan_fk ="2" ) ORDER BY what asc  [ RunTime:0.0006s ]

[ 2019-10-05T09:47:47+08:00 ] 127.0.0.1 /attendance_system/tp/Index.php/Home/GoInClass/index
INFO: [ app_init ] --START--
INFO: Run Behavior\BuildLiteBehavior [ RunTime:0.000029s ]
INFO: [ app_init ] --END-- [ RunTime:0.001840s ]
INFO: [ app_begin ] --START--
INFO: Run Behavior\ReadHtmlCacheBehavior [ RunTime:0.014903s ]
INFO: [ app_begin ] --END-- [ RunTime:0.015074s ]
SQL: SHOW COLUMNS FROM `kq_student` [ RunTime:0.0145s ]
SQL: SELECT `class_fk` FROM `kq_student` WHERE ( student_id="201730622106" ) LIMIT 1   [ RunTime:0.0530s ]
SQL: SHOW COLUMNS FROM `kq_class` [ RunTime:0.0185s ]
SQL: SELECT `majoy_plan_fk` FROM `kq_class` WHERE ( id="2" ) LIMIT 1   [ RunTime:0.0009s ]
SQL: SHOW COLUMNS FROM `kq_course_plan` [ RunTime:0.0127s ]
SQL: SELECT `id` FROM `kq_course_plan` WHERE ( majoy_plan_fk="2" and term = "5" ) LIMIT 1   [ RunTime:0.0012s ]
SQL: SHOW COLUMNS FROM `kq_time` [ RunTime:0.0027s ]
SQL: SELECT * FROM `kq_time` WHERE ( week_number="6" and week = "星期六" and course_plan_fk ="2" ) ORDER BY what asc  [ RunTime:0.0014s ]

[ 2019-10-05T09:48:57+08:00 ] 127.0.0.1 /attendance_system/tp/Index.php/Home/GoInClass/index
INFO: [ app_init ] --START--
INFO: Run Behavior\BuildLiteBehavior [ RunTime:0.000033s ]
INFO: [ app_init ] --END-- [ RunTime:0.001216s ]
INFO: [ app_begin ] --START--
INFO: Run Behavior\ReadHtmlCacheBehavior [ RunTime:0.007423s ]
INFO: [ app_begin ] --END-- [ RunTime:0.007546s ]
SQL: SHOW COLUMNS FROM `kq_student` [ RunTime:0.0014s ]
SQL: SELECT `class_fk` FROM `kq_student` WHERE ( student_id="201730622106" ) LIMIT 1   [ RunTime:0.0009s ]
SQL: SHOW COLUMNS FROM `kq_class` [ RunTime:0.0016s ]
SQL: SELECT `majoy_plan_fk` FROM `kq_class` WHERE ( id="2" ) LIMIT 1   [ RunTime:0.0007s ]
SQL: SHOW COLUMNS FROM `kq_course_plan` [ RunTime:0.0016s ]
SQL: SELECT `id` FROM `kq_course_plan` WHERE ( majoy_plan_fk="2" and term = "5" ) LIMIT 1   [ RunTime:0.0009s ]
SQL: SHOW COLUMNS FROM `kq_time` [ RunTime:0.0015s ]
SQL: SELECT * FROM `kq_time` WHERE ( week_number="6" and week = "星期六" and course_plan_fk ="2" ) ORDER BY what asc  [ RunTime:0.0009s ]

[ 2019-10-05T09:53:29+08:00 ] 127.0.0.1 /attendance_system/tp/Index.php/Home/Login/index
INFO: [ app_init ] --START--
INFO: Run Behavior\BuildLiteBehavior [ RunTime:0.000036s ]
INFO: [ app_init ] --END-- [ RunTime:0.002192s ]
INFO: [ app_begin ] --START--
INFO: Run Behavior\ReadHtmlCacheBehavior [ RunTime:0.008457s ]
INFO: [ app_begin ] --END-- [ RunTime:0.008587s ]
SQL: SHOW COLUMNS FROM `kq_student` [ RunTime:0.2574s ]
SQL: SELECT * FROM `kq_student` WHERE ( student_id = "" and student_name = "" ) LIMIT 1   [ RunTime:0.0253s ]

[ 2019-10-05T09:53:35+08:00 ] 127.0.0.1 /attendance_system/tp/Index.php/Home/Login/index
INFO: [ app_init ] --START--
INFO: Run Behavior\BuildLiteBehavior [ RunTime:0.000020s ]
INFO: [ app_init ] --END-- [ RunTime:0.001162s ]
INFO: [ app_begin ] --START--
INFO: Run Behavior\ReadHtmlCacheBehavior [ RunTime:0.006936s ]
INFO: [ app_begin ] --END-- [ RunTime:0.007036s ]
SQL: SHOW COLUMNS FROM `kq_student` [ RunTime:0.0105s ]
SQL: SELECT * FROM `kq_student` WHERE ( student_id = "201730622101" and student_name = "一号" ) LIMIT 1   [ RunTime:0.0007s ]

[ 2019-10-05T09:53:38+08:00 ] 127.0.0.1 /attendance_system/tp/Index.php/Home/GoInClass/index
INFO: [ app_init ] --START--
INFO: Run Behavior\BuildLiteBehavior [ RunTime:0.000032s ]
INFO: [ app_init ] --END-- [ RunTime:0.002051s ]
INFO: [ app_begin ] --START--
INFO: Run Behavior\ReadHtmlCacheBehavior [ RunTime:0.007813s ]
INFO: [ app_begin ] --END-- [ RunTime:0.007980s ]
SQL: SHOW COLUMNS FROM `kq_student` [ RunTime:0.0023s ]
SQL: SELECT `class_fk` FROM `kq_student` WHERE ( student_id="201730622101" ) LIMIT 1   [ RunTime:0.0011s ]
SQL: SHOW COLUMNS FROM `kq_class` [ RunTime:0.0747s ]
SQL: SELECT `majoy_plan_fk` FROM `kq_class` WHERE ( id="1" ) LIMIT 1   [ RunTime:0.0277s ]
SQL: SHOW COLUMNS FROM `kq_course_plan` [ RunTime:0.0020s ]
SQL: SELECT `id` FROM `kq_course_plan` WHERE ( majoy_plan_fk="1" and term = "5" ) LIMIT 1   [ RunTime:0.1216s ]
SQL: SHOW COLUMNS FROM `kq_time` [ RunTime:0.0022s ]
SQL: SELECT * FROM `kq_time` WHERE ( week_number="6" and week = "星期六" and course_plan_fk ="1" ) ORDER BY what asc  [ RunTime:0.0019s ]

[ 2019-10-05T09:53:45+08:00 ] 127.0.0.1 /attendance_system/tp/Index.php/Home/Attendance/index
INFO: [ app_init ] --START--
INFO: Run Behavior\BuildLiteBehavior [ RunTime:0.000029s ]
INFO: [ app_init ] --END-- [ RunTime:0.001584s ]
INFO: [ app_begin ] --START--
INFO: Run Behavior\ReadHtmlCacheBehavior [ RunTime:0.008075s ]
INFO: [ app_begin ] --END-- [ RunTime:0.008218s ]
SQL: SHOW COLUMNS FROM `kq_student` [ RunTime:0.0011s ]
SQL: SELECT `class_fk` FROM `kq_student` WHERE ( student_id="201730622101" ) LIMIT 1   [ RunTime:0.0006s ]
SQL: SHOW COLUMNS FROM `kq_time` [ RunTime:0.0014s ]
SQL: SELECT `id` FROM `kq_time` WHERE ( week_number= "6" and week = "星期六" and what = "二"   and course_plan_fk = "1" ) LIMIT 1   [ RunTime:0.0010s ]
SQL: SHOW COLUMNS FROM `kq_attendance` [ RunTime:0.0015s ]
SQL: SELECT `id` FROM `kq_attendance` WHERE ( student_fk = "1" and time_fk = "11" ) LIMIT 1   [ RunTime:0.0011s ]

[ 2019-10-05T09:53:49+08:00 ] 127.0.0.1 /attendance_system/tp/Index.php/Home/Attendance/index
INFO: [ app_init ] --START--
INFO: Run Behavior\BuildLiteBehavior [ RunTime:0.000026s ]
INFO: [ app_init ] --END-- [ RunTime:0.001055s ]
INFO: [ app_begin ] --START--
INFO: Run Behavior\ReadHtmlCacheBehavior [ RunTime:0.006040s ]
INFO: [ app_begin ] --END-- [ RunTime:0.006169s ]
SQL: SHOW COLUMNS FROM `kq_student` [ RunTime:0.0015s ]
SQL: SELECT `class_fk` FROM `kq_student` WHERE ( student_id="201730622101" ) LIMIT 1   [ RunTime:0.0007s ]
SQL: SHOW COLUMNS FROM `kq_time` [ RunTime:0.0110s ]
SQL: SELECT `id` FROM `kq_time` WHERE ( week_number= "6" and week = "星期六" and what = "二"   and course_plan_fk = "1" ) LIMIT 1   [ RunTime:0.0007s ]
SQL: SHOW COLUMNS FROM `kq_attendance` [ RunTime:0.0108s ]
SQL: SELECT `id` FROM `kq_attendance` WHERE ( student_fk = "1" and time_fk = "11" ) LIMIT 1   [ RunTime:0.0008s ]

[ 2019-10-05T09:53:52+08:00 ] 127.0.0.1 /attendance_system/tp/Index.php/Home/Attendance/index
INFO: [ app_init ] --START--
INFO: Run Behavior\BuildLiteBehavior [ RunTime:0.000021s ]
INFO: [ app_init ] --END-- [ RunTime:0.002022s ]
INFO: [ app_begin ] --START--
INFO: Run Behavior\ReadHtmlCacheBehavior [ RunTime:0.006578s ]
INFO: [ app_begin ] --END-- [ RunTime:0.006676s ]
SQL: SHOW COLUMNS FROM `kq_student` [ RunTime:0.0008s ]
SQL: SELECT `class_fk` FROM `kq_student` WHERE ( student_id="201730622101" ) LIMIT 1   [ RunTime:0.0005s ]
SQL: SHOW COLUMNS FROM `kq_time` [ RunTime:0.0008s ]
SQL: SELECT `id` FROM `kq_time` WHERE ( week_number= "6" and week = "星期六" and what = "二"   and course_plan_fk = "1" ) LIMIT 1   [ RunTime:0.0005s ]
SQL: SHOW COLUMNS FROM `kq_attendance` [ RunTime:0.0008s ]
SQL: SELECT `id` FROM `kq_attendance` WHERE ( student_fk = "1" and time_fk = "11" ) LIMIT 1   [ RunTime:0.0005s ]

[ 2019-10-05T09:54:06+08:00 ] 127.0.0.1 /attendance_system/tp/Index.php/Home/Login/index
INFO: [ app_init ] --START--
INFO: Run Behavior\BuildLiteBehavior [ RunTime:0.000024s ]
INFO: [ app_init ] --END-- [ RunTime:0.001445s ]
INFO: [ app_begin ] --START--
INFO: Run Behavior\ReadHtmlCacheBehavior [ RunTime:0.007453s ]
INFO: [ app_begin ] --END-- [ RunTime:0.007575s ]
SQL: SHOW COLUMNS FROM `kq_student` [ RunTime:0.0167s ]
SQL: SELECT * FROM `kq_student` WHERE ( student_id = "" and student_name = "" ) LIMIT 1   [ RunTime:0.0088s ]

[ 2019-10-05T09:54:42+08:00 ] 127.0.0.1 /attendance_system/tp/Index.php/Home/Attendance/index
INFO: [ app_init ] --START--
INFO: Run Behavior\BuildLiteBehavior [ RunTime:0.000033s ]
INFO: [ app_init ] --END-- [ RunTime:0.002026s ]
INFO: [ app_begin ] --START--
INFO: Run Behavior\ReadHtmlCacheBehavior [ RunTime:0.013963s ]
INFO: [ app_begin ] --END-- [ RunTime:0.014140s ]
SQL: SHOW COLUMNS FROM `kq_student` [ RunTime:0.0038s ]
SQL: SELECT `class_fk` FROM `kq_student` WHERE ( student_id="201730622101" ) LIMIT 1   [ RunTime:0.0009s ]
SQL: SHOW COLUMNS FROM `kq_time` [ RunTime:0.0018s ]
SQL: SELECT `id` FROM `kq_time` WHERE ( week_number= "6" and week = "星期六" and what = "二"   and course_plan_fk = "1" ) LIMIT 1   [ RunTime:0.0015s ]
SQL: SHOW COLUMNS FROM `kq_attendance` [ RunTime:0.0022s ]
SQL: SELECT `id` FROM `kq_attendance` WHERE ( student_fk = "1" and time_fk = "11" ) LIMIT 1   [ RunTime:0.0011s ]

[ 2019-10-05T09:55:34+08:00 ] 127.0.0.1 /attendance_system/tp/Index.php/Home/Attendance/index
INFO: [ app_init ] --START--
INFO: Run Behavior\BuildLiteBehavior [ RunTime:0.000031s ]
INFO: [ app_init ] --END-- [ RunTime:0.001855s ]
INFO: [ app_begin ] --START--
INFO: Run Behavior\ReadHtmlCacheBehavior [ RunTime:0.010009s ]
INFO: [ app_begin ] --END-- [ RunTime:0.010180s ]
SQL: SHOW COLUMNS FROM `kq_student` [ RunTime:0.0477s ]
SQL: SELECT `class_fk` FROM `kq_student` WHERE ( student_id="201730622101" ) LIMIT 1   [ RunTime:0.0011s ]
SQL: SHOW COLUMNS FROM `kq_time` [ RunTime:0.0017s ]
SQL: SELECT `id` FROM `kq_time` WHERE ( week_number= "6" and week = "星期六" and what = "二"   and course_plan_fk = "1" ) LIMIT 1   [ RunTime:0.0016s ]
SQL: SHOW COLUMNS FROM `kq_attendance` [ RunTime:0.0026s ]
SQL: SELECT `id` FROM `kq_attendance` WHERE ( student_fk = "1" and time_fk = "11" ) LIMIT 1   [ RunTime:0.0016s ]

[ 2019-10-05T09:57:04+08:00 ] 127.0.0.1 /attendance_system/tp/Index.php/Home/Attendance/index
INFO: [ app_init ] --START--
INFO: Run Behavior\BuildLiteBehavior [ RunTime:0.000021s ]
INFO: [ app_init ] --END-- [ RunTime:0.001442s ]
INFO: [ app_begin ] --START--
INFO: Run Behavior\ReadHtmlCacheBehavior [ RunTime:0.004628s ]
INFO: [ app_begin ] --END-- [ RunTime:0.004741s ]
SQL: SHOW COLUMNS FROM `kq_student` [ RunTime:0.0018s ]
SQL: SELECT `class_fk` FROM `kq_student` WHERE ( student_id="201730622101" ) LIMIT 1   [ RunTime:0.0009s ]
SQL: SHOW COLUMNS FROM `kq_time` [ RunTime:0.0016s ]
SQL: SELECT `id` FROM `kq_time` WHERE ( week_number= "6" and week = "星期六" and what = "二"   and course_plan_fk = "1" ) LIMIT 1   [ RunTime:0.0010s ]
SQL: SHOW COLUMNS FROM `kq_attendance` [ RunTime:0.0015s ]
SQL: SELECT `id` FROM `kq_attendance` WHERE ( student_fk = "1" and time_fk = "11" ) LIMIT 1   [ RunTime:0.0010s ]

[ 2019-10-05T10:20:52+08:00 ] 127.0.0.1 /attendance_system/tp/Index.php/Home/Attendance/index
INFO: [ app_init ] --START--
INFO: Run Behavior\BuildLiteBehavior [ RunTime:0.000170s ]
INFO: [ app_init ] --END-- [ RunTime:0.172343s ]
INFO: [ app_begin ] --START--
INFO: Run Behavior\ReadHtmlCacheBehavior [ RunTime:0.015997s ]
INFO: [ app_begin ] --END-- [ RunTime:0.016181s ]
SQL: SHOW COLUMNS FROM `kq_student` [ RunTime:4.3587s ]
SQL: SELECT `class_fk` FROM `kq_student` WHERE ( student_id="201730622101" ) LIMIT 1   [ RunTime:0.4249s ]
SQL: SHOW COLUMNS FROM `kq_time` [ RunTime:0.1597s ]
SQL: SELECT `id` FROM `kq_time` WHERE ( week_number= "6" and week = "星期六" and what = "三"   and course_plan_fk = "1" ) LIMIT 1   [ RunTime:0.2917s ]
SQL: SHOW COLUMNS FROM `kq_attendance` [ RunTime:0.0013s ]
SQL: SELECT `id` FROM `kq_attendance` WHERE ( student_fk = "1" and time_fk = "12" ) LIMIT 1   [ RunTime:0.0218s ]
SQL: INSERT INTO `kq_attendance` (`student_fk`,`time_fk`,`status`) VALUES ('1','12','迟到') [ RunTime:1.0275s ]

[ 2019-10-05T10:27:27+08:00 ] 127.0.0.1 /attendance_system/tp/Index.php/Home/Attendance/index
INFO: [ app_init ] --START--
INFO: Run Behavior\BuildLiteBehavior [ RunTime:0.000112s ]
INFO: [ app_init ] --END-- [ RunTime:0.004060s ]
INFO: [ app_begin ] --START--
INFO: Run Behavior\ReadHtmlCacheBehavior [ RunTime:0.033383s ]
INFO: [ app_begin ] --END-- [ RunTime:0.033522s ]
SQL: SHOW COLUMNS FROM `kq_student` [ RunTime:0.4548s ]
SQL: SELECT `class_fk` FROM `kq_student` WHERE ( student_id="201730622101" ) LIMIT 1   [ RunTime:0.0022s ]
SQL: SHOW COLUMNS FROM `kq_time` [ RunTime:0.0035s ]
SQL: SELECT `id` FROM `kq_time` WHERE ( week_number= "6" and week = "星期六" and what = "三"   and course_plan_fk = "1" ) LIMIT 1   [ RunTime:0.0313s ]
SQL: SHOW COLUMNS FROM `kq_attendance` [ RunTime:0.0030s ]
SQL: SELECT `id` FROM `kq_attendance` WHERE ( student_fk = "1" and time_fk = "12" ) LIMIT 1   [ RunTime:0.0071s ]

[ 2019-10-05T11:11:05+08:00 ] 127.0.0.1 /attendance_system/tp/Index.php/Home/Login/index
INFO: [ app_init ] --START--
INFO: Run Behavior\BuildLiteBehavior [ RunTime:0.000046s ]
INFO: [ app_init ] --END-- [ RunTime:0.021293s ]
INFO: [ app_begin ] --START--
INFO: Run Behavior\ReadHtmlCacheBehavior [ RunTime:0.008810s ]
INFO: [ app_begin ] --END-- [ RunTime:0.008970s ]
SQL: SHOW COLUMNS FROM `kq_student` [ RunTime:0.7353s ]
SQL: SELECT * FROM `kq_student` WHERE ( student_id = "" and student_name = "" ) LIMIT 1   [ RunTime:0.1282s ]

[ 2019-10-05T11:11:10+08:00 ] 127.0.0.1 /attendance_system/tp/Index.php/Home/Login/index
INFO: [ app_init ] --START--
INFO: Run Behavior\BuildLiteBehavior [ RunTime:0.000020s ]
INFO: [ app_init ] --END-- [ RunTime:0.001139s ]
INFO: [ app_begin ] --START--
INFO: Run Behavior\ReadHtmlCacheBehavior [ RunTime:0.005207s ]
INFO: [ app_begin ] --END-- [ RunTime:0.005309s ]
SQL: SHOW COLUMNS FROM `kq_student` [ RunTime:0.1399s ]
SQL: SELECT * FROM `kq_student` WHERE ( student_id = "201730622101" and student_name = "一号" ) LIMIT 1   [ RunTime:0.0017s ]

[ 2019-10-05T11:11:15+08:00 ] 127.0.0.1 /attendance_system/tp/Index.php/Home/GoInClass/index
INFO: [ app_init ] --START--
INFO: Run Behavior\BuildLiteBehavior [ RunTime:0.000035s ]
INFO: [ app_init ] --END-- [ RunTime:0.003073s ]
INFO: [ app_begin ] --START--
INFO: Run Behavior\ReadHtmlCacheBehavior [ RunTime:0.008463s ]
INFO: [ app_begin ] --END-- [ RunTime:0.008594s ]
SQL: SHOW COLUMNS FROM `kq_student` [ RunTime:0.0572s ]
SQL: SELECT `class_fk` FROM `kq_student` WHERE ( student_id="201730622101" ) LIMIT 1   [ RunTime:0.0167s ]
SQL: SHOW COLUMNS FROM `kq_class` [ RunTime:0.1212s ]
SQL: SELECT `majoy_plan_fk` FROM `kq_class` WHERE ( id="1" ) LIMIT 1   [ RunTime:0.0460s ]
SQL: SHOW COLUMNS FROM `kq_course_plan` [ RunTime:0.0252s ]
SQL: SELECT `id` FROM `kq_course_plan` WHERE ( majoy_plan_fk="1" and term = "5" ) LIMIT 1   [ RunTime:0.0496s ]
SQL: SHOW COLUMNS FROM `kq_time` [ RunTime:0.0192s ]
SQL: SELECT * FROM `kq_time` WHERE ( week_number="6" and week = "星期六" and course_plan_fk ="1" ) ORDER BY what asc  [ RunTime:0.1556s ]

[ 2019-10-05T11:18:48+08:00 ] 127.0.0.1 /attendance_system/tp/Index.php/Home/Login/index
INFO: [ app_init ] --START--
INFO: Run Behavior\BuildLiteBehavior [ RunTime:0.000013s ]
INFO: [ app_init ] --END-- [ RunTime:0.000706s ]
INFO: [ app_begin ] --START--
INFO: Run Behavior\ReadHtmlCacheBehavior [ RunTime:0.002857s ]
INFO: [ app_begin ] --END-- [ RunTime:0.002912s ]
SQL: SHOW COLUMNS FROM `kq_student` [ RunTime:0.0714s ]
SQL: SELECT * FROM `kq_student` WHERE ( student_id = "" and student_name = "" ) LIMIT 1   [ RunTime:0.0015s ]

[ 2019-10-05T11:18:50+08:00 ] 127.0.0.1 /attendance_system/tp/Index.php/Home/Login/index
INFO: [ app_init ] --START--
INFO: Run Behavior\BuildLiteBehavior [ RunTime:0.000012s ]
INFO: [ app_init ] --END-- [ RunTime:0.000676s ]
INFO: [ app_begin ] --START--
INFO: Run Behavior\ReadHtmlCacheBehavior [ RunTime:0.002805s ]
INFO: [ app_begin ] --END-- [ RunTime:0.002860s ]
SQL: SHOW COLUMNS FROM `kq_student` [ RunTime:0.0517s ]
SQL: SELECT * FROM `kq_student` WHERE ( student_id = "" and student_name = "" ) LIMIT 1   [ RunTime:0.0012s ]

[ 2019-10-05T11:19:02+08:00 ] 127.0.0.1 /attendance_system/tp/Index.php/Home/Attendance/index
INFO: [ app_init ] --START--
INFO: Run Behavior\BuildLiteBehavior [ RunTime:0.000012s ]
INFO: [ app_init ] --END-- [ RunTime:0.000701s ]
INFO: [ app_begin ] --START--
INFO: Run Behavior\ReadHtmlCacheBehavior [ RunTime:0.002810s ]
INFO: [ app_begin ] --END-- [ RunTime:0.002874s ]
SQL: SHOW COLUMNS FROM `kq_student` [ RunTime:0.0107s ]
SQL: SELECT `class_fk` FROM `kq_student` WHERE ( student_id="201730622101" ) LIMIT 1   [ RunTime:0.0193s ]
SQL: SHOW COLUMNS FROM `kq_time` [ RunTime:0.0231s ]
SQL: SELECT `id` FROM `kq_time` WHERE ( week_number= "6" and week = "星期六" and what = "四"   and course_plan_fk = "1" ) LIMIT 1   [ RunTime:0.0376s ]
SQL: SHOW COLUMNS FROM `kq_attendance` [ RunTime:0.0450s ]
SQL: SELECT `id` FROM `kq_attendance` WHERE ( student_fk = "1" and time_fk = "9" ) LIMIT 1   [ RunTime:0.0006s ]
SQL: INSERT INTO `kq_attendance` (`student_fk`,`time_fk`,`status`) VALUES ('1','9','迟到') [ RunTime:0.3699s ]

[ 2019-10-05T11:19:05+08:00 ] 127.0.0.1 /attendance_system/tp/Index.php/Home/Attendance/index
INFO: [ app_init ] --START--
INFO: Run Behavior\BuildLiteBehavior [ RunTime:0.000022s ]
INFO: [ app_init ] --END-- [ RunTime:0.001158s ]
INFO: [ app_begin ] --START--
INFO: Run Behavior\ReadHtmlCacheBehavior [ RunTime:0.005311s ]
INFO: [ app_begin ] --END-- [ RunTime:0.005431s ]
SQL: SHOW COLUMNS FROM `kq_student` [ RunTime:0.0339s ]
SQL: SELECT `class_fk` FROM `kq_student` WHERE ( student_id="201730622101" ) LIMIT 1   [ RunTime:0.0005s ]
SQL: SHOW COLUMNS FROM `kq_time` [ RunTime:0.0094s ]
SQL: SELECT `id` FROM `kq_time` WHERE ( week_number= "6" and week = "星期六" and what = "四"   and course_plan_fk = "1" ) LIMIT 1   [ RunTime:0.0008s ]
SQL: SHOW COLUMNS FROM `kq_attendance` [ RunTime:0.0530s ]
SQL: SELECT `id` FROM `kq_attendance` WHERE ( student_fk = "1" and time_fk = "9" ) LIMIT 1   [ RunTime:0.0013s ]

[ 2019-10-05T11:21:43+08:00 ] 127.0.0.1 /attendance_system/tp/Index.php/Home/Login/index
INFO: [ app_init ] --START--
INFO: Run Behavior\BuildLiteBehavior [ RunTime:0.000014s ]
INFO: [ app_init ] --END-- [ RunTime:0.000804s ]
INFO: [ app_begin ] --START--
INFO: Run Behavior\ReadHtmlCacheBehavior [ RunTime:0.002868s ]
INFO: [ app_begin ] --END-- [ RunTime:0.002922s ]
SQL: SHOW COLUMNS FROM `kq_student` [ RunTime:0.0905s ]
SQL: SELECT * FROM `kq_student` WHERE ( student_id = "201730622101" and student_name = "一号" ) LIMIT 1   [ RunTime:0.0064s ]

[ 2019-10-05T11:22:02+08:00 ] 127.0.0.1 /attendance_system/tp/Index.php/Home/Login/index
INFO: [ app_init ] --START--
INFO: Run Behavior\BuildLiteBehavior [ RunTime:0.000016s ]
INFO: [ app_init ] --END-- [ RunTime:0.000876s ]
INFO: [ app_begin ] --START--
INFO: Run Behavior\ReadHtmlCacheBehavior [ RunTime:0.002768s ]
INFO: [ app_begin ] --END-- [ RunTime:0.002822s ]
SQL: SHOW COLUMNS FROM `kq_student` [ RunTime:0.0113s ]
SQL: SELECT * FROM `kq_student` WHERE ( student_id = "12" and student_name = "" ) LIMIT 1   [ RunTime:0.0270s ]

[ 2019-10-05T11:22:05+08:00 ] 127.0.0.1 /attendance_system/tp/Index.php/Home/Login/index
INFO: [ app_init ] --START--
INFO: Run Behavior\BuildLiteBehavior [ RunTime:0.000013s ]
INFO: [ app_init ] --END-- [ RunTime:0.000712s ]
INFO: [ app_begin ] --START--
INFO: Run Behavior\ReadHtmlCacheBehavior [ RunTime:0.002799s ]
INFO: [ app_begin ] --END-- [ RunTime:0.002874s ]
SQL: SHOW COLUMNS FROM `kq_student` [ RunTime:0.0423s ]
SQL: SELECT * FROM `kq_student` WHERE ( student_id = "12" and student_name = "12" ) LIMIT 1   [ RunTime:0.0343s ]

[ 2019-10-05T11:23:43+08:00 ] 127.0.0.1 /attendance_system/tp/Index.php/Home/Login/index
INFO: [ app_init ] --START--
INFO: Run Behavior\BuildLiteBehavior [ RunTime:0.000013s ]
INFO: [ app_init ] --END-- [ RunTime:0.000709s ]
INFO: [ app_begin ] --START--
INFO: Run Behavior\ReadHtmlCacheBehavior [ RunTime:0.002838s ]
INFO: [ app_begin ] --END-- [ RunTime:0.002891s ]
SQL: SHOW COLUMNS FROM `kq_student` [ RunTime:0.0116s ]
SQL: SELECT * FROM `kq_student` WHERE ( student_id = "" and student_name = "" ) LIMIT 1   [ RunTime:0.0285s ]

[ 2019-10-05T11:23:52+08:00 ] 127.0.0.1 /attendance_system/tp/Index.php/Home/Login/index
INFO: [ app_init ] --START--
INFO: Run Behavior\BuildLiteBehavior [ RunTime:0.000013s ]
INFO: [ app_init ] --END-- [ RunTime:0.000693s ]
INFO: [ app_begin ] --START--
INFO: Run Behavior\ReadHtmlCacheBehavior [ RunTime:0.003363s ]
INFO: [ app_begin ] --END-- [ RunTime:0.003423s ]
SQL: SHOW COLUMNS FROM `kq_student` [ RunTime:0.0756s ]
SQL: SELECT * FROM `kq_student` WHERE ( student_id = "201730622101" and student_name = "一号" ) LIMIT 1   [ RunTime:0.0015s ]

[ 2019-10-05T11:23:55+08:00 ] 127.0.0.1 /attendance_system/tp/Index.php/Home/GoInClass/index
INFO: [ app_init ] --START--
INFO: Run Behavior\BuildLiteBehavior [ RunTime:0.000011s ]
INFO: [ app_init ] --END-- [ RunTime:0.000649s ]
INFO: [ app_begin ] --START--
INFO: Run Behavior\ReadHtmlCacheBehavior [ RunTime:0.002778s ]
INFO: [ app_begin ] --END-- [ RunTime:0.002831s ]
SQL: SHOW COLUMNS FROM `kq_student` [ RunTime:0.0218s ]
SQL: SELECT `class_fk` FROM `kq_student` WHERE ( student_id="201730622101" ) LIMIT 1   [ RunTime:0.0010s ]
SQL: SHOW COLUMNS FROM `kq_class` [ RunTime:0.0460s ]
SQL: SELECT `majoy_plan_fk` FROM `kq_class` WHERE ( id="1" ) LIMIT 1   [ RunTime:0.0013s ]
SQL: SHOW COLUMNS FROM `kq_course_plan` [ RunTime:0.0013s ]
SQL: SELECT `id` FROM `kq_course_plan` WHERE ( majoy_plan_fk="1" and term = "5" ) LIMIT 1   [ RunTime:0.0008s ]
SQL: SHOW COLUMNS FROM `kq_time` [ RunTime:0.0015s ]
SQL: SELECT * FROM `kq_time` WHERE ( week_number="6" and week = "星期六" and course_plan_fk ="1" ) ORDER BY what asc  [ RunTime:0.0010s ]

[ 2019-10-05T11:26:34+08:00 ] 127.0.0.1 /attendance_system/tp/Index.php/Home/Attendance/index
INFO: [ app_init ] --START--
INFO: Run Behavior\BuildLiteBehavior [ RunTime:0.000014s ]
INFO: [ app_init ] --END-- [ RunTime:0.000802s ]
INFO: [ app_begin ] --START--
INFO: Run Behavior\ReadHtmlCacheBehavior [ RunTime:0.002843s ]
INFO: [ app_begin ] --END-- [ RunTime:0.002908s ]
SQL: SHOW COLUMNS FROM `kq_student` [ RunTime:0.1180s ]
SQL: SELECT `class_fk` FROM `kq_student` WHERE ( student_id="201730622101" ) LIMIT 1   [ RunTime:0.0008s ]
SQL: SHOW COLUMNS FROM `kq_time` [ RunTime:0.0350s ]
SQL: SELECT `id` FROM `kq_time` WHERE ( week_number= "6" and week = "星期六" and what = "四"   and course_plan_fk = "1" ) LIMIT 1   [ RunTime:0.0011s ]
SQL: SHOW COLUMNS FROM `kq_attendance` [ RunTime:0.0201s ]
SQL: SELECT `id` FROM `kq_attendance` WHERE ( student_fk = "1" and time_fk = "9" ) LIMIT 1   [ RunTime:0.0143s ]

[ 2019-10-05T11:27:15+08:00 ] 127.0.0.1 /attendance_system/tp/Index.php/Home/Login/index
INFO: [ app_init ] --START--
INFO: Run Behavior\BuildLiteBehavior [ RunTime:0.000016s ]
INFO: [ app_init ] --END-- [ RunTime:0.000758s ]
INFO: [ app_begin ] --START--
INFO: Run Behavior\ReadHtmlCacheBehavior [ RunTime:0.003978s ]
INFO: [ app_begin ] --END-- [ RunTime:0.004062s ]
SQL: SHOW COLUMNS FROM `kq_student` [ RunTime:0.0932s ]
SQL: SELECT * FROM `kq_student` WHERE ( student_id = "201730622101" and student_name = "一号" ) LIMIT 1   [ RunTime:0.0014s ]

[ 2019-10-05T11:27:18+08:00 ] 127.0.0.1 /attendance_system/tp/Index.php/Home/GoInClass/index
INFO: [ app_init ] --START--
INFO: Run Behavior\BuildLiteBehavior [ RunTime:0.000014s ]
INFO: [ app_init ] --END-- [ RunTime:0.000971s ]
INFO: [ app_begin ] --START--
INFO: Run Behavior\ReadHtmlCacheBehavior [ RunTime:0.002766s ]
INFO: [ app_begin ] --END-- [ RunTime:0.002814s ]
SQL: SHOW COLUMNS FROM `kq_student` [ RunTime:0.0288s ]
SQL: SELECT `class_fk` FROM `kq_student` WHERE ( student_id="201730622101" ) LIMIT 1   [ RunTime:0.0010s ]
SQL: SHOW COLUMNS FROM `kq_class` [ RunTime:0.0571s ]
SQL: SELECT `majoy_plan_fk` FROM `kq_class` WHERE ( id="1" ) LIMIT 1   [ RunTime:0.0270s ]
SQL: SHOW COLUMNS FROM `kq_course_plan` [ RunTime:0.0022s ]
SQL: SELECT `id` FROM `kq_course_plan` WHERE ( majoy_plan_fk="1" and term = "5" ) LIMIT 1   [ RunTime:0.0010s ]
SQL: SHOW COLUMNS FROM `kq_time` [ RunTime:0.0437s ]
SQL: SELECT * FROM `kq_time` WHERE ( week_number="6" and week = "星期六" and course_plan_fk ="1" ) ORDER BY what asc  [ RunTime:0.0013s ]

[ 2019-10-05T11:28:02+08:00 ] 127.0.0.1 /attendance_system/tp/Index.php/Home/Login/index
INFO: [ app_init ] --START--
INFO: Run Behavior\BuildLiteBehavior [ RunTime:0.000023s ]
INFO: [ app_init ] --END-- [ RunTime:0.001382s ]
INFO: [ app_begin ] --START--
INFO: Run Behavior\ReadHtmlCacheBehavior [ RunTime:0.007590s ]
INFO: [ app_begin ] --END-- [ RunTime:0.007707s ]
SQL: SHOW COLUMNS FROM `kq_student` [ RunTime:0.0010s ]
SQL: SELECT * FROM `kq_student` WHERE ( student_id = "201730622101" and student_name = "一号" ) LIMIT 1   [ RunTime:0.0006s ]

[ 2019-10-05T11:28:04+08:00 ] 127.0.0.1 /attendance_system/tp/Index.php/Home/GoInClass/index
INFO: [ app_init ] --START--
INFO: Run Behavior\BuildLiteBehavior [ RunTime:0.000014s ]
INFO: [ app_init ] --END-- [ RunTime:0.000702s ]
INFO: [ app_begin ] --START--
INFO: Run Behavior\ReadHtmlCacheBehavior [ RunTime:0.003047s ]
INFO: [ app_begin ] --END-- [ RunTime:0.003121s ]
SQL: SHOW COLUMNS FROM `kq_student` [ RunTime:0.0008s ]
SQL: SELECT `class_fk` FROM `kq_student` WHERE ( student_id="201730622101" ) LIMIT 1   [ RunTime:0.0004s ]
SQL: SHOW COLUMNS FROM `kq_class` [ RunTime:0.0488s ]
SQL: SELECT `majoy_plan_fk` FROM `kq_class` WHERE ( id="1" ) LIMIT 1   [ RunTime:0.0005s ]
SQL: SHOW COLUMNS FROM `kq_course_plan` [ RunTime:0.0058s ]
SQL: SELECT `id` FROM `kq_course_plan` WHERE ( majoy_plan_fk="1" and term = "5" ) LIMIT 1   [ RunTime:0.0005s ]
SQL: SHOW COLUMNS FROM `kq_time` [ RunTime:0.0007s ]
SQL: SELECT * FROM `kq_time` WHERE ( week_number="6" and week = "星期六" and course_plan_fk ="1" ) ORDER BY what asc  [ RunTime:0.0238s ]

[ 2019-10-05T11:28:09+08:00 ] 127.0.0.1 /attendance_system/tp/Index.php/Home/Attendance/index
INFO: [ app_init ] --START--
INFO: Run Behavior\BuildLiteBehavior [ RunTime:0.000133s ]
INFO: [ app_init ] --END-- [ RunTime:0.000907s ]
INFO: [ app_begin ] --START--
INFO: Run Behavior\ReadHtmlCacheBehavior [ RunTime:0.003209s ]
INFO: [ app_begin ] --END-- [ RunTime:0.003292s ]
SQL: SHOW COLUMNS FROM `kq_student` [ RunTime:0.0017s ]
SQL: SELECT `class_fk` FROM `kq_student` WHERE ( student_id="201730622101" ) LIMIT 1   [ RunTime:0.0006s ]
SQL: SHOW COLUMNS FROM `kq_time` [ RunTime:0.0013s ]
SQL: SELECT `id` FROM `kq_time` WHERE ( week_number= "6" and week = "星期六" and what = "四"   and course_plan_fk = "1" ) LIMIT 1   [ RunTime:0.0011s ]
SQL: SHOW COLUMNS FROM `kq_attendance` [ RunTime:0.0176s ]
SQL: SELECT `id` FROM `kq_attendance` WHERE ( student_fk = "1" and time_fk = "9" ) LIMIT 1   [ RunTime:0.0009s ]

[ 2019-10-05T12:23:23+08:00 ] 127.0.0.1 /attendance_system/tp/Index.php/Home/Login/index
INFO: [ app_init ] --START--
INFO: Run Behavior\BuildLiteBehavior [ RunTime:0.000026s ]
INFO: [ app_init ] --END-- [ RunTime:0.047169s ]
INFO: [ app_begin ] --START--
INFO: Run Behavior\ReadHtmlCacheBehavior [ RunTime:0.003343s ]
INFO: [ app_begin ] --END-- [ RunTime:0.003405s ]
SQL: SHOW COLUMNS FROM `kq_student` [ RunTime:0.4573s ]
SQL: SELECT * FROM `kq_student` WHERE ( student_id = "201730622101" and student_name = "一号" ) LIMIT 1   [ RunTime:0.0954s ]

[ 2019-10-05T12:23:31+08:00 ] 127.0.0.1 /attendance_system/tp/Index.php/Home/GoInClass/index
INFO: [ app_init ] --START--
INFO: Run Behavior\BuildLiteBehavior [ RunTime:0.000012s ]
INFO: [ app_init ] --END-- [ RunTime:0.000729s ]
INFO: [ app_begin ] --START--
INFO: Run Behavior\ReadHtmlCacheBehavior [ RunTime:0.003158s ]
INFO: [ app_begin ] --END-- [ RunTime:0.003213s ]
SQL: SHOW COLUMNS FROM `kq_student` [ RunTime:0.0930s ]
SQL: SELECT `class_fk` FROM `kq_student` WHERE ( student_id="201730622101" ) LIMIT 1   [ RunTime:0.0228s ]
SQL: SHOW COLUMNS FROM `kq_class` [ RunTime:0.0609s ]
SQL: SELECT `majoy_plan_fk` FROM `kq_class` WHERE ( id="1" ) LIMIT 1   [ RunTime:0.0480s ]
SQL: SHOW COLUMNS FROM `kq_course_plan` [ RunTime:0.0363s ]
SQL: SELECT `id` FROM `kq_course_plan` WHERE ( majoy_plan_fk="1" and term = "5" ) LIMIT 1   [ RunTime:0.0080s ]
SQL: SHOW COLUMNS FROM `kq_time` [ RunTime:0.0363s ]
SQL: SELECT * FROM `kq_time` WHERE ( week_number="6" and week = "星期六" and course_plan_fk ="1" ) ORDER BY what asc  [ RunTime:0.0243s ]

[ 2019-10-05T12:23:35+08:00 ] 127.0.0.1 /attendance_system/tp/Index.php/Home/Attendance/index
INFO: [ app_init ] --START--
INFO: Run Behavior\BuildLiteBehavior [ RunTime:0.000015s ]
INFO: [ app_init ] --END-- [ RunTime:0.000831s ]
INFO: [ app_begin ] --START--
INFO: Run Behavior\ReadHtmlCacheBehavior [ RunTime:0.004535s ]
INFO: [ app_begin ] --END-- [ RunTime:0.004604s ]
SQL: SHOW COLUMNS FROM `kq_student` [ RunTime:0.0232s ]
SQL: SELECT `class_fk` FROM `kq_student` WHERE ( student_id="201730622101" ) LIMIT 1   [ RunTime:0.0004s ]
SQL: SHOW COLUMNS FROM `kq_time` [ RunTime:0.0169s ]
SQL: SELECT `id` FROM `kq_time` WHERE ( week_number= "6" and week = "星期六" and what = "四"   and course_plan_fk = "1" ) LIMIT 1   [ RunTime:0.0274s ]
SQL: SHOW COLUMNS FROM `kq_attendance` [ RunTime:0.0618s ]
SQL: SELECT `id` FROM `kq_attendance` WHERE ( student_fk = "1" and time_fk = "9" ) LIMIT 1   [ RunTime:0.0242s ]

[ 2019-10-05T12:23:39+08:00 ] 127.0.0.1 /attendance_system/tp/Index.php/Home/Attendance/index
INFO: [ app_init ] --START--
INFO: Run Behavior\BuildLiteBehavior [ RunTime:0.000017s ]
INFO: [ app_init ] --END-- [ RunTime:0.002460s ]
INFO: [ app_begin ] --START--
INFO: Run Behavior\ReadHtmlCacheBehavior [ RunTime:0.003282s ]
INFO: [ app_begin ] --END-- [ RunTime:0.003348s ]
SQL: SHOW COLUMNS FROM `kq_student` [ RunTime:0.0695s ]
SQL: SELECT `class_fk` FROM `kq_student` WHERE ( student_id="201730622101" ) LIMIT 1   [ RunTime:0.0011s ]
SQL: SHOW COLUMNS FROM `kq_time` [ RunTime:0.0022s ]
SQL: SELECT `id` FROM `kq_time` WHERE ( week_number= "6" and week = "星期六" and what = "四"   and course_plan_fk = "1" ) LIMIT 1   [ RunTime:0.0243s ]
SQL: SHOW COLUMNS FROM `kq_attendance` [ RunTime:0.0264s ]
SQL: SELECT `id` FROM `kq_attendance` WHERE ( student_fk = "1" and time_fk = "9" ) LIMIT 1   [ RunTime:0.0013s ]

[ 2019-10-05T12:23:41+08:00 ] 127.0.0.1 /attendance_system/tp/Index.php/Home/Attendance/index
INFO: [ app_init ] --START--
INFO: Run Behavior\BuildLiteBehavior [ RunTime:0.000021s ]
INFO: [ app_init ] --END-- [ RunTime:0.000906s ]
INFO: [ app_begin ] --START--
INFO: Run Behavior\ReadHtmlCacheBehavior [ RunTime:0.004095s ]
INFO: [ app_begin ] --END-- [ RunTime:0.004269s ]
SQL: SHOW COLUMNS FROM `kq_student` [ RunTime:0.0009s ]
SQL: SELECT `class_fk` FROM `kq_student` WHERE ( student_id="201730622101" ) LIMIT 1   [ RunTime:0.0004s ]
SQL: SHOW COLUMNS FROM `kq_time` [ RunTime:0.0008s ]
SQL: SELECT `id` FROM `kq_time` WHERE ( week_number= "6" and week = "星期六" and what = "四"   and course_plan_fk = "1" ) LIMIT 1   [ RunTime:0.0142s ]
SQL: SHOW COLUMNS FROM `kq_attendance` [ RunTime:0.0011s ]
SQL: SELECT `id` FROM `kq_attendance` WHERE ( student_fk = "1" and time_fk = "9" ) LIMIT 1   [ RunTime:0.0005s ]

[ 2019-10-05T12:24:11+08:00 ] 127.0.0.1 /attendance_system/tp/Index.php/Home/Login/index
INFO: [ app_init ] --START--
INFO: Run Behavior\BuildLiteBehavior [ RunTime:0.000013s ]
INFO: [ app_init ] --END-- [ RunTime:0.000763s ]
INFO: [ app_begin ] --START--
INFO: Run Behavior\ReadHtmlCacheBehavior [ RunTime:0.004130s ]
INFO: [ app_begin ] --END-- [ RunTime:0.004193s ]
SQL: SHOW COLUMNS FROM `kq_student` [ RunTime:0.0475s ]
SQL: SELECT * FROM `kq_student` WHERE ( student_id = "201730622105" and student_name = "五号" ) LIMIT 1   [ RunTime:0.0193s ]

[ 2019-10-05T12:24:13+08:00 ] 127.0.0.1 /attendance_system/tp/Index.php/Home/GoInClass/index
INFO: [ app_init ] --START--
INFO: Run Behavior\BuildLiteBehavior [ RunTime:0.000024s ]
INFO: [ app_init ] --END-- [ RunTime:0.001651s ]
INFO: [ app_begin ] --START--
INFO: Run Behavior\ReadHtmlCacheBehavior [ RunTime:0.004787s ]
INFO: [ app_begin ] --END-- [ RunTime:0.004882s ]
SQL: SHOW COLUMNS FROM `kq_student` [ RunTime:0.0446s ]
SQL: SELECT `class_fk` FROM `kq_student` WHERE ( student_id="201730622105" ) LIMIT 1   [ RunTime:0.0019s ]
SQL: SHOW COLUMNS FROM `kq_class` [ RunTime:0.0282s ]
SQL: SELECT `majoy_plan_fk` FROM `kq_class` WHERE ( id="1" ) LIMIT 1   [ RunTime:0.0019s ]
SQL: SHOW COLUMNS FROM `kq_course_plan` [ RunTime:0.0194s ]
SQL: SELECT `id` FROM `kq_course_plan` WHERE ( majoy_plan_fk="1" and term = "5" ) LIMIT 1   [ RunTime:0.0254s ]
SQL: SHOW COLUMNS FROM `kq_time` [ RunTime:0.0022s ]
SQL: SELECT * FROM `kq_time` WHERE ( week_number="6" and week = "星期六" and course_plan_fk ="1" ) ORDER BY what asc  [ RunTime:0.0284s ]

[ 2019-10-05T12:24:16+08:00 ] 127.0.0.1 /attendance_system/tp/Index.php/Home/Attendance/index
INFO: [ app_init ] --START--
INFO: Run Behavior\BuildLiteBehavior [ RunTime:0.000012s ]
INFO: [ app_init ] --END-- [ RunTime:0.000744s ]
INFO: [ app_begin ] --START--
INFO: Run Behavior\ReadHtmlCacheBehavior [ RunTime:0.003430s ]
INFO: [ app_begin ] --END-- [ RunTime:0.003498s ]
SQL: SHOW COLUMNS FROM `kq_student` [ RunTime:0.0006s ]
SQL: SELECT `class_fk` FROM `kq_student` WHERE ( student_id="201730622105" ) LIMIT 1   [ RunTime:0.0007s ]
SQL: SHOW COLUMNS FROM `kq_time` [ RunTime:0.0478s ]
SQL: SELECT `id` FROM `kq_time` WHERE ( week_number= "6" and week = "星期六" and what = "四"   and course_plan_fk = "1" ) LIMIT 1   [ RunTime:0.0113s ]
SQL: SHOW COLUMNS FROM `kq_attendance` [ RunTime:0.0252s ]
SQL: SELECT `id` FROM `kq_attendance` WHERE ( student_fk = "1" and time_fk = "9" ) LIMIT 1   [ RunTime:0.0013s ]

[ 2019-10-05T12:24:23+08:00 ] 127.0.0.1 /attendance_system/tp/Index.php/Home/Attendance/index
INFO: [ app_init ] --START--
INFO: Run Behavior\BuildLiteBehavior [ RunTime:0.000020s ]
INFO: [ app_init ] --END-- [ RunTime:0.001237s ]
INFO: [ app_begin ] --START--
INFO: Run Behavior\ReadHtmlCacheBehavior [ RunTime:0.009966s ]
INFO: [ app_begin ] --END-- [ RunTime:0.010069s ]
SQL: SHOW COLUMNS FROM `kq_student` [ RunTime:0.0013s ]
SQL: SELECT `class_fk` FROM `kq_student` WHERE ( student_id="201730622105" ) LIMIT 1   [ RunTime:0.0006s ]
SQL: SHOW COLUMNS FROM `kq_time` [ RunTime:0.0008s ]
SQL: SELECT `id` FROM `kq_time` WHERE ( week_number= "6" and week = "星期六" and what = "四"   and course_plan_fk = "1" ) LIMIT 1   [ RunTime:0.0261s ]
SQL: SHOW COLUMNS FROM `kq_attendance` [ RunTime:0.0292s ]
SQL: SELECT `id` FROM `kq_attendance` WHERE ( student_fk = "1" and time_fk = "9" ) LIMIT 1   [ RunTime:0.0110s ]

[ 2019-10-05T12:24:32+08:00 ] 127.0.0.1 /attendance_system/tp/Index.php/Home/Attendance/index
INFO: [ app_init ] --START--
INFO: Run Behavior\BuildLiteBehavior [ RunTime:0.000024s ]
INFO: [ app_init ] --END-- [ RunTime:0.001774s ]
INFO: [ app_begin ] --START--
INFO: Run Behavior\ReadHtmlCacheBehavior [ RunTime:0.003728s ]
INFO: [ app_begin ] --END-- [ RunTime:0.003810s ]
SQL: SHOW COLUMNS FROM `kq_student` [ RunTime:0.0352s ]
SQL: SELECT `class_fk` FROM `kq_student` WHERE ( student_id="201730622105" ) LIMIT 1   [ RunTime:0.0005s ]
SQL: SHOW COLUMNS FROM `kq_time` [ RunTime:0.0007s ]
SQL: SELECT `id` FROM `kq_time` WHERE ( week_number= "6" and week = "星期六" and what = "四"   and course_plan_fk = "1" ) LIMIT 1   [ RunTime:0.0005s ]
SQL: SHOW COLUMNS FROM `kq_attendance` [ RunTime:0.0006s ]
SQL: SELECT `id` FROM `kq_attendance` WHERE ( student_fk = "1" and time_fk = "9" ) LIMIT 1   [ RunTime:0.0370s ]

[ 2019-10-05T12:25:10+08:00 ] 127.0.0.1 /attendance_system/tp/Index.php/Home/Attendance/index
INFO: [ app_init ] --START--
INFO: Run Behavior\BuildLiteBehavior [ RunTime:0.000035s ]
INFO: [ app_init ] --END-- [ RunTime:0.001382s ]
INFO: [ app_begin ] --START--
INFO: Run Behavior\ReadHtmlCacheBehavior [ RunTime:0.005244s ]
INFO: [ app_begin ] --END-- [ RunTime:0.005407s ]
SQL: SHOW COLUMNS FROM `kq_student` [ RunTime:0.0344s ]
SQL: SELECT `class_fk` FROM `kq_student` WHERE ( student_id="201730622105" ) LIMIT 1   [ RunTime:0.0291s ]
SQL: SHOW COLUMNS FROM `kq_time` [ RunTime:0.0198s ]
SQL: SELECT `id` FROM `kq_time` WHERE ( week_number= "6" and week = "星期六" and what = "四"   and course_plan_fk = "1" ) LIMIT 1   [ RunTime:0.0011s ]
SQL: SHOW COLUMNS FROM `kq_attendance` [ RunTime:0.0017s ]
SQL: SELECT `id` FROM `kq_attendance` WHERE ( student_fk = "1" and time_fk = "9" ) LIMIT 1   [ RunTime:0.0014s ]

[ 2019-10-05T12:25:29+08:00 ] 127.0.0.1 /attendance_system/tp/Index.php/Home/Login/index
INFO: [ app_init ] --START--
INFO: Run Behavior\BuildLiteBehavior [ RunTime:0.000012s ]
INFO: [ app_init ] --END-- [ RunTime:0.000760s ]
INFO: [ app_begin ] --START--
INFO: Run Behavior\ReadHtmlCacheBehavior [ RunTime:0.003336s ]
INFO: [ app_begin ] --END-- [ RunTime:0.003419s ]
SQL: SHOW COLUMNS FROM `kq_student` [ RunTime:0.0133s ]
SQL: SELECT * FROM `kq_student` WHERE ( student_id = "201730622106" and student_name = "六号" ) LIMIT 1   [ RunTime:0.0010s ]

[ 2019-10-05T12:25:38+08:00 ] 127.0.0.1 /attendance_system/tp/Index.php/Home/GoInClass/index
INFO: [ app_init ] --START--
INFO: Run Behavior\BuildLiteBehavior [ RunTime:0.000019s ]
INFO: [ app_init ] --END-- [ RunTime:0.001297s ]
INFO: [ app_begin ] --START--
INFO: Run Behavior\ReadHtmlCacheBehavior [ RunTime:0.006168s ]
INFO: [ app_begin ] --END-- [ RunTime:0.006260s ]
SQL: SHOW COLUMNS FROM `kq_student` [ RunTime:0.0011s ]
SQL: SELECT `class_fk` FROM `kq_student` WHERE ( student_id="201730622106" ) LIMIT 1   [ RunTime:0.0436s ]
SQL: SHOW COLUMNS FROM `kq_class` [ RunTime:0.0011s ]
SQL: SELECT `majoy_plan_fk` FROM `kq_class` WHERE ( id="2" ) LIMIT 1   [ RunTime:0.0351s ]
SQL: SHOW COLUMNS FROM `kq_course_plan` [ RunTime:0.0322s ]
SQL: SELECT `id` FROM `kq_course_plan` WHERE ( majoy_plan_fk="2" and term = "5" ) LIMIT 1   [ RunTime:0.0005s ]
SQL: SHOW COLUMNS FROM `kq_time` [ RunTime:0.0138s ]
SQL: SELECT * FROM `kq_time` WHERE ( week_number="6" and week = "星期六" and course_plan_fk ="2" ) ORDER BY what asc  [ RunTime:0.0006s ]

[ 2019-10-05T12:25:57+08:00 ] 127.0.0.1 /attendance_system/tp/Index.php/Home/Login/index
INFO: [ app_init ] --START--
INFO: Run Behavior\BuildLiteBehavior [ RunTime:0.000013s ]
INFO: [ app_init ] --END-- [ RunTime:0.000719s ]
INFO: [ app_begin ] --START--
INFO: Run Behavior\ReadHtmlCacheBehavior [ RunTime:0.003181s ]
INFO: [ app_begin ] --END-- [ RunTime:0.003235s ]
SQL: SHOW COLUMNS FROM `kq_student` [ RunTime:0.0357s ]
SQL: SELECT * FROM `kq_student` WHERE ( student_id = "201730622105" and student_name = "一号" ) LIMIT 1   [ RunTime:0.0009s ]

[ 2019-10-05T12:26:05+08:00 ] 127.0.0.1 /attendance_system/tp/Index.php/Home/Login/index
INFO: [ app_init ] --START--
INFO: Run Behavior\BuildLiteBehavior [ RunTime:0.000016s ]
INFO: [ app_init ] --END-- [ RunTime:0.001056s ]
INFO: [ app_begin ] --START--
INFO: Run Behavior\ReadHtmlCacheBehavior [ RunTime:0.003489s ]
INFO: [ app_begin ] --END-- [ RunTime:0.003551s ]
SQL: SHOW COLUMNS FROM `kq_student` [ RunTime:0.0424s ]
SQL: SELECT * FROM `kq_student` WHERE ( student_id = "201730622105" and student_name = "五号" ) LIMIT 1   [ RunTime:0.0298s ]

[ 2019-10-05T12:26:07+08:00 ] 127.0.0.1 /attendance_system/tp/Index.php/Home/GoInClass/index
INFO: [ app_init ] --START--
INFO: Run Behavior\BuildLiteBehavior [ RunTime:0.000012s ]
INFO: [ app_init ] --END-- [ RunTime:0.000718s ]
INFO: [ app_begin ] --START--
INFO: Run Behavior\ReadHtmlCacheBehavior [ RunTime:0.003204s ]
INFO: [ app_begin ] --END-- [ RunTime:0.003257s ]
SQL: SHOW COLUMNS FROM `kq_student` [ RunTime:0.0007s ]
SQL: SELECT `class_fk` FROM `kq_student` WHERE ( student_id="201730622105" ) LIMIT 1   [ RunTime:0.0012s ]
SQL: SHOW COLUMNS FROM `kq_class` [ RunTime:0.0520s ]
SQL: SELECT `majoy_plan_fk` FROM `kq_class` WHERE ( id="1" ) LIMIT 1   [ RunTime:0.0128s ]
SQL: SHOW COLUMNS FROM `kq_course_plan` [ RunTime:0.0162s ]
SQL: SELECT `id` FROM `kq_course_plan` WHERE ( majoy_plan_fk="1" and term = "5" ) LIMIT 1   [ RunTime:0.0195s ]
SQL: SHOW COLUMNS FROM `kq_time` [ RunTime:0.0218s ]
SQL: SELECT * FROM `kq_time` WHERE ( week_number="6" and week = "星期六" and course_plan_fk ="1" ) ORDER BY what asc  [ RunTime:0.0006s ]

[ 2019-10-05T12:26:13+08:00 ] 127.0.0.1 /attendance_system/tp/Index.php/Home/Attendance/index
INFO: [ app_init ] --START--
INFO: Run Behavior\BuildLiteBehavior [ RunTime:0.000015s ]
INFO: [ app_init ] --END-- [ RunTime:0.000859s ]
INFO: [ app_begin ] --START--
INFO: Run Behavior\ReadHtmlCacheBehavior [ RunTime:0.003655s ]
INFO: [ app_begin ] --END-- [ RunTime:0.003729s ]
SQL: SHOW COLUMNS FROM `kq_student` [ RunTime:0.0009s ]
SQL: SELECT `class_fk` FROM `kq_student` WHERE ( student_id="201730622105" ) LIMIT 1   [ RunTime:0.0004s ]
SQL: SHOW COLUMNS FROM `kq_time` [ RunTime:0.0009s ]
SQL: SELECT `id` FROM `kq_time` WHERE ( week_number= "6" and week = "星期六" and what = "四"   and course_plan_fk = "1" ) LIMIT 1   [ RunTime:0.0006s ]
SQL: SHOW COLUMNS FROM `kq_attendance` [ RunTime:0.0494s ]
SQL: SELECT `id` FROM `kq_attendance` WHERE ( student_fk = "1" and time_fk = "9" ) LIMIT 1   [ RunTime:0.0246s ]

[ 2019-10-05T12:28:23+08:00 ] 127.0.0.1 /attendance_system/tp/Index.php/Home/Login/index
INFO: [ app_init ] --START--
INFO: Run Behavior\BuildLiteBehavior [ RunTime:0.000016s ]
INFO: [ app_init ] --END-- [ RunTime:0.001009s ]
INFO: [ app_begin ] --START--
INFO: Run Behavior\ReadHtmlCacheBehavior [ RunTime:0.003699s ]
INFO: [ app_begin ] --END-- [ RunTime:0.003807s ]
SQL: SHOW COLUMNS FROM `kq_student` [ RunTime:0.0137s ]
SQL: SELECT * FROM `kq_student` WHERE ( student_id = "201730622105" and student_name = "五号" ) LIMIT 1   [ RunTime:0.0368s ]

[ 2019-10-05T12:28:25+08:00 ] 127.0.0.1 /attendance_system/tp/Index.php/Home/GoInClass/index
INFO: [ app_init ] --START--
INFO: Run Behavior\BuildLiteBehavior [ RunTime:0.000023s ]
INFO: [ app_init ] --END-- [ RunTime:0.003887s ]
INFO: [ app_begin ] --START--
INFO: Run Behavior\ReadHtmlCacheBehavior [ RunTime:0.005924s ]
INFO: [ app_begin ] --END-- [ RunTime:0.006020s ]
SQL: SHOW COLUMNS FROM `kq_student` [ RunTime:0.0290s ]
SQL: SELECT `class_fk` FROM `kq_student` WHERE ( student_id="201730622105" ) LIMIT 1   [ RunTime:0.0005s ]
SQL: SHOW COLUMNS FROM `kq_class` [ RunTime:0.0527s ]
SQL: SELECT `majoy_plan_fk` FROM `kq_class` WHERE ( id="1" ) LIMIT 1   [ RunTime:0.0007s ]
SQL: SHOW COLUMNS FROM `kq_course_plan` [ RunTime:0.0008s ]
SQL: SELECT `id` FROM `kq_course_plan` WHERE ( majoy_plan_fk="1" and term = "5" ) LIMIT 1   [ RunTime:0.0182s ]
SQL: SHOW COLUMNS FROM `kq_time` [ RunTime:0.0007s ]
SQL: SELECT * FROM `kq_time` WHERE ( week_number="6" and week = "星期六" and course_plan_fk ="1" ) ORDER BY what asc  [ RunTime:0.0005s ]

[ 2019-10-05T12:28:42+08:00 ] 127.0.0.1 /attendance_system/tp/Index.php/Home/Attendance/index
INFO: [ app_init ] --START--
INFO: Run Behavior\BuildLiteBehavior [ RunTime:0.000014s ]
INFO: [ app_init ] --END-- [ RunTime:0.000840s ]
INFO: [ app_begin ] --START--
INFO: Run Behavior\ReadHtmlCacheBehavior [ RunTime:0.010094s ]
INFO: [ app_begin ] --END-- [ RunTime:0.010192s ]
SQL: SHOW COLUMNS FROM `kq_student` [ RunTime:0.0155s ]
SQL: SELECT `class_fk` FROM `kq_student` WHERE ( student_id="201730622105" ) LIMIT 1   [ RunTime:0.0004s ]
SQL: SHOW COLUMNS FROM `kq_time` [ RunTime:0.0132s ]
SQL: SELECT `id` FROM `kq_time` WHERE ( week_number= "6" and week = "星期六" and what = "四"   and course_plan_fk = "1" ) LIMIT 1   [ RunTime:0.0166s ]
SQL: SHOW COLUMNS FROM `kq_attendance` [ RunTime:0.0010s ]
SQL: SELECT `id` FROM `kq_attendance` WHERE ( student_fk = "1" and time_fk = "9" ) LIMIT 1   [ RunTime:0.0006s ]

[ 2019-10-05T12:30:59+08:00 ] 127.0.0.1 /attendance_system/tp/Index.php/Home/Login/index
INFO: [ app_init ] --START--
INFO: Run Behavior\BuildLiteBehavior [ RunTime:0.000016s ]
INFO: [ app_init ] --END-- [ RunTime:0.001361s ]
INFO: [ app_begin ] --START--
INFO: Run Behavior\ReadHtmlCacheBehavior [ RunTime:0.005537s ]
INFO: [ app_begin ] --END-- [ RunTime:0.005602s ]
SQL: SHOW COLUMNS FROM `kq_student` [ RunTime:0.0209s ]
SQL: SELECT * FROM `kq_student` WHERE ( student_id = "201730622105" and student_name = "五号" ) LIMIT 1   [ RunTime:0.0009s ]

[ 2019-10-05T12:31:01+08:00 ] 127.0.0.1 /attendance_system/tp/Index.php/Home/GoInClass/index
INFO: [ app_init ] --START--
INFO: Run Behavior\BuildLiteBehavior [ RunTime:0.000014s ]
INFO: [ app_init ] --END-- [ RunTime:0.000842s ]
INFO: [ app_begin ] --START--
INFO: Run Behavior\ReadHtmlCacheBehavior [ RunTime:0.003188s ]
INFO: [ app_begin ] --END-- [ RunTime:0.003245s ]
SQL: SHOW COLUMNS FROM `kq_student` [ RunTime:0.0007s ]
SQL: SELECT `class_fk` FROM `kq_student` WHERE ( student_id="201730622105" ) LIMIT 1   [ RunTime:0.0005s ]
SQL: SHOW COLUMNS FROM `kq_class` [ RunTime:0.0272s ]
SQL: SELECT `majoy_plan_fk` FROM `kq_class` WHERE ( id="1" ) LIMIT 1   [ RunTime:0.0032s ]
SQL: SHOW COLUMNS FROM `kq_course_plan` [ RunTime:0.0161s ]
SQL: SELECT `id` FROM `kq_course_plan` WHERE ( majoy_plan_fk="1" and term = "5" ) LIMIT 1   [ RunTime:0.0008s ]
SQL: SHOW COLUMNS FROM `kq_time` [ RunTime:0.0277s ]
SQL: SELECT * FROM `kq_time` WHERE ( week_number="6" and week = "星期六" and course_plan_fk ="1" ) ORDER BY what asc  [ RunTime:0.0007s ]

[ 2019-10-05T12:31:05+08:00 ] 127.0.0.1 /attendance_system/tp/Index.php/Home/Attendance/index
INFO: [ app_init ] --START--
INFO: Run Behavior\BuildLiteBehavior [ RunTime:0.000012s ]
INFO: [ app_init ] --END-- [ RunTime:0.000730s ]
INFO: [ app_begin ] --START--
INFO: Run Behavior\ReadHtmlCacheBehavior [ RunTime:0.004648s ]
INFO: [ app_begin ] --END-- [ RunTime:0.004719s ]
SQL: SHOW COLUMNS FROM `kq_student` [ RunTime:0.0440s ]
SQL: SELECT `id` FROM `kq_student` WHERE ( student_id="201730622105" ) LIMIT 1   [ RunTime:0.0004s ]
SQL: SHOW COLUMNS FROM `kq_time` [ RunTime:0.0284s ]
SQL: SELECT `id` FROM `kq_time` WHERE ( week_number= "6" and week = "星期六" and what = "四"   and course_plan_fk = "1" ) LIMIT 1   [ RunTime:0.0006s ]
SQL: SHOW COLUMNS FROM `kq_attendance` [ RunTime:0.0007s ]
SQL: SELECT `id` FROM `kq_attendance` WHERE ( student_fk = "5" and time_fk = "9" ) LIMIT 1   [ RunTime:0.0004s ]
SQL: INSERT INTO `kq_attendance` (`student_fk`,`time_fk`,`status`) VALUES ('5','9','旷课') [ RunTime:0.5002s ]

[ 2019-10-05T12:34:37+08:00 ] 127.0.0.1 /attendance_system/tp/Index.php/Home/Login/index
INFO: [ app_init ] --START--
INFO: Run Behavior\BuildLiteBehavior [ RunTime:0.000013s ]
INFO: [ app_init ] --END-- [ RunTime:0.000826s ]
INFO: [ app_begin ] --START--
INFO: Run Behavior\ReadHtmlCacheBehavior [ RunTime:0.003338s ]
INFO: [ app_begin ] --END-- [ RunTime:0.003400s ]
SQL: SHOW COLUMNS FROM `kq_student` [ RunTime:0.0071s ]
SQL: SELECT * FROM `kq_student` WHERE ( student_id = "201730622104" and student_name = "四号" ) LIMIT 1   [ RunTime:0.0006s ]

[ 2019-10-05T12:34:40+08:00 ] 127.0.0.1 /attendance_system/tp/Index.php/Home/GoInClass/index
INFO: [ app_init ] --START--
INFO: Run Behavior\BuildLiteBehavior [ RunTime:0.000012s ]
INFO: [ app_init ] --END-- [ RunTime:0.000735s ]
INFO: [ app_begin ] --START--
INFO: Run Behavior\ReadHtmlCacheBehavior [ RunTime:0.003481s ]
INFO: [ app_begin ] --END-- [ RunTime:0.003553s ]
SQL: SHOW COLUMNS FROM `kq_student` [ RunTime:0.0016s ]
SQL: SELECT `class_fk` FROM `kq_student` WHERE ( student_id="201730622104" ) LIMIT 1   [ RunTime:0.0007s ]
SQL: SHOW COLUMNS FROM `kq_class` [ RunTime:0.0176s ]
SQL: SELECT `majoy_plan_fk` FROM `kq_class` WHERE ( id="1" ) LIMIT 1   [ RunTime:0.0010s ]
SQL: SHOW COLUMNS FROM `kq_course_plan` [ RunTime:0.0397s ]
SQL: SELECT `id` FROM `kq_course_plan` WHERE ( majoy_plan_fk="1" and term = "5" ) LIMIT 1   [ RunTime:0.0179s ]
SQL: SHOW COLUMNS FROM `kq_time` [ RunTime:0.0020s ]
SQL: SELECT * FROM `kq_time` WHERE ( week_number="6" and week = "星期六" and course_plan_fk ="1" ) ORDER BY what asc  [ RunTime:0.0011s ]

[ 2019-10-05T12:34:42+08:00 ] 127.0.0.1 /attendance_system/tp/Index.php/Home/Attendance/index
INFO: [ app_init ] --START--
INFO: Run Behavior\BuildLiteBehavior [ RunTime:0.000014s ]
INFO: [ app_init ] --END-- [ RunTime:0.000856s ]
INFO: [ app_begin ] --START--
INFO: Run Behavior\ReadHtmlCacheBehavior [ RunTime:0.007297s ]
INFO: [ app_begin ] --END-- [ RunTime:0.007392s ]
SQL: SHOW COLUMNS FROM `kq_student` [ RunTime:0.0181s ]
SQL: SELECT `id` FROM `kq_student` WHERE ( student_id="201730622104" ) LIMIT 1   [ RunTime:0.0006s ]
SQL: SHOW COLUMNS FROM `kq_time` [ RunTime:0.0244s ]
SQL: SELECT `id` FROM `kq_time` WHERE ( week_number= "6" and week = "星期六" and what = "四"   and course_plan_fk = "1" ) LIMIT 1   [ RunTime:0.0005s ]
SQL: SHOW COLUMNS FROM `kq_attendance` [ RunTime:0.0009s ]
SQL: SELECT `id` FROM `kq_attendance` WHERE ( student_fk = "4" and time_fk = "9" ) LIMIT 1   [ RunTime:0.0004s ]
SQL: INSERT INTO `kq_attendance` (`student_fk`,`time_fk`,`status`) VALUES ('4','9','旷课') [ RunTime:0.0877s ]

[ 2019-10-05T12:34:45+08:00 ] 127.0.0.1 /attendance_system/tp/Index.php/Home/Attendance/index
INFO: [ app_init ] --START--
INFO: Run Behavior\BuildLiteBehavior [ RunTime:0.000024s ]
INFO: [ app_init ] --END-- [ RunTime:0.001415s ]
INFO: [ app_begin ] --START--
INFO: Run Behavior\ReadHtmlCacheBehavior [ RunTime:0.006079s ]
INFO: [ app_begin ] --END-- [ RunTime:0.006601s ]
SQL: SHOW COLUMNS FROM `kq_student` [ RunTime:0.0012s ]
SQL: SELECT `id` FROM `kq_student` WHERE ( student_id="201730622104" ) LIMIT 1   [ RunTime:0.0005s ]
SQL: SHOW COLUMNS FROM `kq_time` [ RunTime:0.0009s ]
SQL: SELECT `id` FROM `kq_time` WHERE ( week_number= "6" and week = "星期六" and what = "四"   and course_plan_fk = "1" ) LIMIT 1   [ RunTime:0.0005s ]
SQL: SHOW COLUMNS FROM `kq_attendance` [ RunTime:0.0009s ]
SQL: SELECT `id` FROM `kq_attendance` WHERE ( student_fk = "4" and time_fk = "9" ) LIMIT 1   [ RunTime:0.0124s ]

[ 2019-10-05T12:34:54+08:00 ] 127.0.0.1 /attendance_system/tp/Index.php/Home/Attendance/index
INFO: [ app_init ] --START--
INFO: Run Behavior\BuildLiteBehavior [ RunTime:0.000016s ]
INFO: [ app_init ] --END-- [ RunTime:0.000753s ]
INFO: [ app_begin ] --START--
INFO: Run Behavior\ReadHtmlCacheBehavior [ RunTime:0.003601s ]
INFO: [ app_begin ] --END-- [ RunTime:0.003665s ]
SQL: SHOW COLUMNS FROM `kq_student` [ RunTime:0.0006s ]
SQL: SELECT `id` FROM `kq_student` WHERE ( student_id="201730622104" ) LIMIT 1   [ RunTime:0.0003s ]
SQL: SHOW COLUMNS FROM `kq_time` [ RunTime:0.0006s ]
SQL: SELECT `id` FROM `kq_time` WHERE ( week_number= "6" and week = "星期六" and what = "四"   and course_plan_fk = "1" ) LIMIT 1   [ RunTime:0.0005s ]
SQL: SHOW COLUMNS FROM `kq_attendance` [ RunTime:0.0341s ]
SQL: SELECT `id` FROM `kq_attendance` WHERE ( student_fk = "4" and time_fk = "9" ) LIMIT 1   [ RunTime:0.0192s ]

[ 2019-10-05T12:34:56+08:00 ] 127.0.0.1 /attendance_system/tp/Index.php/Home/Attendance/index
INFO: [ app_init ] --START--
INFO: Run Behavior\BuildLiteBehavior [ RunTime:0.000012s ]
INFO: [ app_init ] --END-- [ RunTime:0.000806s ]
INFO: [ app_begin ] --START--
INFO: Run Behavior\ReadHtmlCacheBehavior [ RunTime:0.004379s ]
INFO: [ app_begin ] --END-- [ RunTime:0.004455s ]
SQL: SHOW COLUMNS FROM `kq_student` [ RunTime:0.0008s ]
SQL: SELECT `id` FROM `kq_student` WHERE ( student_id="201730622104" ) LIMIT 1   [ RunTime:0.0004s ]
SQL: SHOW COLUMNS FROM `kq_time` [ RunTime:0.0009s ]
SQL: SELECT `id` FROM `kq_time` WHERE ( week_number= "6" and week = "星期六" and what = "四"   and course_plan_fk = "1" ) LIMIT 1   [ RunTime:0.0005s ]
SQL: SHOW COLUMNS FROM `kq_attendance` [ RunTime:0.0135s ]
SQL: SELECT `id` FROM `kq_attendance` WHERE ( student_fk = "4" and time_fk = "9" ) LIMIT 1   [ RunTime:0.0005s ]

[ 2019-10-05T12:35:31+08:00 ] 127.0.0.1 /attendance_system/tp/Index.php/Home/Login/index
INFO: [ app_init ] --START--
INFO: Run Behavior\BuildLiteBehavior [ RunTime:0.000013s ]
INFO: [ app_init ] --END-- [ RunTime:0.000759s ]
INFO: [ app_begin ] --START--
INFO: Run Behavior\ReadHtmlCacheBehavior [ RunTime:0.003215s ]
INFO: [ app_begin ] --END-- [ RunTime:0.003272s ]
SQL: SHOW COLUMNS FROM `kq_student` [ RunTime:0.0386s ]
SQL: SELECT * FROM `kq_student` WHERE ( student_id = "201730622107" and student_name = "" ) LIMIT 1   [ RunTime:0.0005s ]

