[ 2019-10-23T18:15:50+08:00 ] 127.0.0.1 /attendance_system/tp/Index.php/Home/Login/index
INFO: [ app_init ] --START--
INFO: Run Behavior\BuildLiteBehavior [ RunTime:0.000058s ]
INFO: [ app_init ] --END-- [ RunTime:0.026134s ]
INFO: [ app_begin ] --START--
INFO: Run Behavior\ReadHtmlCacheBehavior [ RunTime:0.004075s ]
INFO: [ app_begin ] --END-- [ RunTime:0.004132s ]
SQL: SHOW COLUMNS FROM `kq_student` [ RunTime:0.5432s ]
SQL: SELECT * FROM `kq_student` WHERE ( student_id = "201730622101" and student_name = "一号" ) LIMIT 1   [ RunTime:0.0744s ]

[ 2019-10-23T18:31:36+08:00 ] 127.0.0.1 /attendance_system/tp/Index.php/Home/GoInClass/index
INFO: [ app_init ] --START--
INFO: Run Behavior\BuildLiteBehavior [ RunTime:0.000014s ]
INFO: [ app_init ] --END-- [ RunTime:0.000836s ]
INFO: [ app_begin ] --START--
INFO: Run Behavior\ReadHtmlCacheBehavior [ RunTime:0.004117s ]
INFO: [ app_begin ] --END-- [ RunTime:0.004209s ]
SQL: SHOW COLUMNS FROM `kq_student` [ RunTime:0.1075s ]
SQL: SELECT `class_fk` FROM `kq_student` WHERE ( student_id="201730622101" ) LIMIT 1   [ RunTime:0.0143s ]
SQL: SHOW COLUMNS FROM `kq_class` [ RunTime:0.0577s ]
SQL: SELECT `majoy_plan_fk` FROM `kq_class` WHERE ( id="1" ) LIMIT 1   [ RunTime:0.0348s ]
SQL: SHOW COLUMNS FROM `kq_course_plan` [ RunTime:0.0426s ]
SQL: SELECT `id` FROM `kq_course_plan` WHERE ( majoy_plan_fk="1" and term = "5" ) LIMIT 1   [ RunTime:0.0789s ]
SQL: SHOW COLUMNS FROM `kq_time` [ RunTime:0.0026s ]
SQL: SELECT * FROM `kq_time` WHERE ( week_number="9" and week = "星期三" and course_plan_fk ="1" ) ORDER BY what asc  [ RunTime:0.0258s ]

[ 2019-10-23T18:34:54+08:00 ] 127.0.0.1 /attendance_system/tp/Index.php/Home/Login/index
INFO: [ app_init ] --START--
INFO: Run Behavior\BuildLiteBehavior [ RunTime:0.000014s ]
INFO: [ app_init ] --END-- [ RunTime:0.000818s ]
INFO: [ app_begin ] --START--
INFO: Run Behavior\ReadHtmlCacheBehavior [ RunTime:0.003616s ]
INFO: [ app_begin ] --END-- [ RunTime:0.003682s ]
SQL: SHOW COLUMNS FROM `kq_student` [ RunTime:0.0033s ]
SQL: SELECT * FROM `kq_student` WHERE ( student_id = "201730622101" and student_name = "一号" ) LIMIT 1   [ RunTime:0.0005s ]

[ 2019-10-23T18:34:56+08:00 ] 127.0.0.1 /attendance_system/tp/Index.php/Home/GoInClass/index
INFO: [ app_init ] --START--
INFO: Run Behavior\BuildLiteBehavior [ RunTime:0.000012s ]
INFO: [ app_init ] --END-- [ RunTime:0.000713s ]
INFO: [ app_begin ] --START--
INFO: Run Behavior\ReadHtmlCacheBehavior [ RunTime:0.003145s ]
INFO: [ app_begin ] --END-- [ RunTime:0.003197s ]
SQL: SHOW COLUMNS FROM `kq_student` [ RunTime:0.1485s ]
SQL: SELECT `class_fk` FROM `kq_student` WHERE ( student_id="201730622101" ) LIMIT 1   [ RunTime:0.0015s ]
SQL: SHOW COLUMNS FROM `kq_class` [ RunTime:0.0048s ]
SQL: SELECT `majoy_plan_fk` FROM `kq_class` WHERE ( id="1" ) LIMIT 1   [ RunTime:0.0007s ]
SQL: SHOW COLUMNS FROM `kq_course_plan` [ RunTime:0.0063s ]
SQL: SELECT `id` FROM `kq_course_plan` WHERE ( majoy_plan_fk="1" and term = "5" ) LIMIT 1   [ RunTime:0.0006s ]
SQL: SHOW COLUMNS FROM `kq_time` [ RunTime:0.0028s ]
SQL: SELECT * FROM `kq_time` WHERE ( week_number="9" and week = "星期三" and course_plan_fk ="1" ) ORDER BY what asc  [ RunTime:0.0006s ]

[ 2019-10-23T18:35:32+08:00 ] 127.0.0.1 /attendance_system/tp/Index.php/Home/Attendance/index
INFO: [ app_init ] --START--
INFO: Run Behavior\BuildLiteBehavior [ RunTime:0.000014s ]
INFO: [ app_init ] --END-- [ RunTime:0.000896s ]
INFO: [ app_begin ] --START--
INFO: Run Behavior\ReadHtmlCacheBehavior [ RunTime:0.003747s ]
INFO: [ app_begin ] --END-- [ RunTime:0.003853s ]
SQL: SHOW COLUMNS FROM `kq_student` [ RunTime:0.0122s ]
SQL: SELECT `id` FROM `kq_student` WHERE ( student_id="201730622101" ) LIMIT 1   [ RunTime:0.0003s ]
SQL: SHOW COLUMNS FROM `kq_time` [ RunTime:0.0145s ]
SQL: SELECT `id` FROM `kq_time` WHERE ( week_number= "9" and week = "星期三" and what = "九"   and course_plan_fk = "1" ) LIMIT 1   [ RunTime:0.0326s ]
SQL: SHOW COLUMNS FROM `kq_attendance` [ RunTime:0.0020s ]
SQL: SELECT `id` FROM `kq_attendance` WHERE ( student_fk = "1" and time_fk = "16" ) LIMIT 1   [ RunTime:0.0157s ]
SQL: INSERT INTO `kq_attendance` (`student_fk`,`time_fk`,`status`) VALUES ('1','16','准点') [ RunTime:0.1085s ]

[ 2019-10-23T18:48:56+08:00 ] ::1 /attendance_system/tp/Index.php/Home/Attendance/grade
INFO: [ app_init ] --START--
INFO: Run Behavior\BuildLiteBehavior [ RunTime:0.000013s ]
INFO: [ app_init ] --END-- [ RunTime:0.000755s ]
INFO: [ app_begin ] --START--
INFO: Run Behavior\ReadHtmlCacheBehavior [ RunTime:0.003782s ]
INFO: [ app_begin ] --END-- [ RunTime:0.003843s ]

[ 2019-10-23T18:51:57+08:00 ] ::1 /attendance_system/tp/Index.php/Home/Attendance/grade
INFO: [ app_init ] --START--
INFO: Run Behavior\BuildLiteBehavior [ RunTime:0.000020s ]
INFO: [ app_init ] --END-- [ RunTime:0.000924s ]
INFO: [ app_begin ] --START--
INFO: Run Behavior\ReadHtmlCacheBehavior [ RunTime:0.007418s ]
INFO: [ app_begin ] --END-- [ RunTime:0.007497s ]

[ 2019-10-23T18:51:58+08:00 ] ::1 /attendance_system/tp/Index.php/Home/Attendance/grade
INFO: [ app_init ] --START--
INFO: Run Behavior\BuildLiteBehavior [ RunTime:0.000014s ]
INFO: [ app_init ] --END-- [ RunTime:0.001461s ]
INFO: [ app_begin ] --START--
INFO: Run Behavior\ReadHtmlCacheBehavior [ RunTime:0.005521s ]
INFO: [ app_begin ] --END-- [ RunTime:0.005615s ]

[ 2019-10-23T18:52:09+08:00 ] ::1 /attendance_system/tp/Index.php/Home/Attendance/grade
INFO: [ app_init ] --START--
INFO: Run Behavior\BuildLiteBehavior [ RunTime:0.000022s ]
INFO: [ app_init ] --END-- [ RunTime:0.001243s ]
INFO: [ app_begin ] --START--
INFO: Run Behavior\ReadHtmlCacheBehavior [ RunTime:0.006307s ]
INFO: [ app_begin ] --END-- [ RunTime:0.006372s ]

[ 2019-10-23T18:52:09+08:00 ] ::1 /attendance_system/tp/Index.php/Home/Attendance/grade
INFO: [ app_init ] --START--
INFO: Run Behavior\BuildLiteBehavior [ RunTime:0.000014s ]
INFO: [ app_init ] --END-- [ RunTime:0.000948s ]
INFO: [ app_begin ] --START--
INFO: Run Behavior\ReadHtmlCacheBehavior [ RunTime:0.004357s ]
INFO: [ app_begin ] --END-- [ RunTime:0.004427s ]

[ 2019-10-23T18:52:10+08:00 ] ::1 /attendance_system/tp/Index.php/Home/Attendance/grade
INFO: [ app_init ] --START--
INFO: Run Behavior\BuildLiteBehavior [ RunTime:0.000023s ]
INFO: [ app_init ] --END-- [ RunTime:0.001830s ]
INFO: [ app_begin ] --START--
INFO: Run Behavior\ReadHtmlCacheBehavior [ RunTime:0.006946s ]
INFO: [ app_begin ] --END-- [ RunTime:0.007042s ]

[ 2019-10-23T18:53:07+08:00 ] ::1 /attendance_system/tp/Index.php/Home/Attendance/grade
INFO: [ app_init ] --START--
INFO: Run Behavior\BuildLiteBehavior [ RunTime:0.000029s ]
INFO: [ app_init ] --END-- [ RunTime:0.001329s ]
INFO: [ app_begin ] --START--
INFO: Run Behavior\ReadHtmlCacheBehavior [ RunTime:0.007492s ]
INFO: [ app_begin ] --END-- [ RunTime:0.007585s ]

[ 2019-10-23T18:53:31+08:00 ] 127.0.0.1 /attendance_system/tp/Index.php/Home/Login/index
INFO: [ app_init ] --START--
INFO: Run Behavior\BuildLiteBehavior [ RunTime:0.000024s ]
INFO: [ app_init ] --END-- [ RunTime:0.001611s ]
INFO: [ app_begin ] --START--
INFO: Run Behavior\ReadHtmlCacheBehavior [ RunTime:0.010754s ]
INFO: [ app_begin ] --END-- [ RunTime:0.010858s ]
SQL: SHOW COLUMNS FROM `kq_student` [ RunTime:0.2819s ]
SQL: SELECT * FROM `kq_student` WHERE ( student_id = "201730622101" and student_name = "一号" ) LIMIT 1   [ RunTime:0.0525s ]

[ 2019-10-23T18:53:33+08:00 ] 127.0.0.1 /attendance_system/tp/Index.php/Home/GoInClass/index
INFO: [ app_init ] --START--
INFO: Run Behavior\BuildLiteBehavior [ RunTime:0.000013s ]
INFO: [ app_init ] --END-- [ RunTime:0.000752s ]
INFO: [ app_begin ] --START--
INFO: Run Behavior\ReadHtmlCacheBehavior [ RunTime:0.003460s ]
INFO: [ app_begin ] --END-- [ RunTime:0.003522s ]
SQL: SHOW COLUMNS FROM `kq_student` [ RunTime:0.0079s ]
SQL: SELECT `class_fk` FROM `kq_student` WHERE ( student_id="201730622101" ) LIMIT 1   [ RunTime:0.0005s ]
SQL: SHOW COLUMNS FROM `kq_class` [ RunTime:0.0567s ]
SQL: SELECT `majoy_plan_fk` FROM `kq_class` WHERE ( id="1" ) LIMIT 1   [ RunTime:0.0005s ]
SQL: SHOW COLUMNS FROM `kq_course_plan` [ RunTime:0.0448s ]
SQL: SELECT `id` FROM `kq_course_plan` WHERE ( majoy_plan_fk="1" and term = "5" ) LIMIT 1   [ RunTime:0.0284s ]
SQL: SHOW COLUMNS FROM `kq_time` [ RunTime:0.0035s ]
SQL: SELECT * FROM `kq_time` WHERE ( week_number="9" and week = "星期三" and course_plan_fk ="1" ) ORDER BY what asc  [ RunTime:0.0651s ]

[ 2019-10-23T18:53:37+08:00 ] 127.0.0.1 /attendance_system/tp/Index.php/Home/Attendance/grade
INFO: [ app_init ] --START--
INFO: Run Behavior\BuildLiteBehavior [ RunTime:0.000013s ]
INFO: [ app_init ] --END-- [ RunTime:0.000722s ]
INFO: [ app_begin ] --START--
INFO: Run Behavior\ReadHtmlCacheBehavior [ RunTime:0.003187s ]
INFO: [ app_begin ] --END-- [ RunTime:0.003247s ]

[ 2019-10-23T18:53:38+08:00 ] 127.0.0.1 /attendance_system/tp/Index.php/Home/Attendance/grade
INFO: [ app_init ] --START--
INFO: Run Behavior\BuildLiteBehavior [ RunTime:0.000014s ]
INFO: [ app_init ] --END-- [ RunTime:0.001185s ]
INFO: [ app_begin ] --START--
INFO: Run Behavior\ReadHtmlCacheBehavior [ RunTime:0.005681s ]
INFO: [ app_begin ] --END-- [ RunTime:0.005774s ]

[ 2019-10-23T18:53:39+08:00 ] 127.0.0.1 /attendance_system/tp/Index.php/Home/Attendance/grade
INFO: [ app_init ] --START--
INFO: Run Behavior\BuildLiteBehavior [ RunTime:0.000013s ]
INFO: [ app_init ] --END-- [ RunTime:0.000768s ]
INFO: [ app_begin ] --START--
INFO: Run Behavior\ReadHtmlCacheBehavior [ RunTime:0.003784s ]
INFO: [ app_begin ] --END-- [ RunTime:0.003845s ]

[ 2019-10-23T18:53:39+08:00 ] 127.0.0.1 /attendance_system/tp/Index.php/Home/Attendance/grade
INFO: [ app_init ] --START--
INFO: Run Behavior\BuildLiteBehavior [ RunTime:0.000013s ]
INFO: [ app_init ] --END-- [ RunTime:0.000721s ]
INFO: [ app_begin ] --START--
INFO: Run Behavior\ReadHtmlCacheBehavior [ RunTime:0.003205s ]
INFO: [ app_begin ] --END-- [ RunTime:0.003267s ]

[ 2019-10-23T18:53:40+08:00 ] 127.0.0.1 /attendance_system/tp/Index.php/Home/Attendance/grade
INFO: [ app_init ] --START--
INFO: Run Behavior\BuildLiteBehavior [ RunTime:0.000017s ]
INFO: [ app_init ] --END-- [ RunTime:0.000871s ]
INFO: [ app_begin ] --START--
INFO: Run Behavior\ReadHtmlCacheBehavior [ RunTime:0.003194s ]
INFO: [ app_begin ] --END-- [ RunTime:0.003251s ]

[ 2019-10-23T18:53:42+08:00 ] 127.0.0.1 /attendance_system/tp/Index.php/Home/Attendance/grade
INFO: [ app_init ] --START--
INFO: Run Behavior\BuildLiteBehavior [ RunTime:0.000023s ]
INFO: [ app_init ] --END-- [ RunTime:0.002384s ]
INFO: [ app_begin ] --START--
INFO: Run Behavior\ReadHtmlCacheBehavior [ RunTime:0.005298s ]
INFO: [ app_begin ] --END-- [ RunTime:0.005402s ]

[ 2019-10-23T18:53:54+08:00 ] 127.0.0.1 /attendance_system/tp/Index.php/Home/Attendance/grade
INFO: [ app_init ] --START--
INFO: Run Behavior\BuildLiteBehavior [ RunTime:0.000064s ]
INFO: [ app_init ] --END-- [ RunTime:0.001953s ]
INFO: [ app_begin ] --START--
INFO: Run Behavior\ReadHtmlCacheBehavior [ RunTime:0.008038s ]
INFO: [ app_begin ] --END-- [ RunTime:0.008158s ]

[ 2019-10-23T18:53:54+08:00 ] 127.0.0.1 /attendance_system/tp/Index.php/Home/Attendance/index
INFO: [ app_init ] --START--
INFO: Run Behavior\BuildLiteBehavior [ RunTime:0.000030s ]
INFO: [ app_init ] --END-- [ RunTime:0.001536s ]
INFO: [ app_begin ] --START--
INFO: Run Behavior\ReadHtmlCacheBehavior [ RunTime:0.006085s ]
INFO: [ app_begin ] --END-- [ RunTime:0.006157s ]
SQL: SHOW COLUMNS FROM `kq_student` [ RunTime:0.0690s ]
SQL: SELECT `id` FROM `kq_student` WHERE ( student_id="201730622101" ) LIMIT 1   [ RunTime:0.0104s ]
SQL: SHOW COLUMNS FROM `kq_time` [ RunTime:0.0018s ]
SQL: SELECT `id` FROM `kq_time` WHERE ( week_number= "9" and week = "星期三" and what = "九"   and course_plan_fk = "1" ) LIMIT 1   [ RunTime:0.0034s ]
SQL: SHOW COLUMNS FROM `kq_attendance` [ RunTime:0.0331s ]
SQL: SELECT `id` FROM `kq_attendance` WHERE ( student_fk = "1" and time_fk = "16" ) LIMIT 1   [ RunTime:0.0429s ]

[ 2019-10-23T18:53:58+08:00 ] 127.0.0.1 /attendance_system/tp/Index.php/Home/Attendance/grade
INFO: [ app_init ] --START--
INFO: Run Behavior\BuildLiteBehavior [ RunTime:0.000012s ]
INFO: [ app_init ] --END-- [ RunTime:0.000721s ]
INFO: [ app_begin ] --START--
INFO: Run Behavior\ReadHtmlCacheBehavior [ RunTime:0.003249s ]
INFO: [ app_begin ] --END-- [ RunTime:0.003312s ]

[ 2019-10-23T18:53:59+08:00 ] 127.0.0.1 /attendance_system/tp/Index.php/Home/Attendance/index
INFO: [ app_init ] --START--
INFO: Run Behavior\BuildLiteBehavior [ RunTime:0.000012s ]
INFO: [ app_init ] --END-- [ RunTime:0.000756s ]
INFO: [ app_begin ] --START--
INFO: Run Behavior\ReadHtmlCacheBehavior [ RunTime:0.003625s ]
INFO: [ app_begin ] --END-- [ RunTime:0.003700s ]
SQL: SHOW COLUMNS FROM `kq_student` [ RunTime:0.0322s ]
SQL: SELECT `id` FROM `kq_student` WHERE ( student_id="201730622101" ) LIMIT 1   [ RunTime:0.0005s ]
SQL: SHOW COLUMNS FROM `kq_time` [ RunTime:0.0269s ]
SQL: SELECT `id` FROM `kq_time` WHERE ( week_number= "9" and week = "星期三" and what = "九"   and course_plan_fk = "1" ) LIMIT 1   [ RunTime:0.0208s ]
SQL: SHOW COLUMNS FROM `kq_attendance` [ RunTime:0.0729s ]
SQL: SELECT `id` FROM `kq_attendance` WHERE ( student_fk = "1" and time_fk = "16" ) LIMIT 1   [ RunTime:0.0005s ]

[ 2019-10-23T18:54:08+08:00 ] ::1 /attendance_system/tp/Index.php/Home/Attendance/grade
INFO: [ app_init ] --START--
INFO: Run Behavior\BuildLiteBehavior [ RunTime:0.000022s ]
INFO: [ app_init ] --END-- [ RunTime:0.001985s ]
INFO: [ app_begin ] --START--
INFO: Run Behavior\ReadHtmlCacheBehavior [ RunTime:0.003660s ]
INFO: [ app_begin ] --END-- [ RunTime:0.003784s ]

[ 2019-10-23T18:54:09+08:00 ] ::1 /attendance_system/tp/Index.php/Home/Attendance/grade
INFO: [ app_init ] --START--
INFO: Run Behavior\BuildLiteBehavior [ RunTime:0.000022s ]
INFO: [ app_init ] --END-- [ RunTime:0.000995s ]
INFO: [ app_begin ] --START--
INFO: Run Behavior\ReadHtmlCacheBehavior [ RunTime:0.004831s ]
INFO: [ app_begin ] --END-- [ RunTime:0.004939s ]

[ 2019-10-23T18:54:09+08:00 ] ::1 /attendance_system/tp/Index.php/Home/Attendance/grade
INFO: [ app_init ] --START--
INFO: Run Behavior\BuildLiteBehavior [ RunTime:0.000013s ]
INFO: [ app_init ] --END-- [ RunTime:0.000740s ]
INFO: [ app_begin ] --START--
INFO: Run Behavior\ReadHtmlCacheBehavior [ RunTime:0.003933s ]
INFO: [ app_begin ] --END-- [ RunTime:0.003998s ]

[ 2019-10-23T18:54:56+08:00 ] 127.0.0.1 /attendance_system/tp/Index.php/Home/Attendance/grade
INFO: [ app_init ] --START--
INFO: Run Behavior\BuildLiteBehavior [ RunTime:0.000014s ]
INFO: [ app_init ] --END-- [ RunTime:0.000799s ]
INFO: [ app_begin ] --START--
INFO: Run Behavior\ReadHtmlCacheBehavior [ RunTime:0.003331s ]
INFO: [ app_begin ] --END-- [ RunTime:0.003413s ]

[ 2019-10-23T18:54:56+08:00 ] 127.0.0.1 /attendance_system/tp/Index.php/Home/Attendance/index
INFO: [ app_init ] --START--
INFO: Run Behavior\BuildLiteBehavior [ RunTime:0.000016s ]
INFO: [ app_init ] --END-- [ RunTime:0.000750s ]
INFO: [ app_begin ] --START--
INFO: Run Behavior\ReadHtmlCacheBehavior [ RunTime:0.003338s ]
INFO: [ app_begin ] --END-- [ RunTime:0.003416s ]
SQL: SHOW COLUMNS FROM `kq_student` [ RunTime:0.0345s ]
SQL: SELECT `id` FROM `kq_student` WHERE ( student_id="201730622101" ) LIMIT 1   [ RunTime:0.0007s ]
SQL: SHOW COLUMNS FROM `kq_time` [ RunTime:0.0301s ]
SQL: SELECT `id` FROM `kq_time` WHERE ( week_number= "9" and week = "星期三" and what = "九"   and course_plan_fk = "1" ) LIMIT 1   [ RunTime:0.0112s ]
SQL: SHOW COLUMNS FROM `kq_attendance` [ RunTime:0.0010s ]
SQL: SELECT `id` FROM `kq_attendance` WHERE ( student_fk = "1" and time_fk = "16" ) LIMIT 1   [ RunTime:0.0006s ]

[ 2019-10-23T19:07:06+08:00 ] ::1 /attendance_system/tp/Index.php/Home/Attendance/grade
INFO: [ app_init ] --START--
INFO: Run Behavior\BuildLiteBehavior [ RunTime:0.000060s ]
INFO: [ app_init ] --END-- [ RunTime:0.001087s ]
INFO: [ app_begin ] --START--
INFO: Run Behavior\ReadHtmlCacheBehavior [ RunTime:0.005337s ]
INFO: [ app_begin ] --END-- [ RunTime:0.005478s ]
SQL: SHOW COLUMNS FROM `kq_student` [ RunTime:0.1205s ]
SQL: SELECT * FROM `kq_student` WHERE ( student_id="201730622101" )  [ RunTime:0.0011s ]

[ 2019-10-23T19:07:06+08:00 ] ::1 /attendance_system/tp/Index.php/Home/Attendance/grade
INFO: [ app_init ] --START--
INFO: Run Behavior\BuildLiteBehavior [ RunTime:0.000023s ]
INFO: [ app_init ] --END-- [ RunTime:0.001505s ]
INFO: [ app_begin ] --START--
INFO: Run Behavior\ReadHtmlCacheBehavior [ RunTime:0.009021s ]
INFO: [ app_begin ] --END-- [ RunTime:0.009146s ]
SQL: SHOW COLUMNS FROM `kq_student` [ RunTime:0.1108s ]
SQL: SELECT * FROM `kq_student` WHERE ( student_id="201730622101" )  [ RunTime:0.0010s ]

[ 2019-10-23T19:07:08+08:00 ] ::1 /attendance_system/tp/Index.php/Home/Attendance/grade
INFO: [ app_init ] --START--
INFO: Run Behavior\BuildLiteBehavior [ RunTime:0.000013s ]
INFO: [ app_init ] --END-- [ RunTime:0.000748s ]
INFO: [ app_begin ] --START--
INFO: Run Behavior\ReadHtmlCacheBehavior [ RunTime:0.005049s ]
INFO: [ app_begin ] --END-- [ RunTime:0.005163s ]
SQL: SHOW COLUMNS FROM `kq_student` [ RunTime:0.0502s ]
SQL: SELECT * FROM `kq_student` WHERE ( student_id="201730622101" )  [ RunTime:0.0186s ]

[ 2019-10-23T19:07:31+08:00 ] ::1 /attendance_system/tp/Index.php/Home/Attendance/grade
INFO: [ app_init ] --START--
INFO: Run Behavior\BuildLiteBehavior [ RunTime:0.000013s ]
INFO: [ app_init ] --END-- [ RunTime:0.000772s ]
INFO: [ app_begin ] --START--
INFO: Run Behavior\ReadHtmlCacheBehavior [ RunTime:0.005784s ]
INFO: [ app_begin ] --END-- [ RunTime:0.005882s ]
SQL: SHOW COLUMNS FROM `kq_student` [ RunTime:0.0161s ]
SQL: SELECT * FROM `kq_student` WHERE ( student_id="201730622101" )  [ RunTime:0.0275s ]

[ 2019-10-23T19:08:41+08:00 ] ::1 /attendance_system/tp/Index.php/Home/Attendance/grade
INFO: [ app_init ] --START--
INFO: Run Behavior\BuildLiteBehavior [ RunTime:0.000023s ]
INFO: [ app_init ] --END-- [ RunTime:0.001695s ]
INFO: [ app_begin ] --START--
INFO: Run Behavior\ReadHtmlCacheBehavior [ RunTime:0.011703s ]
INFO: [ app_begin ] --END-- [ RunTime:0.011899s ]
SQL: SHOW COLUMNS FROM `kq_student` [ RunTime:0.0687s ]
SQL: SELECT * FROM `kq_student`  [ RunTime:0.0007s ]

[ 2019-10-23T19:09:08+08:00 ] ::1 /attendance_system/tp/Index.php/Home/Attendance/grade
INFO: [ app_init ] --START--
INFO: Run Behavior\BuildLiteBehavior [ RunTime:0.000030s ]
INFO: [ app_init ] --END-- [ RunTime:0.001509s ]
INFO: [ app_begin ] --START--
INFO: Run Behavior\ReadHtmlCacheBehavior [ RunTime:0.006685s ]
INFO: [ app_begin ] --END-- [ RunTime:0.006800s ]

[ 2019-10-23T19:09:25+08:00 ] ::1 /attendance_system/tp/Index.php/Home/Attendance/grade
INFO: [ app_init ] --START--
INFO: Run Behavior\BuildLiteBehavior [ RunTime:0.000013s ]
INFO: [ app_init ] --END-- [ RunTime:0.000766s ]
INFO: [ app_begin ] --START--
INFO: Run Behavior\ReadHtmlCacheBehavior [ RunTime:0.004846s ]
INFO: [ app_begin ] --END-- [ RunTime:0.004908s ]
SQL: SHOW COLUMNS FROM `kq_student` [ RunTime:0.0183s ]
SQL: SELECT * FROM `kq_student` WHERE ( student_id="201730622101" )  [ RunTime:0.0245s ]

[ 2019-10-23T19:18:25+08:00 ] ::1 /attendance_system/tp/Index.php/Home/Attendance/grade
INFO: [ app_init ] --START--
INFO: Run Behavior\BuildLiteBehavior [ RunTime:0.000019s ]
INFO: [ app_init ] --END-- [ RunTime:0.001230s ]
INFO: [ app_begin ] --START--
INFO: Run Behavior\ReadHtmlCacheBehavior [ RunTime:0.003229s ]
INFO: [ app_begin ] --END-- [ RunTime:0.003285s ]
SQL: SHOW COLUMNS FROM `kq_student` [ RunTime:0.0094s ]
ERR: Think\Model:getFiled方法不存在！

[ 2019-10-23T19:18:40+08:00 ] ::1 /attendance_system/tp/Index.php/Home/Attendance/grade
INFO: [ app_init ] --START--
INFO: Run Behavior\BuildLiteBehavior [ RunTime:0.000013s ]
INFO: [ app_init ] --END-- [ RunTime:0.000763s ]
INFO: [ app_begin ] --START--
INFO: Run Behavior\ReadHtmlCacheBehavior [ RunTime:0.006020s ]
INFO: [ app_begin ] --END-- [ RunTime:0.006148s ]
SQL: SHOW COLUMNS FROM `kq_student` [ RunTime:0.0147s ]
SQL: SELECT `class_fk` FROM `kq_student` WHERE ( student_id="201730622101" ) LIMIT 1   [ RunTime:0.0005s ]

[ 2019-10-23T19:20:03+08:00 ] ::1 /attendance_system/tp/Index.php/Home/Attendance/grade
INFO: [ app_init ] --START--
INFO: Run Behavior\BuildLiteBehavior [ RunTime:0.000023s ]
INFO: [ app_init ] --END-- [ RunTime:0.001308s ]
INFO: [ app_begin ] --START--
INFO: Run Behavior\ReadHtmlCacheBehavior [ RunTime:0.006236s ]
INFO: [ app_begin ] --END-- [ RunTime:0.006308s ]
SQL: SHOW COLUMNS FROM `kq_student` [ RunTime:0.0163s ]
SQL: SELECT `class_fk` FROM `kq_student` WHERE ( student_id="201730622101" ) LIMIT 1   [ RunTime:0.0176s ]

[ 2019-10-23T19:31:17+08:00 ] ::1 /attendance_system/tp/Index.php/Home/Attendance/grade
INFO: [ app_init ] --START--
INFO: Run Behavior\BuildLiteBehavior [ RunTime:0.000013s ]
INFO: [ app_init ] --END-- [ RunTime:0.000757s ]
INFO: [ app_begin ] --START--
INFO: Run Behavior\ReadHtmlCacheBehavior [ RunTime:0.006331s ]
INFO: [ app_begin ] --END-- [ RunTime:0.006395s ]
SQL: SHOW COLUMNS FROM `kq_student` [ RunTime:0.0024s ]
SQL: SELECT `class_fk` FROM `kq_student` WHERE ( student_id="201730622101" ) LIMIT 1   [ RunTime:0.0008s ]

[ 2019-10-23T19:31:31+08:00 ] ::1 /attendance_system/tp/Index.php/Home/Attendance/grade
INFO: [ app_init ] --START--
INFO: Run Behavior\BuildLiteBehavior [ RunTime:0.000014s ]
INFO: [ app_init ] --END-- [ RunTime:0.000777s ]
INFO: [ app_begin ] --START--
INFO: Run Behavior\ReadHtmlCacheBehavior [ RunTime:0.003188s ]
INFO: [ app_begin ] --END-- [ RunTime:0.003243s ]
SQL: SHOW COLUMNS FROM `kq_student` [ RunTime:0.0008s ]
SQL: SELECT `class_fk` FROM `kq_student` WHERE ( student_id="201730622101" ) LIMIT 1   [ RunTime:0.0004s ]

[ 2019-10-23T20:03:21+08:00 ] ::1 /attendance_system/tp/Index.php/Home/Attendance/grade
INFO: [ app_init ] --START--
INFO: Run Behavior\BuildLiteBehavior [ RunTime:0.000082s ]
INFO: [ app_init ] --END-- [ RunTime:0.006343s ]
INFO: [ app_begin ] --START--
INFO: Run Behavior\ReadHtmlCacheBehavior [ RunTime:0.006375s ]
INFO: [ app_begin ] --END-- [ RunTime:0.006479s ]
SQL: SHOW COLUMNS FROM `kq_student` [ RunTime:0.0129s ]
ERR: 1146:Table 'attendance_system.__class__' doesn't exist
 [ SQL语句 ] : SELECT * FROM `kq_student` INNER JOIN __class__  on student.class_fk = class.id  WHERE ( student.student_id = "201730622101" ) 
ERR: 1146:Table 'attendance_system.__class__' doesn't exist
 [ SQL语句 ] : SELECT * FROM `kq_student` INNER JOIN __class__  on student.class_fk = class.id  WHERE ( student.student_id = "201730622101" ) 

[ 2019-10-23T20:04:19+08:00 ] ::1 /attendance_system/tp/Index.php/Home/Attendance/grade
INFO: [ app_init ] --START--
INFO: Run Behavior\BuildLiteBehavior [ RunTime:0.000019s ]
INFO: [ app_init ] --END-- [ RunTime:0.001007s ]
INFO: [ app_begin ] --START--
INFO: Run Behavior\ReadHtmlCacheBehavior [ RunTime:0.007206s ]
INFO: [ app_begin ] --END-- [ RunTime:0.007272s ]
SQL: SHOW COLUMNS FROM `kq_student` [ RunTime:0.0023s ]
ERR: 1146:Table 'attendance_system.__class__' doesn't exist
 [ SQL语句 ] : SELECT * FROM `kq_student` INNER JOIN __class__ as c on student.class_fk = c.id  WHERE ( student.student_id = "201730622101" ) 
ERR: 1146:Table 'attendance_system.__class__' doesn't exist
 [ SQL语句 ] : SELECT * FROM `kq_student` INNER JOIN __class__ as c on student.class_fk = c.id  WHERE ( student.student_id = "201730622101" ) 

[ 2019-10-23T20:04:20+08:00 ] ::1 /attendance_system/tp/Index.php/Home/Attendance/grade
INFO: [ app_init ] --START--
INFO: Run Behavior\BuildLiteBehavior [ RunTime:0.000029s ]
INFO: [ app_init ] --END-- [ RunTime:0.001348s ]
INFO: [ app_begin ] --START--
INFO: Run Behavior\ReadHtmlCacheBehavior [ RunTime:0.003507s ]
INFO: [ app_begin ] --END-- [ RunTime:0.003591s ]
SQL: SHOW COLUMNS FROM `kq_student` [ RunTime:0.0013s ]
ERR: 1146:Table 'attendance_system.__class__' doesn't exist
 [ SQL语句 ] : SELECT * FROM `kq_student` INNER JOIN __class__ as c on student.class_fk = c.id  WHERE ( student.student_id = "201730622101" ) 
ERR: 1146:Table 'attendance_system.__class__' doesn't exist
 [ SQL语句 ] : SELECT * FROM `kq_student` INNER JOIN __class__ as c on student.class_fk = c.id  WHERE ( student.student_id = "201730622101" ) 

[ 2019-10-23T20:04:21+08:00 ] ::1 /attendance_system/tp/Index.php/Home/Attendance/grade
INFO: [ app_init ] --START--
INFO: Run Behavior\BuildLiteBehavior [ RunTime:0.000014s ]
INFO: [ app_init ] --END-- [ RunTime:0.000799s ]
INFO: [ app_begin ] --START--
INFO: Run Behavior\ReadHtmlCacheBehavior [ RunTime:0.005006s ]
INFO: [ app_begin ] --END-- [ RunTime:0.007398s ]
SQL: SHOW COLUMNS FROM `kq_student` [ RunTime:0.0008s ]
ERR: 1146:Table 'attendance_system.__class__' doesn't exist
 [ SQL语句 ] : SELECT * FROM `kq_student` INNER JOIN __class__ as c on student.class_fk = c.id  WHERE ( student.student_id = "201730622101" ) 
ERR: 1146:Table 'attendance_system.__class__' doesn't exist
 [ SQL语句 ] : SELECT * FROM `kq_student` INNER JOIN __class__ as c on student.class_fk = c.id  WHERE ( student.student_id = "201730622101" ) 

[ 2019-10-23T20:04:21+08:00 ] ::1 /attendance_system/tp/Index.php/Home/Attendance/grade
INFO: [ app_init ] --START--
INFO: Run Behavior\BuildLiteBehavior [ RunTime:0.000012s ]
INFO: [ app_init ] --END-- [ RunTime:0.000751s ]
INFO: [ app_begin ] --START--
INFO: Run Behavior\ReadHtmlCacheBehavior [ RunTime:0.003160s ]
INFO: [ app_begin ] --END-- [ RunTime:0.003216s ]
SQL: SHOW COLUMNS FROM `kq_student` [ RunTime:0.0008s ]
ERR: 1146:Table 'attendance_system.__class__' doesn't exist
 [ SQL语句 ] : SELECT * FROM `kq_student` INNER JOIN __class__ as c on student.class_fk = c.id  WHERE ( student.student_id = "201730622101" ) 
ERR: 1146:Table 'attendance_system.__class__' doesn't exist
 [ SQL语句 ] : SELECT * FROM `kq_student` INNER JOIN __class__ as c on student.class_fk = c.id  WHERE ( student.student_id = "201730622101" ) 

[ 2019-10-23T20:05:58+08:00 ] ::1 /attendance_system/tp/Index.php/Home/Attendance/grade
INFO: [ app_init ] --START--
INFO: Run Behavior\BuildLiteBehavior [ RunTime:0.000014s ]
INFO: [ app_init ] --END-- [ RunTime:0.000795s ]
INFO: [ app_begin ] --START--
INFO: Run Behavior\ReadHtmlCacheBehavior [ RunTime:0.003319s ]
INFO: [ app_begin ] --END-- [ RunTime:0.003379s ]
SQL: SHOW COLUMNS FROM `kq_student` [ RunTime:0.0145s ]
ERR: 1146:Table 'attendance_system.__class__' doesn't exist
 [ SQL语句 ] : SELECT * FROM `kq_student` inner join  __class__ as c on student.class_fk = c.id  WHERE ( student.student_id = "201730622101" ) 
ERR: 1146:Table 'attendance_system.__class__' doesn't exist
 [ SQL语句 ] : SELECT * FROM `kq_student` inner join  __class__ as c on student.class_fk = c.id  WHERE ( student.student_id = "201730622101" ) 

[ 2019-10-23T20:05:59+08:00 ] ::1 /attendance_system/tp/Index.php/Home/Attendance/grade
INFO: [ app_init ] --START--
INFO: Run Behavior\BuildLiteBehavior [ RunTime:0.000024s ]
INFO: [ app_init ] --END-- [ RunTime:0.001531s ]
INFO: [ app_begin ] --START--
INFO: Run Behavior\ReadHtmlCacheBehavior [ RunTime:0.010119s ]
INFO: [ app_begin ] --END-- [ RunTime:0.010243s ]
SQL: SHOW COLUMNS FROM `kq_student` [ RunTime:0.0013s ]
ERR: 1146:Table 'attendance_system.__class__' doesn't exist
 [ SQL语句 ] : SELECT * FROM `kq_student` inner join  __class__ as c on student.class_fk = c.id  WHERE ( student.student_id = "201730622101" ) 
ERR: 1146:Table 'attendance_system.__class__' doesn't exist
 [ SQL语句 ] : SELECT * FROM `kq_student` inner join  __class__ as c on student.class_fk = c.id  WHERE ( student.student_id = "201730622101" ) 

[ 2019-10-23T20:06:00+08:00 ] ::1 /attendance_system/tp/Index.php/Home/Attendance/grade
INFO: [ app_init ] --START--
INFO: Run Behavior\BuildLiteBehavior [ RunTime:0.000014s ]
INFO: [ app_init ] --END-- [ RunTime:0.000789s ]
INFO: [ app_begin ] --START--
INFO: Run Behavior\ReadHtmlCacheBehavior [ RunTime:0.003281s ]
INFO: [ app_begin ] --END-- [ RunTime:0.003344s ]
SQL: SHOW COLUMNS FROM `kq_student` [ RunTime:0.0008s ]
ERR: 1146:Table 'attendance_system.__class__' doesn't exist
 [ SQL语句 ] : SELECT * FROM `kq_student` inner join  __class__ as c on student.class_fk = c.id  WHERE ( student.student_id = "201730622101" ) 
ERR: 1146:Table 'attendance_system.__class__' doesn't exist
 [ SQL语句 ] : SELECT * FROM `kq_student` inner join  __class__ as c on student.class_fk = c.id  WHERE ( student.student_id = "201730622101" ) 

[ 2019-10-23T20:06:10+08:00 ] ::1 /attendance_system/tp/Index.php/Home/Attendance/grade
INFO: [ app_init ] --START--
INFO: Run Behavior\BuildLiteBehavior [ RunTime:0.000013s ]
INFO: [ app_init ] --END-- [ RunTime:0.000750s ]
INFO: [ app_begin ] --START--
INFO: Run Behavior\ReadHtmlCacheBehavior [ RunTime:0.005221s ]
INFO: [ app_begin ] --END-- [ RunTime:0.005285s ]
SQL: SHOW COLUMNS FROM `kq_student` [ RunTime:0.0008s ]
ERR: 1146:Table 'attendance_system._class_' doesn't exist
 [ SQL语句 ] : SELECT * FROM `kq_student` inner join  _class_ as c on student.class_fk = c.id  WHERE ( student.student_id = "201730622101" ) 
ERR: 1146:Table 'attendance_system._class_' doesn't exist
 [ SQL语句 ] : SELECT * FROM `kq_student` inner join  _class_ as c on student.class_fk = c.id  WHERE ( student.student_id = "201730622101" ) 

[ 2019-10-23T20:06:10+08:00 ] ::1 /attendance_system/tp/Index.php/Home/Attendance/grade
INFO: [ app_init ] --START--
INFO: Run Behavior\BuildLiteBehavior [ RunTime:0.000031s ]
INFO: [ app_init ] --END-- [ RunTime:0.002847s ]
INFO: [ app_begin ] --START--
INFO: Run Behavior\ReadHtmlCacheBehavior [ RunTime:0.004990s ]
INFO: [ app_begin ] --END-- [ RunTime:0.005060s ]
SQL: SHOW COLUMNS FROM `kq_student` [ RunTime:0.0010s ]
ERR: 1146:Table 'attendance_system._class_' doesn't exist
 [ SQL语句 ] : SELECT * FROM `kq_student` inner join  _class_ as c on student.class_fk = c.id  WHERE ( student.student_id = "201730622101" ) 
ERR: 1146:Table 'attendance_system._class_' doesn't exist
 [ SQL语句 ] : SELECT * FROM `kq_student` inner join  _class_ as c on student.class_fk = c.id  WHERE ( student.student_id = "201730622101" ) 

[ 2019-10-23T20:06:16+08:00 ] ::1 /attendance_system/tp/Index.php/Home/Attendance/grade
INFO: [ app_init ] --START--
INFO: Run Behavior\BuildLiteBehavior [ RunTime:0.000013s ]
INFO: [ app_init ] --END-- [ RunTime:0.000790s ]
INFO: [ app_begin ] --START--
INFO: Run Behavior\ReadHtmlCacheBehavior [ RunTime:0.003680s ]
INFO: [ app_begin ] --END-- [ RunTime:0.003750s ]
SQL: SHOW COLUMNS FROM `kq_student` [ RunTime:0.0010s ]
ERR: 1146:Table 'attendance_system.class_' doesn't exist
 [ SQL语句 ] : SELECT * FROM `kq_student` inner join  class_ as c on student.class_fk = c.id  WHERE ( student.student_id = "201730622101" ) 
ERR: 1146:Table 'attendance_system.class_' doesn't exist
 [ SQL语句 ] : SELECT * FROM `kq_student` inner join  class_ as c on student.class_fk = c.id  WHERE ( student.student_id = "201730622101" ) 

[ 2019-10-23T20:06:16+08:00 ] ::1 /attendance_system/tp/Index.php/Home/Attendance/grade
INFO: [ app_init ] --START--
INFO: Run Behavior\BuildLiteBehavior [ RunTime:0.000034s ]
INFO: [ app_init ] --END-- [ RunTime:0.001698s ]
INFO: [ app_begin ] --START--
INFO: Run Behavior\ReadHtmlCacheBehavior [ RunTime:0.003857s ]
INFO: [ app_begin ] --END-- [ RunTime:0.003931s ]
SQL: SHOW COLUMNS FROM `kq_student` [ RunTime:0.0013s ]
ERR: 1146:Table 'attendance_system.class' doesn't exist
 [ SQL语句 ] : SELECT * FROM `kq_student` inner join  class as c on student.class_fk = c.id  WHERE ( student.student_id = "201730622101" ) 
ERR: 1146:Table 'attendance_system.class' doesn't exist
 [ SQL语句 ] : SELECT * FROM `kq_student` inner join  class as c on student.class_fk = c.id  WHERE ( student.student_id = "201730622101" ) 

[ 2019-10-23T20:06:16+08:00 ] ::1 /attendance_system/tp/Index.php/Home/Attendance/grade
INFO: [ app_init ] --START--
INFO: Run Behavior\BuildLiteBehavior [ RunTime:0.000013s ]
INFO: [ app_init ] --END-- [ RunTime:0.000787s ]
INFO: [ app_begin ] --START--
INFO: Run Behavior\ReadHtmlCacheBehavior [ RunTime:0.008314s ]
INFO: [ app_begin ] --END-- [ RunTime:0.008396s ]
SQL: SHOW COLUMNS FROM `kq_student` [ RunTime:0.0011s ]
ERR: 1146:Table 'attendance_system.class' doesn't exist
 [ SQL语句 ] : SELECT * FROM `kq_student` inner join  class as c on student.class_fk = c.id  WHERE ( student.student_id = "201730622101" ) 
ERR: 1146:Table 'attendance_system.class' doesn't exist
 [ SQL语句 ] : SELECT * FROM `kq_student` inner join  class as c on student.class_fk = c.id  WHERE ( student.student_id = "201730622101" ) 

[ 2019-10-23T20:06:17+08:00 ] ::1 /attendance_system/tp/Index.php/Home/Attendance/grade
INFO: [ app_init ] --START--
INFO: Run Behavior\BuildLiteBehavior [ RunTime:0.000012s ]
INFO: [ app_init ] --END-- [ RunTime:0.000766s ]
INFO: [ app_begin ] --START--
INFO: Run Behavior\ReadHtmlCacheBehavior [ RunTime:0.003180s ]
INFO: [ app_begin ] --END-- [ RunTime:0.003262s ]
SQL: SHOW COLUMNS FROM `kq_student` [ RunTime:0.0007s ]
ERR: 1146:Table 'attendance_system.class' doesn't exist
 [ SQL语句 ] : SELECT * FROM `kq_student` inner join  class as c on student.class_fk = c.id  WHERE ( student.student_id = "201730622101" ) 
ERR: 1146:Table 'attendance_system.class' doesn't exist
 [ SQL语句 ] : SELECT * FROM `kq_student` inner join  class as c on student.class_fk = c.id  WHERE ( student.student_id = "201730622101" ) 

[ 2019-10-23T20:06:17+08:00 ] ::1 /attendance_system/tp/Index.php/Home/Attendance/grade
INFO: [ app_init ] --START--
INFO: Run Behavior\BuildLiteBehavior [ RunTime:0.000018s ]
INFO: [ app_init ] --END-- [ RunTime:0.000794s ]
INFO: [ app_begin ] --START--
INFO: Run Behavior\ReadHtmlCacheBehavior [ RunTime:0.003507s ]
INFO: [ app_begin ] --END-- [ RunTime:0.003580s ]
SQL: SHOW COLUMNS FROM `kq_student` [ RunTime:0.0197s ]
ERR: 1146:Table 'attendance_system.class' doesn't exist
 [ SQL语句 ] : SELECT * FROM `kq_student` inner join  class as c on student.class_fk = c.id  WHERE ( student.student_id = "201730622101" ) 
ERR: 1146:Table 'attendance_system.class' doesn't exist
 [ SQL语句 ] : SELECT * FROM `kq_student` inner join  class as c on student.class_fk = c.id  WHERE ( student.student_id = "201730622101" ) 

[ 2019-10-23T20:06:55+08:00 ] ::1 /attendance_system/tp/Index.php/Home/Attendance/grade
INFO: [ app_init ] --START--
INFO: Run Behavior\BuildLiteBehavior [ RunTime:0.000063s ]
INFO: [ app_init ] --END-- [ RunTime:0.002496s ]
INFO: [ app_begin ] --START--
INFO: Run Behavior\ReadHtmlCacheBehavior [ RunTime:0.005216s ]
INFO: [ app_begin ] --END-- [ RunTime:0.005302s ]
SQL: SHOW COLUMNS FROM `kq_student` [ RunTime:0.0011s ]
ERR: 1146:Table 'attendance_system.class' doesn't exist
 [ SQL语句 ] : SELECT * FROM `kq_student` INNER JOIN class on student.class_fk = class.id  WHERE ( student.student_id = "201730622101" ) 
ERR: 1146:Table 'attendance_system.class' doesn't exist
 [ SQL语句 ] : SELECT * FROM `kq_student` INNER JOIN class on student.class_fk = class.id  WHERE ( student.student_id = "201730622101" ) 

[ 2019-10-23T20:06:56+08:00 ] ::1 /attendance_system/tp/Index.php/Home/Attendance/grade
INFO: [ app_init ] --START--
INFO: Run Behavior\BuildLiteBehavior [ RunTime:0.000016s ]
INFO: [ app_init ] --END-- [ RunTime:0.000891s ]
INFO: [ app_begin ] --START--
INFO: Run Behavior\ReadHtmlCacheBehavior [ RunTime:0.003529s ]
INFO: [ app_begin ] --END-- [ RunTime:0.003603s ]
SQL: SHOW COLUMNS FROM `kq_student` [ RunTime:0.0009s ]
ERR: 1146:Table 'attendance_system.class' doesn't exist
 [ SQL语句 ] : SELECT * FROM `kq_student` INNER JOIN class on student.class_fk = class.id  WHERE ( student.student_id = "201730622101" ) 
ERR: 1146:Table 'attendance_system.class' doesn't exist
 [ SQL语句 ] : SELECT * FROM `kq_student` INNER JOIN class on student.class_fk = class.id  WHERE ( student.student_id = "201730622101" ) 

[ 2019-10-23T20:06:56+08:00 ] ::1 /attendance_system/tp/Index.php/Home/Attendance/grade
INFO: [ app_init ] --START--
INFO: Run Behavior\BuildLiteBehavior [ RunTime:0.000020s ]
INFO: [ app_init ] --END-- [ RunTime:0.000798s ]
INFO: [ app_begin ] --START--
INFO: Run Behavior\ReadHtmlCacheBehavior [ RunTime:0.004425s ]
INFO: [ app_begin ] --END-- [ RunTime:0.004516s ]
SQL: SHOW COLUMNS FROM `kq_student` [ RunTime:0.0009s ]
ERR: 1146:Table 'attendance_system.class' doesn't exist
 [ SQL语句 ] : SELECT * FROM `kq_student` INNER JOIN class on student.class_fk = class.id  WHERE ( student.student_id = "201730622101" ) 
ERR: 1146:Table 'attendance_system.class' doesn't exist
 [ SQL语句 ] : SELECT * FROM `kq_student` INNER JOIN class on student.class_fk = class.id  WHERE ( student.student_id = "201730622101" ) 

[ 2019-10-23T20:07:06+08:00 ] ::1 /attendance_system/tp/Index.php/Home/Attendance/grade
INFO: [ app_init ] --START--
INFO: Run Behavior\BuildLiteBehavior [ RunTime:0.000031s ]
INFO: [ app_init ] --END-- [ RunTime:0.001413s ]
INFO: [ app_begin ] --START--
INFO: Run Behavior\ReadHtmlCacheBehavior [ RunTime:0.005637s ]
INFO: [ app_begin ] --END-- [ RunTime:0.005738s ]
SQL: SHOW COLUMNS FROM `kq_student` [ RunTime:0.0009s ]
ERR: 1054:Unknown column 'student.student_id' in 'where clause'
 [ SQL语句 ] : SELECT * FROM `kq_student` INNER JOIN kq_class on student.class_fk = class.id  WHERE ( student.student_id = "201730622101" ) 
ERR: 1054:Unknown column 'student.student_id' in 'where clause'
 [ SQL语句 ] : SELECT * FROM `kq_student` INNER JOIN kq_class on student.class_fk = class.id  WHERE ( student.student_id = "201730622101" ) 

[ 2019-10-23T20:07:32+08:00 ] ::1 /attendance_system/tp/Index.php/Home/Attendance/grade
INFO: [ app_init ] --START--
INFO: Run Behavior\BuildLiteBehavior [ RunTime:0.000012s ]
INFO: [ app_init ] --END-- [ RunTime:0.000797s ]
INFO: [ app_begin ] --START--
INFO: Run Behavior\ReadHtmlCacheBehavior [ RunTime:0.008420s ]
INFO: [ app_begin ] --END-- [ RunTime:0.008512s ]
SQL: SHOW COLUMNS FROM `kq_student` [ RunTime:0.0006s ]
ERR: 1054:Unknown column 'student.class_fk' in 'on clause'
 [ SQL语句 ] : SELECT * FROM `kq_student` INNER JOIN kq_class on student.class_fk = class.id  WHERE ( kq_student.student_id = "201730622101" ) 
ERR: 1054:Unknown column 'student.class_fk' in 'on clause'
 [ SQL语句 ] : SELECT * FROM `kq_student` INNER JOIN kq_class on student.class_fk = class.id  WHERE ( kq_student.student_id = "201730622101" ) 

[ 2019-10-23T20:07:33+08:00 ] ::1 /attendance_system/tp/Index.php/Home/Attendance/grade
INFO: [ app_init ] --START--
INFO: Run Behavior\BuildLiteBehavior [ RunTime:0.000013s ]
INFO: [ app_init ] --END-- [ RunTime:0.000819s ]
INFO: [ app_begin ] --START--
INFO: Run Behavior\ReadHtmlCacheBehavior [ RunTime:0.003230s ]
INFO: [ app_begin ] --END-- [ RunTime:0.003290s ]
SQL: SHOW COLUMNS FROM `kq_student` [ RunTime:0.0008s ]
ERR: 1054:Unknown column 'student.class_fk' in 'on clause'
 [ SQL语句 ] : SELECT * FROM `kq_student` INNER JOIN kq_class on student.class_fk = class.id  WHERE ( kq_student.student_id = "201730622101" ) 
ERR: 1054:Unknown column 'student.class_fk' in 'on clause'
 [ SQL语句 ] : SELECT * FROM `kq_student` INNER JOIN kq_class on student.class_fk = class.id  WHERE ( kq_student.student_id = "201730622101" ) 

[ 2019-10-23T20:07:47+08:00 ] ::1 /attendance_system/tp/Index.php/Home/Attendance/grade
INFO: [ app_init ] --START--
INFO: Run Behavior\BuildLiteBehavior [ RunTime:0.000049s ]
INFO: [ app_init ] --END-- [ RunTime:0.002887s ]
INFO: [ app_begin ] --START--
INFO: Run Behavior\ReadHtmlCacheBehavior [ RunTime:0.005256s ]
INFO: [ app_begin ] --END-- [ RunTime:0.005320s ]
SQL: SHOW COLUMNS FROM `kq_student` [ RunTime:0.0007s ]
ERR: 1054:Unknown column 'class.id' in 'on clause'
 [ SQL语句 ] : SELECT * FROM `kq_student` INNER JOIN kq_class on kq_student.class_fk = class.id  WHERE ( kq_student.student_id = "201730622101" ) 
ERR: 1054:Unknown column 'class.id' in 'on clause'
 [ SQL语句 ] : SELECT * FROM `kq_student` INNER JOIN kq_class on kq_student.class_fk = class.id  WHERE ( kq_student.student_id = "201730622101" ) 

[ 2019-10-23T20:08:46+08:00 ] ::1 /attendance_system/tp/Index.php/Home/Attendance/grade
INFO: [ app_init ] --START--
INFO: Run Behavior\BuildLiteBehavior [ RunTime:0.000013s ]
INFO: [ app_init ] --END-- [ RunTime:0.000752s ]
INFO: [ app_begin ] --START--
INFO: Run Behavior\ReadHtmlCacheBehavior [ RunTime:0.003249s ]
INFO: [ app_begin ] --END-- [ RunTime:0.003306s ]
SQL: SHOW COLUMNS FROM `kq_student` [ RunTime:0.0008s ]
ERR: 1146:Table 'attendance_system.class' doesn't exist
 [ SQL语句 ] : SELECT * FROM `kq_student` INNER JOIN class on student.class_fk = class.id  WHERE ( student.student_id = "201730622101" ) 
ERR: 1146:Table 'attendance_system.class' doesn't exist
 [ SQL语句 ] : SELECT * FROM `kq_student` INNER JOIN class on student.class_fk = class.id  WHERE ( student.student_id = "201730622101" ) 

[ 2019-10-23T20:13:40+08:00 ] ::1 /attendance_system/tp/Index.php/Home/Attendance/grade
INFO: [ app_init ] --START--
INFO: Run Behavior\BuildLiteBehavior [ RunTime:0.000014s ]
INFO: [ app_init ] --END-- [ RunTime:0.000824s ]
INFO: [ app_begin ] --START--
INFO: Run Behavior\ReadHtmlCacheBehavior [ RunTime:0.003450s ]
INFO: [ app_begin ] --END-- [ RunTime:0.003512s ]
SQL: SHOW COLUMNS FROM `kq_student` [ RunTime:0.0015s ]
ERR: 1054:Unknown column 'student.student_id' in 'where clause'
 [ SQL语句 ] : SELECT * FROM `kq_student` INNER JOIN kq_class on student.class_fk = kq_class.id  WHERE ( student.student_id = "201730622101" ) 
ERR: 1054:Unknown column 'student.student_id' in 'where clause'
 [ SQL语句 ] : SELECT * FROM `kq_student` INNER JOIN kq_class on student.class_fk = kq_class.id  WHERE ( student.student_id = "201730622101" ) 

[ 2019-10-23T20:13:41+08:00 ] ::1 /attendance_system/tp/Index.php/Home/Attendance/grade
INFO: [ app_init ] --START--
INFO: Run Behavior\BuildLiteBehavior [ RunTime:0.000014s ]
INFO: [ app_init ] --END-- [ RunTime:0.000922s ]
INFO: [ app_begin ] --START--
INFO: Run Behavior\ReadHtmlCacheBehavior [ RunTime:0.005678s ]
INFO: [ app_begin ] --END-- [ RunTime:0.005796s ]
SQL: SHOW COLUMNS FROM `kq_student` [ RunTime:0.0482s ]
ERR: 1054:Unknown column 'student.student_id' in 'where clause'
 [ SQL语句 ] : SELECT * FROM `kq_student` INNER JOIN kq_class on student.class_fk = kq_class.id  WHERE ( student.student_id = "201730622101" ) 
ERR: 1054:Unknown column 'student.student_id' in 'where clause'
 [ SQL语句 ] : SELECT * FROM `kq_student` INNER JOIN kq_class on student.class_fk = kq_class.id  WHERE ( student.student_id = "201730622101" ) 

[ 2019-10-23T20:13:42+08:00 ] ::1 /attendance_system/tp/Index.php/Home/Attendance/grade
INFO: [ app_init ] --START--
INFO: Run Behavior\BuildLiteBehavior [ RunTime:0.000026s ]
INFO: [ app_init ] --END-- [ RunTime:0.001498s ]
INFO: [ app_begin ] --START--
INFO: Run Behavior\ReadHtmlCacheBehavior [ RunTime:0.005803s ]
INFO: [ app_begin ] --END-- [ RunTime:0.005902s ]
SQL: SHOW COLUMNS FROM `kq_student` [ RunTime:0.0262s ]
ERR: 1054:Unknown column 'student.student_id' in 'where clause'
 [ SQL语句 ] : SELECT * FROM `kq_student` INNER JOIN kq_class on student.class_fk = kq_class.id  WHERE ( student.student_id = "201730622101" ) 
ERR: 1054:Unknown column 'student.student_id' in 'where clause'
 [ SQL语句 ] : SELECT * FROM `kq_student` INNER JOIN kq_class on student.class_fk = kq_class.id  WHERE ( student.student_id = "201730622101" ) 

[ 2019-10-23T20:13:42+08:00 ] ::1 /attendance_system/tp/Index.php/Home/Attendance/grade
INFO: [ app_init ] --START--
INFO: Run Behavior\BuildLiteBehavior [ RunTime:0.000038s ]
INFO: [ app_init ] --END-- [ RunTime:0.001697s ]
INFO: [ app_begin ] --START--
INFO: Run Behavior\ReadHtmlCacheBehavior [ RunTime:0.010275s ]
INFO: [ app_begin ] --END-- [ RunTime:0.010377s ]
SQL: SHOW COLUMNS FROM `kq_student` [ RunTime:0.0008s ]
ERR: 1054:Unknown column 'student.student_id' in 'where clause'
 [ SQL语句 ] : SELECT * FROM `kq_student` INNER JOIN kq_class on student.class_fk = kq_class.id  WHERE ( student.student_id = "201730622101" ) 
ERR: 1054:Unknown column 'student.student_id' in 'where clause'
 [ SQL语句 ] : SELECT * FROM `kq_student` INNER JOIN kq_class on student.class_fk = kq_class.id  WHERE ( student.student_id = "201730622101" ) 

[ 2019-10-23T20:14:00+08:00 ] ::1 /attendance_system/tp/Index.php/Home/Attendance/grade
INFO: [ app_init ] --START--
INFO: Run Behavior\BuildLiteBehavior [ RunTime:0.000015s ]
INFO: [ app_init ] --END-- [ RunTime:0.000804s ]
INFO: [ app_begin ] --START--
INFO: Run Behavior\ReadHtmlCacheBehavior [ RunTime:0.007591s ]
INFO: [ app_begin ] --END-- [ RunTime:0.007679s ]
SQL: SHOW COLUMNS FROM `kq_student` [ RunTime:0.0006s ]
ERR: 1054:Unknown column 'student.class_fk' in 'on clause'
 [ SQL语句 ] : SELECT * FROM `kq_student` INNER JOIN kq_class on student.class_fk = kq_class.id  WHERE ( kq_student.student_id = "201730622101" ) 
ERR: 1054:Unknown column 'student.class_fk' in 'on clause'
 [ SQL语句 ] : SELECT * FROM `kq_student` INNER JOIN kq_class on student.class_fk = kq_class.id  WHERE ( kq_student.student_id = "201730622101" ) 

[ 2019-10-23T20:14:03+08:00 ] ::1 /attendance_system/tp/Index.php/Home/Attendance/grade
INFO: [ app_init ] --START--
INFO: Run Behavior\BuildLiteBehavior [ RunTime:0.000023s ]
INFO: [ app_init ] --END-- [ RunTime:0.000830s ]
INFO: [ app_begin ] --START--
INFO: Run Behavior\ReadHtmlCacheBehavior [ RunTime:0.008480s ]
INFO: [ app_begin ] --END-- [ RunTime:0.008557s ]
SQL: SHOW COLUMNS FROM `kq_student` [ RunTime:0.0009s ]
ERR: 1054:Unknown column 'student.class_fk' in 'on clause'
 [ SQL语句 ] : SELECT * FROM `kq_student` INNER JOIN kq_class on student.class_fk = kq_class.id  WHERE ( kq_student.student_id = "201730622101" ) 
ERR: 1054:Unknown column 'student.class_fk' in 'on clause'
 [ SQL语句 ] : SELECT * FROM `kq_student` INNER JOIN kq_class on student.class_fk = kq_class.id  WHERE ( kq_student.student_id = "201730622101" ) 

[ 2019-10-23T20:14:55+08:00 ] ::1 /attendance_system/tp/Index.php/Home/Attendance/grade
INFO: [ app_init ] --START--
INFO: Run Behavior\BuildLiteBehavior [ RunTime:0.000017s ]
INFO: [ app_init ] --END-- [ RunTime:0.001338s ]
INFO: [ app_begin ] --START--
INFO: Run Behavior\ReadHtmlCacheBehavior [ RunTime:0.005219s ]
INFO: [ app_begin ] --END-- [ RunTime:0.005290s ]
SQL: SHOW COLUMNS FROM `kq_student` [ RunTime:0.0036s ]
SQL: SELECT * FROM `kq_student` INNER JOIN kq_class on kq_student.class_fk = kq_class.id  WHERE ( kq_student.student_id = "201730622101" )  [ RunTime:0.0623s ]

[ 2019-10-23T20:17:25+08:00 ] ::1 /attendance_system/tp/Index.php/Home/Attendance/grade
INFO: [ app_init ] --START--
INFO: Run Behavior\BuildLiteBehavior [ RunTime:0.000022s ]
INFO: [ app_init ] --END-- [ RunTime:0.001682s ]
INFO: [ app_begin ] --START--
INFO: Run Behavior\ReadHtmlCacheBehavior [ RunTime:0.016212s ]
INFO: [ app_begin ] --END-- [ RunTime:0.016330s ]
SQL: SHOW COLUMNS FROM `kq_student` [ RunTime:0.0443s ]
ERR: 1054:Unknown column 'grade' in 'field list'
 [ SQL语句 ] : SELECT `grade` FROM `kq_student` INNER JOIN kq_class on kq_student.class_fk = kq_class.id  WHERE ( kq_student.student_id = "201730622101" ) 
ERR: 1054:Unknown column 'grade' in 'field list'
 [ SQL语句 ] : SELECT `grade` FROM `kq_student` INNER JOIN kq_class on kq_student.class_fk = kq_class.id  WHERE ( kq_student.student_id = "201730622101" ) 

[ 2019-10-23T20:17:40+08:00 ] ::1 /attendance_system/tp/Index.php/Home/Attendance/grade
INFO: [ app_init ] --START--
INFO: Run Behavior\BuildLiteBehavior [ RunTime:0.000016s ]
INFO: [ app_init ] --END-- [ RunTime:0.000843s ]
INFO: [ app_begin ] --START--
INFO: Run Behavior\ReadHtmlCacheBehavior [ RunTime:0.003435s ]
INFO: [ app_begin ] --END-- [ RunTime:0.003504s ]
SQL: SHOW COLUMNS FROM `kq_student` [ RunTime:0.0009s ]
ERR: 1054:Unknown column 'kq_class.grade' in 'field list'
 [ SQL语句 ] : SELECT kq_class.grade FROM `kq_student` INNER JOIN kq_class on kq_student.class_fk = kq_class.id  WHERE ( kq_student.student_id = "201730622101" ) 
ERR: 1054:Unknown column 'kq_class.grade' in 'field list'
 [ SQL语句 ] : SELECT kq_class.grade FROM `kq_student` INNER JOIN kq_class on kq_student.class_fk = kq_class.id  WHERE ( kq_student.student_id = "201730622101" ) 

[ 2019-10-23T20:17:42+08:00 ] ::1 /attendance_system/tp/Index.php/Home/Attendance/grade
INFO: [ app_init ] --START--
INFO: Run Behavior\BuildLiteBehavior [ RunTime:0.000024s ]
INFO: [ app_init ] --END-- [ RunTime:0.002352s ]
INFO: [ app_begin ] --START--
INFO: Run Behavior\ReadHtmlCacheBehavior [ RunTime:0.003330s ]
INFO: [ app_begin ] --END-- [ RunTime:0.003430s ]
SQL: SHOW COLUMNS FROM `kq_student` [ RunTime:0.0478s ]
ERR: 1054:Unknown column 'kq_class.grade' in 'field list'
 [ SQL语句 ] : SELECT kq_class.grade FROM `kq_student` INNER JOIN kq_class on kq_student.class_fk = kq_class.id  WHERE ( kq_student.student_id = "201730622101" ) 
ERR: 1054:Unknown column 'kq_class.grade' in 'field list'
 [ SQL语句 ] : SELECT kq_class.grade FROM `kq_student` INNER JOIN kq_class on kq_student.class_fk = kq_class.id  WHERE ( kq_student.student_id = "201730622101" ) 

[ 2019-10-23T20:17:42+08:00 ] ::1 /attendance_system/tp/Index.php/Home/Attendance/grade
INFO: [ app_init ] --START--
INFO: Run Behavior\BuildLiteBehavior [ RunTime:0.000020s ]
INFO: [ app_init ] --END-- [ RunTime:0.001400s ]
INFO: [ app_begin ] --START--
INFO: Run Behavior\ReadHtmlCacheBehavior [ RunTime:0.008400s ]
INFO: [ app_begin ] --END-- [ RunTime:0.008503s ]
SQL: SHOW COLUMNS FROM `kq_student` [ RunTime:0.0012s ]
ERR: 1054:Unknown column 'kq_class.grade' in 'field list'
 [ SQL语句 ] : SELECT kq_class.grade FROM `kq_student` INNER JOIN kq_class on kq_student.class_fk = kq_class.id  WHERE ( kq_student.student_id = "201730622101" ) 
ERR: 1054:Unknown column 'kq_class.grade' in 'field list'
 [ SQL语句 ] : SELECT kq_class.grade FROM `kq_student` INNER JOIN kq_class on kq_student.class_fk = kq_class.id  WHERE ( kq_student.student_id = "201730622101" ) 

[ 2019-10-23T20:20:11+08:00 ] ::1 /attendance_system/tp/Index.php/Home/Attendance/grade
INFO: [ app_init ] --START--
INFO: Run Behavior\BuildLiteBehavior [ RunTime:0.000016s ]
INFO: [ app_init ] --END-- [ RunTime:0.001368s ]
INFO: [ app_begin ] --START--
INFO: Run Behavior\ReadHtmlCacheBehavior [ RunTime:0.003536s ]
INFO: [ app_begin ] --END-- [ RunTime:0.003602s ]
SQL: SHOW COLUMNS FROM `kq_student` [ RunTime:0.0011s ]
SQL: SELECT * FROM `kq_student` INNER JOIN kq_class on kq_student.class_fk = kq_class.id INNER JOIN kq_majoy_plan on kq_class.majoy_plan_fk = kq_majoy_plan.id  WHERE ( kq_student.student_id = "201730622101" )  [ RunTime:0.0236s ]

[ 2019-10-23T20:20:55+08:00 ] ::1 /attendance_system/tp/Index.php/Home/Attendance/grade
INFO: [ app_init ] --START--
INFO: Run Behavior\BuildLiteBehavior [ RunTime:0.000013s ]
INFO: [ app_init ] --END-- [ RunTime:0.000762s ]
INFO: [ app_begin ] --START--
INFO: Run Behavior\ReadHtmlCacheBehavior [ RunTime:0.006665s ]
INFO: [ app_begin ] --END-- [ RunTime:0.006730s ]
SQL: SHOW COLUMNS FROM `kq_student` [ RunTime:0.0015s ]
ERR: Think\Model:filed方法不存在！

[ 2019-10-23T20:21:03+08:00 ] ::1 /attendance_system/tp/Index.php/Home/Attendance/grade
INFO: [ app_init ] --START--
INFO: Run Behavior\BuildLiteBehavior [ RunTime:0.000012s ]
INFO: [ app_init ] --END-- [ RunTime:0.000749s ]
INFO: [ app_begin ] --START--
INFO: Run Behavior\ReadHtmlCacheBehavior [ RunTime:0.004788s ]
INFO: [ app_begin ] --END-- [ RunTime:0.004868s ]
SQL: SHOW COLUMNS FROM `kq_student` [ RunTime:0.0007s ]
ERR: Think\Model:fied方法不存在！

[ 2019-10-23T20:21:04+08:00 ] ::1 /attendance_system/tp/Index.php/Home/Attendance/grade
INFO: [ app_init ] --START--
INFO: Run Behavior\BuildLiteBehavior [ RunTime:0.000025s ]
INFO: [ app_init ] --END-- [ RunTime:0.001406s ]
INFO: [ app_begin ] --START--
INFO: Run Behavior\ReadHtmlCacheBehavior [ RunTime:0.006139s ]
INFO: [ app_begin ] --END-- [ RunTime:0.006233s ]
SQL: SHOW COLUMNS FROM `kq_student` [ RunTime:0.0008s ]
SQL: SELECT kq_majoy_plan.grade FROM `kq_student` INNER JOIN kq_class on kq_student.class_fk = kq_class.id INNER JOIN kq_majoy_plan on kq_class.majoy_plan_fk = kq_majoy_plan.id  WHERE ( kq_student.student_id = "201730622101" )  [ RunTime:0.0043s ]

