[ 2019-10-01T22:30:34+08:00 ] 127.0.0.1 /attendance_system/tp/Index.php/Home/Login/index
INFO: [ app_init ] --START--
INFO: Run Behavior\BuildLiteBehavior [ RunTime:0.000027s ]
INFO: [ app_init ] --END-- [ RunTime:0.045718s ]
INFO: [ app_begin ] --START--
INFO: Run Behavior\ReadHtmlCacheBehavior [ RunTime:0.023590s ]
INFO: [ app_begin ] --END-- [ RunTime:0.023668s ]
SQL: SHOW COLUMNS FROM `kq_student` [ RunTime:0.7767s ]
SQL: SELECT * FROM `kq_student`  [ RunTime:0.0248s ]

[ 2019-10-01T22:30:34+08:00 ] 127.0.0.1 /attendance_system/tp/Index.php/Home/Login/index
INFO: [ app_init ] --START--
INFO: Run Behavior\BuildLiteBehavior [ RunTime:0.000013s ]
INFO: [ app_init ] --END-- [ RunTime:0.000754s ]
INFO: [ app_begin ] --START--
INFO: Run Behavior\ReadHtmlCacheBehavior [ RunTime:0.003175s ]
INFO: [ app_begin ] --END-- [ RunTime:0.003234s ]
SQL: SHOW COLUMNS FROM `kq_student` [ RunTime:0.0021s ]
SQL: SELECT * FROM `kq_student`  [ RunTime:0.0003s ]

[ 2019-10-01T22:30:35+08:00 ] 127.0.0.1 /attendance_system/tp/Index.php/Home/Login/index
INFO: [ app_init ] --START--
INFO: Run Behavior\BuildLiteBehavior [ RunTime:0.000012s ]
INFO: [ app_init ] --END-- [ RunTime:0.000720s ]
INFO: [ app_begin ] --START--
INFO: Run Behavior\ReadHtmlCacheBehavior [ RunTime:0.003655s ]
INFO: [ app_begin ] --END-- [ RunTime:0.003717s ]
SQL: SHOW COLUMNS FROM `kq_student` [ RunTime:0.0020s ]
SQL: SELECT * FROM `kq_student`  [ RunTime:0.0004s ]

[ 2019-10-01T22:30:35+08:00 ] 127.0.0.1 /attendance_system/tp/Index.php/Home/Login/index
INFO: [ app_init ] --START--
INFO: Run Behavior\BuildLiteBehavior [ RunTime:0.000013s ]
INFO: [ app_init ] --END-- [ RunTime:0.000901s ]
INFO: [ app_begin ] --START--
INFO: Run Behavior\ReadHtmlCacheBehavior [ RunTime:0.003750s ]
INFO: [ app_begin ] --END-- [ RunTime:0.003833s ]
SQL: SHOW COLUMNS FROM `kq_student` [ RunTime:0.0038s ]
SQL: SELECT * FROM `kq_student`  [ RunTime:0.0004s ]

[ 2019-10-01T22:30:35+08:00 ] 127.0.0.1 /attendance_system/tp/Index.php/Home/Login/index
INFO: [ app_init ] --START--
INFO: Run Behavior\BuildLiteBehavior [ RunTime:0.000024s ]
INFO: [ app_init ] --END-- [ RunTime:0.000792s ]
INFO: [ app_begin ] --START--
INFO: Run Behavior\ReadHtmlCacheBehavior [ RunTime:0.003612s ]
INFO: [ app_begin ] --END-- [ RunTime:0.003674s ]
SQL: SHOW COLUMNS FROM `kq_student` [ RunTime:0.0021s ]
SQL: SELECT * FROM `kq_student`  [ RunTime:0.0004s ]

[ 2019-10-01T22:30:54+08:00 ] 127.0.0.1 /attendance_system/tp/Index.php/Home/Login/index
INFO: [ app_init ] --START--
INFO: Run Behavior\BuildLiteBehavior [ RunTime:0.000053s ]
INFO: [ app_init ] --END-- [ RunTime:0.001398s ]
INFO: [ app_begin ] --START--
INFO: Run Behavior\ReadHtmlCacheBehavior [ RunTime:0.004482s ]
INFO: [ app_begin ] --END-- [ RunTime:0.004561s ]
SQL: SHOW COLUMNS FROM `kq_student` [ RunTime:0.2540s ]
SQL: SELECT * FROM `kq_student`  [ RunTime:0.0006s ]

[ 2019-10-01T22:31:25+08:00 ] 127.0.0.1 /attendance_system/tp/Index.php/Home/Login/index
INFO: [ app_init ] --START--
INFO: Run Behavior\BuildLiteBehavior [ RunTime:0.000019s ]
INFO: [ app_init ] --END-- [ RunTime:0.001369s ]
INFO: [ app_begin ] --START--
INFO: Run Behavior\ReadHtmlCacheBehavior [ RunTime:0.006274s ]
INFO: [ app_begin ] --END-- [ RunTime:0.006388s ]
SQL: SHOW COLUMNS FROM `kq_student` [ RunTime:0.0148s ]
SQL: SELECT * FROM `kq_student`  [ RunTime:0.0005s ]

[ 2019-10-01T22:31:26+08:00 ] 127.0.0.1 /attendance_system/tp/Index.php/Home/Login/index
INFO: [ app_init ] --START--
INFO: Run Behavior\BuildLiteBehavior [ RunTime:0.000013s ]
INFO: [ app_init ] --END-- [ RunTime:0.000758s ]
INFO: [ app_begin ] --START--
INFO: Run Behavior\ReadHtmlCacheBehavior [ RunTime:0.004659s ]
INFO: [ app_begin ] --END-- [ RunTime:0.004732s ]
SQL: SHOW COLUMNS FROM `kq_student` [ RunTime:0.0223s ]
SQL: SELECT * FROM `kq_student`  [ RunTime:0.0003s ]

[ 2019-10-01T22:31:35+08:00 ] 127.0.0.1 /attendance_system/tp/Index.php/Home/Login/index
INFO: [ app_init ] --START--
INFO: Run Behavior\BuildLiteBehavior [ RunTime:0.000013s ]
INFO: [ app_init ] --END-- [ RunTime:0.000723s ]
INFO: [ app_begin ] --START--
INFO: Run Behavior\ReadHtmlCacheBehavior [ RunTime:0.003437s ]
INFO: [ app_begin ] --END-- [ RunTime:0.003502s ]
SQL: SHOW COLUMNS FROM `kq_student` [ RunTime:0.0475s ]
SQL: SELECT * FROM `kq_student`  [ RunTime:0.0004s ]

[ 2019-10-01T22:31:40+08:00 ] 127.0.0.1 /attendance_system/tp/Index.php/Home/Login/index
INFO: [ app_init ] --START--
INFO: Run Behavior\BuildLiteBehavior [ RunTime:0.000012s ]
INFO: [ app_init ] --END-- [ RunTime:0.000718s ]
INFO: [ app_begin ] --START--
INFO: Run Behavior\ReadHtmlCacheBehavior [ RunTime:0.003512s ]
INFO: [ app_begin ] --END-- [ RunTime:0.003592s ]
SQL: SHOW COLUMNS FROM `kq_student` [ RunTime:0.0482s ]
SQL: SELECT * FROM `kq_student`  [ RunTime:0.0004s ]

[ 2019-10-01T22:31:57+08:00 ] 127.0.0.1 /attendance_system/tp/Index.php/Home/Login/index
INFO: [ app_init ] --START--
INFO: Run Behavior\BuildLiteBehavior [ RunTime:0.000013s ]
INFO: [ app_init ] --END-- [ RunTime:0.000793s ]
INFO: [ app_begin ] --START--
INFO: Run Behavior\ReadHtmlCacheBehavior [ RunTime:0.005865s ]
INFO: [ app_begin ] --END-- [ RunTime:0.005975s ]
SQL: SHOW COLUMNS FROM `kq_student` [ RunTime:0.0021s ]
SQL: SELECT * FROM `kq_student`  [ RunTime:0.0004s ]

[ 2019-10-01T22:32:02+08:00 ] 127.0.0.1 /attendance_system/tp/Index.php/Home/Login/index
INFO: [ app_init ] --START--
INFO: Run Behavior\BuildLiteBehavior [ RunTime:0.000012s ]
INFO: [ app_init ] --END-- [ RunTime:0.000733s ]
INFO: [ app_begin ] --START--
INFO: Run Behavior\ReadHtmlCacheBehavior [ RunTime:0.003145s ]
INFO: [ app_begin ] --END-- [ RunTime:0.003204s ]
SQL: SHOW COLUMNS FROM `kq_student` [ RunTime:0.0019s ]
SQL: SELECT * FROM `kq_student`  [ RunTime:0.0004s ]

